[ 2017-09-07T08:26:52+08:00 ] ::1 /php/360buy/
INFO: [ app_init ] --START--
INFO: Run Behavior\BuildLiteBehavior [ RunTime:0.000000s ]
INFO: [ app_init ] --END-- [ RunTime:0.468001s ]
INFO: [ app_begin ] --START--
INFO: Run Behavior\ReadHtmlCacheBehavior [ RunTime:0.015600s ]
INFO: [ app_begin ] --END-- [ RunTime:0.015600s ]
INFO: [ view_parse ] --START--
INFO: [ template_filter ] --START--
INFO: Run Behavior\ContentReplaceBehavior [ RunTime:0.000000s ]
INFO: [ template_filter ] --END-- [ RunTime:0.000000s ]
NOTIC: [8] Use of undefined constant index - assumed 'index' E:\www\php\360buy\application\Runtime\Cache\Home\0e9f9964b50249c273d1dbef3ee7dd51.php 第 256 行.
NOTIC: [8] Use of undefined constant category1 - assumed 'category1' E:\www\php\360buy\application\Runtime\Cache\Home\0e9f9964b50249c273d1dbef3ee7dd51.php 第 259 行.
NOTIC: [8] Use of undefined constant auction - assumed 'auction' E:\www\php\360buy\application\Runtime\Cache\Home\0e9f9964b50249c273d1dbef3ee7dd51.php 第 262 行.
NOTIC: [8] Use of undefined constant Diy - assumed 'Diy' E:\www\php\360buy\application\Runtime\Cache\Home\0e9f9964b50249c273d1dbef3ee7dd51.php 第 265 行.
NOTIC: [8] Use of undefined constant Message - assumed 'Message' E:\www\php\360buy\application\Runtime\Cache\Home\0e9f9964b50249c273d1dbef3ee7dd51.php 第 268 行.
NOTIC: [8] Use of undefined constant category2 - assumed 'category2' E:\www\php\360buy\application\Runtime\Cache\Home\0e9f9964b50249c273d1dbef3ee7dd51.php 第 271 行.
NOTIC: [8] Use of undefined constant category3 - assumed 'category3' E:\www\php\360buy\application\Runtime\Cache\Home\0e9f9964b50249c273d1dbef3ee7dd51.php 第 274 行.
INFO: Run Behavior\ParseTemplateBehavior [ RunTime:0.405601s ]
INFO: [ view_parse ] --END-- [ RunTime:0.405601s ]
INFO: [ view_filter ] --START--
INFO: Run Behavior\WriteHtmlCacheBehavior [ RunTime:0.000000s ]
INFO: [ view_filter ] --END-- [ RunTime:0.000000s ]
INFO: [ app_end ] --START--
INFO: Run Behavior\ShowPageTraceBehavior [ RunTime:0.000000s ]
INFO: [ app_end ] --END-- [ RunTime:0.000000s ]

[ 2017-09-07T08:27:02+08:00 ] ::1 /php/360buy/index.php/Category/index/id/1
INFO: [ app_init ] --START--
INFO: Run Behavior\BuildLiteBehavior [ RunTime:0.000000s ]
INFO: [ app_init ] --END-- [ RunTime:0.015600s ]
INFO: [ app_begin ] --START--
INFO: Run Behavior\ReadHtmlCacheBehavior [ RunTime:0.000000s ]
INFO: [ app_begin ] --END-- [ RunTime:0.000000s ]
INFO: [ view_parse ] --START--
INFO: [ template_filter ] --START--
INFO: Run Behavior\ContentReplaceBehavior [ RunTime:0.000000s ]
INFO: [ template_filter ] --END-- [ RunTime:0.000000s ]
NOTIC: [8] Use of undefined constant index - assumed 'index' E:\www\php\360buy\application\Runtime\Cache\Home\56ece5756b1d63f72922b36f9e05a4d6.php 第 128 行.
NOTIC: [8] Use of undefined constant category1 - assumed 'category1' E:\www\php\360buy\application\Runtime\Cache\Home\56ece5756b1d63f72922b36f9e05a4d6.php 第 131 行.
NOTIC: [8] Use of undefined constant auction - assumed 'auction' E:\www\php\360buy\application\Runtime\Cache\Home\56ece5756b1d63f72922b36f9e05a4d6.php 第 134 行.
NOTIC: [8] Use of undefined constant Diy - assumed 'Diy' E:\www\php\360buy\application\Runtime\Cache\Home\56ece5756b1d63f72922b36f9e05a4d6.php 第 137 行.
NOTIC: [8] Use of undefined constant Message - assumed 'Message' E:\www\php\360buy\application\Runtime\Cache\Home\56ece5756b1d63f72922b36f9e05a4d6.php 第 140 行.
NOTIC: [8] Use of undefined constant category2 - assumed 'category2' E:\www\php\360buy\application\Runtime\Cache\Home\56ece5756b1d63f72922b36f9e05a4d6.php 第 143 行.
NOTIC: [8] Use of undefined constant category3 - assumed 'category3' E:\www\php\360buy\application\Runtime\Cache\Home\56ece5756b1d63f72922b36f9e05a4d6.php 第 146 行.
INFO: Run Behavior\ParseTemplateBehavior [ RunTime:0.015600s ]
INFO: [ view_parse ] --END-- [ RunTime:0.015600s ]
INFO: [ view_filter ] --START--
INFO: Run Behavior\WriteHtmlCacheBehavior [ RunTime:0.000000s ]
INFO: [ view_filter ] --END-- [ RunTime:0.000000s ]
INFO: [ app_end ] --START--
INFO: Run Behavior\ShowPageTraceBehavior [ RunTime:0.000000s ]
INFO: [ app_end ] --END-- [ RunTime:0.000000s ]

[ 2017-09-07T08:27:03+08:00 ] ::1 /php/360buy/index.php/Auction/index
INFO: [ app_init ] --START--
INFO: Run Behavior\BuildLiteBehavior [ RunTime:0.000000s ]
INFO: [ app_init ] --END-- [ RunTime:0.000000s ]
INFO: [ app_begin ] --START--
INFO: Run Behavior\ReadHtmlCacheBehavior [ RunTime:0.015600s ]
INFO: [ app_begin ] --END-- [ RunTime:0.015600s ]
INFO: [ view_parse ] --START--
INFO: [ template_filter ] --START--
INFO: Run Behavior\ContentReplaceBehavior [ RunTime:0.000000s ]
INFO: [ template_filter ] --END-- [ RunTime:0.000000s ]
NOTIC: [8] Use of undefined constant index - assumed 'index' E:\www\php\360buy\application\Runtime\Cache\Home\1fe99eff4edbc732d865dffef32db8a6.php 第 89 行.
NOTIC: [8] Use of undefined constant category1 - assumed 'category1' E:\www\php\360buy\application\Runtime\Cache\Home\1fe99eff4edbc732d865dffef32db8a6.php 第 92 行.
NOTIC: [8] Use of undefined constant auction - assumed 'auction' E:\www\php\360buy\application\Runtime\Cache\Home\1fe99eff4edbc732d865dffef32db8a6.php 第 95 行.
NOTIC: [8] Use of undefined constant Diy - assumed 'Diy' E:\www\php\360buy\application\Runtime\Cache\Home\1fe99eff4edbc732d865dffef32db8a6.php 第 98 行.
NOTIC: [8] Use of undefined constant Message - assumed 'Message' E:\www\php\360buy\application\Runtime\Cache\Home\1fe99eff4edbc732d865dffef32db8a6.php 第 101 行.
NOTIC: [8] Use of undefined constant category2 - assumed 'category2' E:\www\php\360buy\application\Runtime\Cache\Home\1fe99eff4edbc732d865dffef32db8a6.php 第 104 行.
NOTIC: [8] Use of undefined constant category3 - assumed 'category3' E:\www\php\360buy\application\Runtime\Cache\Home\1fe99eff4edbc732d865dffef32db8a6.php 第 107 行.
INFO: Run Behavior\ParseTemplateBehavior [ RunTime:0.015600s ]
INFO: [ view_parse ] --END-- [ RunTime:0.015600s ]
INFO: [ view_filter ] --START--
INFO: Run Behavior\WriteHtmlCacheBehavior [ RunTime:0.000000s ]
INFO: [ view_filter ] --END-- [ RunTime:0.000000s ]
INFO: [ app_end ] --START--
INFO: Run Behavior\ShowPageTraceBehavior [ RunTime:0.000000s ]
INFO: [ app_end ] --END-- [ RunTime:0.000000s ]

[ 2017-09-07T08:27:06+08:00 ] ::1 /php/360buy/index.php/Diy/index
INFO: [ app_init ] --START--
INFO: Run Behavior\BuildLiteBehavior [ RunTime:0.000000s ]
INFO: [ app_init ] --END-- [ RunTime:0.000000s ]
INFO: [ app_begin ] --START--
INFO: Run Behavior\ReadHtmlCacheBehavior [ RunTime:0.000000s ]
INFO: [ app_begin ] --END-- [ RunTime:0.000000s ]
INFO: [ view_parse ] --START--
INFO: [ template_filter ] --START--
INFO: Run Behavior\ContentReplaceBehavior [ RunTime:0.000000s ]
INFO: [ template_filter ] --END-- [ RunTime:0.000000s ]
NOTIC: [8] Use of undefined constant index - assumed 'index' E:\www\php\360buy\application\Runtime\Cache\Home\76bdc43bcb12d73524c3f29e02904f3a.php 第 121 行.
NOTIC: [8] Use of undefined constant category1 - assumed 'category1' E:\www\php\360buy\application\Runtime\Cache\Home\76bdc43bcb12d73524c3f29e02904f3a.php 第 124 行.
NOTIC: [8] Use of undefined constant auction - assumed 'auction' E:\www\php\360buy\application\Runtime\Cache\Home\76bdc43bcb12d73524c3f29e02904f3a.php 第 127 行.
NOTIC: [8] Use of undefined constant Diy - assumed 'Diy' E:\www\php\360buy\application\Runtime\Cache\Home\76bdc43bcb12d73524c3f29e02904f3a.php 第 130 行.
NOTIC: [8] Use of undefined constant Message - assumed 'Message' E:\www\php\360buy\application\Runtime\Cache\Home\76bdc43bcb12d73524c3f29e02904f3a.php 第 133 行.
NOTIC: [8] Use of undefined constant category2 - assumed 'category2' E:\www\php\360buy\application\Runtime\Cache\Home\76bdc43bcb12d73524c3f29e02904f3a.php 第 136 行.
NOTIC: [8] Use of undefined constant category3 - assumed 'category3' E:\www\php\360buy\application\Runtime\Cache\Home\76bdc43bcb12d73524c3f29e02904f3a.php 第 139 行.
INFO: Run Behavior\ParseTemplateBehavior [ RunTime:0.015600s ]
INFO: [ view_parse ] --END-- [ RunTime:0.015600s ]
INFO: [ view_filter ] --START--
INFO: Run Behavior\WriteHtmlCacheBehavior [ RunTime:0.000000s ]
INFO: [ view_filter ] --END-- [ RunTime:0.000000s ]
INFO: [ app_end ] --START--
INFO: Run Behavior\ShowPageTraceBehavior [ RunTime:0.000000s ]
INFO: [ app_end ] --END-- [ RunTime:0.000000s ]

[ 2017-09-07T08:27:06+08:00 ] ::1 /php/360buy/index.php/Diy/themes/jindong/stye.css
INFO: [ app_init ] --START--
INFO: Run Behavior\BuildLiteBehavior [ RunTime:0.000000s ]
INFO: [ app_init ] --END-- [ RunTime:0.001000s ]
INFO: [ app_begin ] --START--
INFO: Run Behavior\ReadHtmlCacheBehavior [ RunTime:0.001000s ]
INFO: [ app_begin ] --END-- [ RunTime:0.001000s ]
ERR: 非法操作:themes

[ 2017-09-07T08:27:06+08:00 ] ::1 /php/360buy/index.php/Diy/diy
INFO: [ app_init ] --START--
INFO: Run Behavior\BuildLiteBehavior [ RunTime:0.000000s ]
INFO: [ app_init ] --END-- [ RunTime:0.001000s ]
INFO: [ app_begin ] --START--
INFO: Run Behavior\ReadHtmlCacheBehavior [ RunTime:0.002000s ]
INFO: [ app_begin ] --END-- [ RunTime:0.002000s ]
INFO: [ view_parse ] --START--
INFO: [ template_filter ] --START--
INFO: Run Behavior\ContentReplaceBehavior [ RunTime:0.000000s ]
INFO: [ template_filter ] --END-- [ RunTime:0.001000s ]
INFO: Run Behavior\ParseTemplateBehavior [ RunTime:0.019001s ]
INFO: [ view_parse ] --END-- [ RunTime:0.019001s ]
INFO: [ view_filter ] --START--
INFO: Run Behavior\WriteHtmlCacheBehavior [ RunTime:0.000000s ]
INFO: [ view_filter ] --END-- [ RunTime:0.000000s ]
INFO: [ app_end ] --START--
INFO: Run Behavior\ShowPageTraceBehavior [ RunTime:0.001000s ]
INFO: [ app_end ] --END-- [ RunTime:0.001000s ]

[ 2017-09-07T08:27:09+08:00 ] ::1 /php/360buy/index.php/Category/index/id/1
INFO: [ app_init ] --START--
INFO: Run Behavior\BuildLiteBehavior [ RunTime:0.000000s ]
INFO: [ app_init ] --END-- [ RunTime:0.001000s ]
INFO: [ app_begin ] --START--
INFO: Run Behavior\ReadHtmlCacheBehavior [ RunTime:0.001000s ]
INFO: [ app_begin ] --END-- [ RunTime:0.001000s ]
INFO: [ view_parse ] --START--
INFO: [ template_filter ] --START--
INFO: Run Behavior\ContentReplaceBehavior [ RunTime:0.000000s ]
INFO: [ template_filter ] --END-- [ RunTime:0.000000s ]
NOTIC: [8] Use of undefined constant index - assumed 'index' E:\www\php\360buy\application\Runtime\Cache\Home\56ece5756b1d63f72922b36f9e05a4d6.php 第 128 行.
NOTIC: [8] Use of undefined constant category1 - assumed 'category1' E:\www\php\360buy\application\Runtime\Cache\Home\56ece5756b1d63f72922b36f9e05a4d6.php 第 131 行.
NOTIC: [8] Use of undefined constant auction - assumed 'auction' E:\www\php\360buy\application\Runtime\Cache\Home\56ece5756b1d63f72922b36f9e05a4d6.php 第 134 行.
NOTIC: [8] Use of undefined constant Diy - assumed 'Diy' E:\www\php\360buy\application\Runtime\Cache\Home\56ece5756b1d63f72922b36f9e05a4d6.php 第 137 行.
NOTIC: [8] Use of undefined constant Message - assumed 'Message' E:\www\php\360buy\application\Runtime\Cache\Home\56ece5756b1d63f72922b36f9e05a4d6.php 第 140 行.
NOTIC: [8] Use of undefined constant category2 - assumed 'category2' E:\www\php\360buy\application\Runtime\Cache\Home\56ece5756b1d63f72922b36f9e05a4d6.php 第 143 行.
NOTIC: [8] Use of undefined constant category3 - assumed 'category3' E:\www\php\360buy\application\Runtime\Cache\Home\56ece5756b1d63f72922b36f9e05a4d6.php 第 146 行.
INFO: Run Behavior\ParseTemplateBehavior [ RunTime:0.017001s ]
INFO: [ view_parse ] --END-- [ RunTime:0.017001s ]
INFO: [ view_filter ] --START--
INFO: Run Behavior\WriteHtmlCacheBehavior [ RunTime:0.000000s ]
INFO: [ view_filter ] --END-- [ RunTime:0.000000s ]
INFO: [ app_end ] --START--
INFO: Run Behavior\ShowPageTraceBehavior [ RunTime:0.000000s ]
INFO: [ app_end ] --END-- [ RunTime:0.000000s ]

[ 2017-09-07T08:27:10+08:00 ] ::1 /php/360buy/index.php/Auction/index
INFO: [ app_init ] --START--
INFO: Run Behavior\BuildLiteBehavior [ RunTime:0.000000s ]
INFO: [ app_init ] --END-- [ RunTime:0.001000s ]
INFO: [ app_begin ] --START--
INFO: Run Behavior\ReadHtmlCacheBehavior [ RunTime:0.001000s ]
INFO: [ app_begin ] --END-- [ RunTime:0.001000s ]
INFO: [ view_parse ] --START--
INFO: [ template_filter ] --START--
INFO: Run Behavior\ContentReplaceBehavior [ RunTime:0.000000s ]
INFO: [ template_filter ] --END-- [ RunTime:0.000000s ]
NOTIC: [8] Use of undefined constant index - assumed 'index' E:\www\php\360buy\application\Runtime\Cache\Home\1fe99eff4edbc732d865dffef32db8a6.php 第 89 行.
NOTIC: [8] Use of undefined constant category1 - assumed 'category1' E:\www\php\360buy\application\Runtime\Cache\Home\1fe99eff4edbc732d865dffef32db8a6.php 第 92 行.
NOTIC: [8] Use of undefined constant auction - assumed 'auction' E:\www\php\360buy\application\Runtime\Cache\Home\1fe99eff4edbc732d865dffef32db8a6.php 第 95 行.
NOTIC: [8] Use of undefined constant Diy - assumed 'Diy' E:\www\php\360buy\application\Runtime\Cache\Home\1fe99eff4edbc732d865dffef32db8a6.php 第 98 行.
NOTIC: [8] Use of undefined constant Message - assumed 'Message' E:\www\php\360buy\application\Runtime\Cache\Home\1fe99eff4edbc732d865dffef32db8a6.php 第 101 行.
NOTIC: [8] Use of undefined constant category2 - assumed 'category2' E:\www\php\360buy\application\Runtime\Cache\Home\1fe99eff4edbc732d865dffef32db8a6.php 第 104 行.
NOTIC: [8] Use of undefined constant category3 - assumed 'category3' E:\www\php\360buy\application\Runtime\Cache\Home\1fe99eff4edbc732d865dffef32db8a6.php 第 107 行.
INFO: Run Behavior\ParseTemplateBehavior [ RunTime:0.018001s ]
INFO: [ view_parse ] --END-- [ RunTime:0.018001s ]
INFO: [ view_filter ] --START--
INFO: Run Behavior\WriteHtmlCacheBehavior [ RunTime:0.000000s ]
INFO: [ view_filter ] --END-- [ RunTime:0.001000s ]
INFO: [ app_end ] --START--
INFO: Run Behavior\ShowPageTraceBehavior [ RunTime:0.001000s ]
INFO: [ app_end ] --END-- [ RunTime:0.001000s ]

[ 2017-09-07T08:27:11+08:00 ] ::1 /php/360buy/index.php/Diy/index
INFO: [ app_init ] --START--
INFO: Run Behavior\BuildLiteBehavior [ RunTime:0.000000s ]
INFO: [ app_init ] --END-- [ RunTime:0.000000s ]
INFO: [ app_begin ] --START--
INFO: Run Behavior\ReadHtmlCacheBehavior [ RunTime:0.000000s ]
INFO: [ app_begin ] --END-- [ RunTime:0.000000s ]
INFO: [ view_parse ] --START--
INFO: [ template_filter ] --START--
INFO: Run Behavior\ContentReplaceBehavior [ RunTime:0.000000s ]
INFO: [ template_filter ] --END-- [ RunTime:0.000000s ]
NOTIC: [8] Use of undefined constant index - assumed 'index' E:\www\php\360buy\application\Runtime\Cache\Home\76bdc43bcb12d73524c3f29e02904f3a.php 第 121 行.
NOTIC: [8] Use of undefined constant category1 - assumed 'category1' E:\www\php\360buy\application\Runtime\Cache\Home\76bdc43bcb12d73524c3f29e02904f3a.php 第 124 行.
NOTIC: [8] Use of undefined constant auction - assumed 'auction' E:\www\php\360buy\application\Runtime\Cache\Home\76bdc43bcb12d73524c3f29e02904f3a.php 第 127 行.
NOTIC: [8] Use of undefined constant Diy - assumed 'Diy' E:\www\php\360buy\application\Runtime\Cache\Home\76bdc43bcb12d73524c3f29e02904f3a.php 第 130 行.
NOTIC: [8] Use of undefined constant Message - assumed 'Message' E:\www\php\360buy\application\Runtime\Cache\Home\76bdc43bcb12d73524c3f29e02904f3a.php 第 133 行.
NOTIC: [8] Use of undefined constant category2 - assumed 'category2' E:\www\php\360buy\application\Runtime\Cache\Home\76bdc43bcb12d73524c3f29e02904f3a.php 第 136 行.
NOTIC: [8] Use of undefined constant category3 - assumed 'category3' E:\www\php\360buy\application\Runtime\Cache\Home\76bdc43bcb12d73524c3f29e02904f3a.php 第 139 行.
INFO: Run Behavior\ParseTemplateBehavior [ RunTime:0.017001s ]
INFO: [ view_parse ] --END-- [ RunTime:0.017001s ]
INFO: [ view_filter ] --START--
INFO: Run Behavior\WriteHtmlCacheBehavior [ RunTime:0.000000s ]
INFO: [ view_filter ] --END-- [ RunTime:0.000000s ]
INFO: [ app_end ] --START--
INFO: Run Behavior\ShowPageTraceBehavior [ RunTime:0.000000s ]
INFO: [ app_end ] --END-- [ RunTime:0.000000s ]

[ 2017-09-07T08:27:11+08:00 ] ::1 /php/360buy/index.php/Diy/themes/jindong/stye.css
INFO: [ app_init ] --START--
INFO: Run Behavior\BuildLiteBehavior [ RunTime:0.000000s ]
INFO: [ app_init ] --END-- [ RunTime:0.000000s ]
INFO: [ app_begin ] --START--
INFO: Run Behavior\ReadHtmlCacheBehavior [ RunTime:0.001000s ]
INFO: [ app_begin ] --END-- [ RunTime:0.001000s ]
ERR: 非法操作:themes

[ 2017-09-07T08:27:11+08:00 ] ::1 /php/360buy/index.php/Diy/diy
INFO: [ app_init ] --START--
INFO: Run Behavior\BuildLiteBehavior [ RunTime:0.000000s ]
INFO: [ app_init ] --END-- [ RunTime:0.001000s ]
INFO: [ app_begin ] --START--
INFO: Run Behavior\ReadHtmlCacheBehavior [ RunTime:0.001000s ]
INFO: [ app_begin ] --END-- [ RunTime:0.001000s ]
INFO: [ view_parse ] --START--
INFO: [ template_filter ] --START--
INFO: Run Behavior\ContentReplaceBehavior [ RunTime:0.001000s ]
INFO: [ template_filter ] --END-- [ RunTime:0.001000s ]
INFO: Run Behavior\ParseTemplateBehavior [ RunTime:0.013001s ]
INFO: [ view_parse ] --END-- [ RunTime:0.013001s ]
INFO: [ view_filter ] --START--
INFO: Run Behavior\WriteHtmlCacheBehavior [ RunTime:0.000000s ]
INFO: [ view_filter ] --END-- [ RunTime:0.000000s ]
INFO: [ app_end ] --START--
INFO: Run Behavior\ShowPageTraceBehavior [ RunTime:0.001000s ]
INFO: [ app_end ] --END-- [ RunTime:0.002000s ]

[ 2017-09-07T08:27:11+08:00 ] ::1 /php/360buy/index.php/Message/index
INFO: [ app_init ] --START--
INFO: Run Behavior\BuildLiteBehavior [ RunTime:0.000000s ]
INFO: [ app_init ] --END-- [ RunTime:0.000000s ]
INFO: [ app_begin ] --START--
INFO: Run Behavior\ReadHtmlCacheBehavior [ RunTime:0.000000s ]
INFO: [ app_begin ] --END-- [ RunTime:0.000000s ]
INFO: [ view_parse ] --START--
INFO: [ template_filter ] --START--
INFO: Run Behavior\ContentReplaceBehavior [ RunTime:0.000000s ]
INFO: [ template_filter ] --END-- [ RunTime:0.000000s ]
NOTIC: [8] Use of undefined constant index - assumed 'index' E:\www\php\360buy\application\Runtime\Cache\Home\77f804cf1019937b761af319521ff867.php 第 154 行.
NOTIC: [8] Use of undefined constant category1 - assumed 'category1' E:\www\php\360buy\application\Runtime\Cache\Home\77f804cf1019937b761af319521ff867.php 第 157 行.
NOTIC: [8] Use of undefined constant auction - assumed 'auction' E:\www\php\360buy\application\Runtime\Cache\Home\77f804cf1019937b761af319521ff867.php 第 160 行.
NOTIC: [8] Use of undefined constant Diy - assumed 'Diy' E:\www\php\360buy\application\Runtime\Cache\Home\77f804cf1019937b761af319521ff867.php 第 163 行.
NOTIC: [8] Use of undefined constant Message - assumed 'Message' E:\www\php\360buy\application\Runtime\Cache\Home\77f804cf1019937b761af319521ff867.php 第 166 行.
NOTIC: [8] Use of undefined constant category2 - assumed 'category2' E:\www\php\360buy\application\Runtime\Cache\Home\77f804cf1019937b761af319521ff867.php 第 169 行.
NOTIC: [8] Use of undefined constant category3 - assumed 'category3' E:\www\php\360buy\application\Runtime\Cache\Home\77f804cf1019937b761af319521ff867.php 第 172 行.
INFO: Run Behavior\ParseTemplateBehavior [ RunTime:0.015600s ]
INFO: [ view_parse ] --END-- [ RunTime:0.031200s ]
INFO: [ view_filter ] --START--
INFO: Run Behavior\WriteHtmlCacheBehavior [ RunTime:0.000000s ]
INFO: [ view_filter ] --END-- [ RunTime:0.000000s ]
INFO: [ app_end ] --START--
INFO: Run Behavior\ShowPageTraceBehavior [ RunTime:0.000000s ]
INFO: [ app_end ] --END-- [ RunTime:0.000000s ]

[ 2017-09-07T08:27:12+08:00 ] ::1 /php/360buy/index.php/Message/js/common.js
INFO: [ app_init ] --START--
INFO: Run Behavior\BuildLiteBehavior [ RunTime:0.000000s ]
INFO: [ app_init ] --END-- [ RunTime:0.000000s ]
INFO: [ app_begin ] --START--
INFO: Run Behavior\ReadHtmlCacheBehavior [ RunTime:0.000000s ]
INFO: [ app_begin ] --END-- [ RunTime:0.000000s ]
ERR: 非法操作:js

[ 2017-09-07T08:27:13+08:00 ] ::1 /php/360buy/index.php/Category/index/id/2
INFO: [ app_init ] --START--
INFO: Run Behavior\BuildLiteBehavior [ RunTime:0.000000s ]
INFO: [ app_init ] --END-- [ RunTime:0.000000s ]
INFO: [ app_begin ] --START--
INFO: Run Behavior\ReadHtmlCacheBehavior [ RunTime:0.000000s ]
INFO: [ app_begin ] --END-- [ RunTime:0.000000s ]
INFO: [ view_parse ] --START--
INFO: [ template_filter ] --START--
INFO: Run Behavior\ContentReplaceBehavior [ RunTime:0.000000s ]
INFO: [ template_filter ] --END-- [ RunTime:0.000000s ]
NOTIC: [8] Use of undefined constant index - assumed 'index' E:\www\php\360buy\application\Runtime\Cache\Home\56ece5756b1d63f72922b36f9e05a4d6.php 第 128 行.
NOTIC: [8] Use of undefined constant category1 - assumed 'category1' E:\www\php\360buy\application\Runtime\Cache\Home\56ece5756b1d63f72922b36f9e05a4d6.php 第 131 行.
NOTIC: [8] Use of undefined constant auction - assumed 'auction' E:\www\php\360buy\application\Runtime\Cache\Home\56ece5756b1d63f72922b36f9e05a4d6.php 第 134 行.
NOTIC: [8] Use of undefined constant Diy - assumed 'Diy' E:\www\php\360buy\application\Runtime\Cache\Home\56ece5756b1d63f72922b36f9e05a4d6.php 第 137 行.
NOTIC: [8] Use of undefined constant Message - assumed 'Message' E:\www\php\360buy\application\Runtime\Cache\Home\56ece5756b1d63f72922b36f9e05a4d6.php 第 140 行.
NOTIC: [8] Use of undefined constant category2 - assumed 'category2' E:\www\php\360buy\application\Runtime\Cache\Home\56ece5756b1d63f72922b36f9e05a4d6.php 第 143 行.
NOTIC: [8] Use of undefined constant category3 - assumed 'category3' E:\www\php\360buy\application\Runtime\Cache\Home\56ece5756b1d63f72922b36f9e05a4d6.php 第 146 行.
INFO: Run Behavior\ParseTemplateBehavior [ RunTime:0.031200s ]
INFO: [ view_parse ] --END-- [ RunTime:0.031200s ]
INFO: [ view_filter ] --START--
INFO: Run Behavior\WriteHtmlCacheBehavior [ RunTime:0.000000s ]
INFO: [ view_filter ] --END-- [ RunTime:0.000000s ]
INFO: [ app_end ] --START--
INFO: Run Behavior\ShowPageTraceBehavior [ RunTime:0.000000s ]
INFO: [ app_end ] --END-- [ RunTime:0.000000s ]

[ 2017-09-07T08:27:14+08:00 ] ::1 /php/360buy/index.php/Category/index/id/3
INFO: [ app_init ] --START--
INFO: Run Behavior\BuildLiteBehavior [ RunTime:0.000000s ]
INFO: [ app_init ] --END-- [ RunTime:0.000000s ]
INFO: [ app_begin ] --START--
INFO: Run Behavior\ReadHtmlCacheBehavior [ RunTime:0.000000s ]
INFO: [ app_begin ] --END-- [ RunTime:0.015600s ]
INFO: [ view_parse ] --START--
INFO: [ template_filter ] --START--
INFO: Run Behavior\ContentReplaceBehavior [ RunTime:0.000000s ]
INFO: [ template_filter ] --END-- [ RunTime:0.000000s ]
NOTIC: [8] Use of undefined constant index - assumed 'index' E:\www\php\360buy\application\Runtime\Cache\Home\56ece5756b1d63f72922b36f9e05a4d6.php 第 128 行.
NOTIC: [8] Use of undefined constant category1 - assumed 'category1' E:\www\php\360buy\application\Runtime\Cache\Home\56ece5756b1d63f72922b36f9e05a4d6.php 第 131 行.
NOTIC: [8] Use of undefined constant auction - assumed 'auction' E:\www\php\360buy\application\Runtime\Cache\Home\56ece5756b1d63f72922b36f9e05a4d6.php 第 134 行.
NOTIC: [8] Use of undefined constant Diy - assumed 'Diy' E:\www\php\360buy\application\Runtime\Cache\Home\56ece5756b1d63f72922b36f9e05a4d6.php 第 137 行.
NOTIC: [8] Use of undefined constant Message - assumed 'Message' E:\www\php\360buy\application\Runtime\Cache\Home\56ece5756b1d63f72922b36f9e05a4d6.php 第 140 行.
NOTIC: [8] Use of undefined constant category2 - assumed 'category2' E:\www\php\360buy\application\Runtime\Cache\Home\56ece5756b1d63f72922b36f9e05a4d6.php 第 143 行.
NOTIC: [8] Use of undefined constant category3 - assumed 'category3' E:\www\php\360buy\application\Runtime\Cache\Home\56ece5756b1d63f72922b36f9e05a4d6.php 第 146 行.
INFO: Run Behavior\ParseTemplateBehavior [ RunTime:0.015600s ]
INFO: [ view_parse ] --END-- [ RunTime:0.015600s ]
INFO: [ view_filter ] --START--
INFO: Run Behavior\WriteHtmlCacheBehavior [ RunTime:0.000000s ]
INFO: [ view_filter ] --END-- [ RunTime:0.000000s ]
INFO: [ app_end ] --START--
INFO: Run Behavior\ShowPageTraceBehavior [ RunTime:0.000000s ]
INFO: [ app_end ] --END-- [ RunTime:0.000000s ]

[ 2017-09-07T08:27:21+08:00 ] ::1 /php/360buy/index.php/Index/index
INFO: [ app_init ] --START--
INFO: Run Behavior\BuildLiteBehavior [ RunTime:0.000000s ]
INFO: [ app_init ] --END-- [ RunTime:0.000000s ]
INFO: [ app_begin ] --START--
INFO: Run Behavior\ReadHtmlCacheBehavior [ RunTime:0.000000s ]
INFO: [ app_begin ] --END-- [ RunTime:0.000000s ]
INFO: [ view_parse ] --START--
INFO: [ template_filter ] --START--
INFO: Run Behavior\ContentReplaceBehavior [ RunTime:0.000000s ]
INFO: [ template_filter ] --END-- [ RunTime:0.000000s ]
NOTIC: [8] Use of undefined constant index - assumed 'index' E:\www\php\360buy\application\Runtime\Cache\Home\0e9f9964b50249c273d1dbef3ee7dd51.php 第 256 行.
NOTIC: [8] Use of undefined constant category1 - assumed 'category1' E:\www\php\360buy\application\Runtime\Cache\Home\0e9f9964b50249c273d1dbef3ee7dd51.php 第 259 行.
NOTIC: [8] Use of undefined constant auction - assumed 'auction' E:\www\php\360buy\application\Runtime\Cache\Home\0e9f9964b50249c273d1dbef3ee7dd51.php 第 262 行.
NOTIC: [8] Use of undefined constant Diy - assumed 'Diy' E:\www\php\360buy\application\Runtime\Cache\Home\0e9f9964b50249c273d1dbef3ee7dd51.php 第 265 行.
NOTIC: [8] Use of undefined constant Message - assumed 'Message' E:\www\php\360buy\application\Runtime\Cache\Home\0e9f9964b50249c273d1dbef3ee7dd51.php 第 268 行.
NOTIC: [8] Use of undefined constant category2 - assumed 'category2' E:\www\php\360buy\application\Runtime\Cache\Home\0e9f9964b50249c273d1dbef3ee7dd51.php 第 271 行.
NOTIC: [8] Use of undefined constant category3 - assumed 'category3' E:\www\php\360buy\application\Runtime\Cache\Home\0e9f9964b50249c273d1dbef3ee7dd51.php 第 274 行.
INFO: Run Behavior\ParseTemplateBehavior [ RunTime:0.031200s ]
INFO: [ view_parse ] --END-- [ RunTime:0.031200s ]
INFO: [ view_filter ] --START--
INFO: Run Behavior\WriteHtmlCacheBehavior [ RunTime:0.000000s ]
INFO: [ view_filter ] --END-- [ RunTime:0.000000s ]
INFO: [ app_end ] --START--
INFO: Run Behavior\ShowPageTraceBehavior [ RunTime:0.000000s ]
INFO: [ app_end ] --END-- [ RunTime:0.000000s ]

[ 2017-09-07T08:27:25+08:00 ] ::1 /php/360buy/index.php/Index/category.php?id=355
INFO: [ app_init ] --START--
INFO: Run Behavior\BuildLiteBehavior [ RunTime:0.000000s ]
INFO: [ app_init ] --END-- [ RunTime:0.000000s ]
INFO: [ app_begin ] --START--
INFO: Run Behavior\ReadHtmlCacheBehavior [ RunTime:0.000000s ]
INFO: [ app_begin ] --END-- [ RunTime:0.000000s ]
ERR: 非法操作:category.php

