[ 2017-02-28T09:07:26+08:00 ] 127.0.0.1 /psd1611/16_ThinkPHP/Home/Test/save
INFO: [ app_init ] --START--
INFO: Run Behavior\BuildLiteBehavior [ RunTime:0.000013s ]
INFO: [ app_init ] --END-- [ RunTime:0.000336s ]
INFO: [ app_begin ] --START--
INFO: Run Behavior\ReadHtmlCacheBehavior [ RunTime:0.000427s ]
INFO: [ app_begin ] --END-- [ RunTime:0.000476s ]
NOTIC: [8] Undefined index: verify D:\www\psd1611\16_ThinkPHP\Application\Home\Controller\TestController.class.php 第 11 行.
INFO: [ view_parse ] --START--
INFO: [ template_filter ] --START--
INFO: Run Behavior\ContentReplaceBehavior [ RunTime:0.000044s ]
INFO: [ template_filter ] --END-- [ RunTime:0.000111s ]
INFO: Run Behavior\ParseTemplateBehavior [ RunTime:0.014732s ]
INFO: [ view_parse ] --END-- [ RunTime:0.014781s ]
INFO: [ view_filter ] --START--
INFO: Run Behavior\WriteHtmlCacheBehavior [ RunTime:0.000256s ]
INFO: [ view_filter ] --END-- [ RunTime:0.000299s ]

[ 2017-02-28T10:46:56+08:00 ] 127.0.0.1 /psd1611/16_ThinkPHP/
INFO: [ app_init ] --START--
INFO: Run Behavior\BuildLiteBehavior [ RunTime:0.000016s ]
INFO: [ app_init ] --END-- [ RunTime:0.000359s ]
INFO: [ app_begin ] --START--
INFO: Run Behavior\ReadHtmlCacheBehavior [ RunTime:0.000473s ]
INFO: [ app_begin ] --END-- [ RunTime:0.000518s ]
INFO: [ view_parse ] --START--
INFO: [ template_filter ] --START--
INFO: Run Behavior\ContentReplaceBehavior [ RunTime:0.000050s ]
INFO: [ template_filter ] --END-- [ RunTime:0.000104s ]
INFO: Run Behavior\ParseTemplateBehavior [ RunTime:0.004789s ]
INFO: [ view_parse ] --END-- [ RunTime:0.004829s ]
INFO: [ view_filter ] --START--
INFO: Run Behavior\WriteHtmlCacheBehavior [ RunTime:0.000205s ]
INFO: [ view_filter ] --END-- [ RunTime:0.000245s ]
INFO: [ app_end ] --START--
INFO: Run Behavior\ShowPageTraceBehavior [ RunTime:0.000573s ]
INFO: [ app_end ] --END-- [ RunTime:0.000616s ]

[ 2017-02-28T10:46:58+08:00 ] 127.0.0.1 /psd1611/16_ThinkPHP/Home/Uservip/reg
INFO: [ app_init ] --START--
INFO: Run Behavior\BuildLiteBehavior [ RunTime:0.000012s ]
INFO: [ app_init ] --END-- [ RunTime:0.000228s ]
INFO: [ app_begin ] --START--
INFO: Run Behavior\ReadHtmlCacheBehavior [ RunTime:0.000459s ]
INFO: [ app_begin ] --END-- [ RunTime:0.000512s ]
ERR: Think\Controller:diplay方法不存在！

[ 2017-02-28T10:47:07+08:00 ] 127.0.0.1 /psd1611/16_ThinkPHP/Home/Uservip/reg
INFO: [ app_init ] --START--
INFO: Run Behavior\BuildLiteBehavior [ RunTime:0.000011s ]
INFO: [ app_init ] --END-- [ RunTime:0.000229s ]
INFO: [ app_begin ] --START--
INFO: Run Behavior\ReadHtmlCacheBehavior [ RunTime:0.000340s ]
INFO: [ app_begin ] --END-- [ RunTime:0.000373s ]
INFO: [ view_parse ] --START--
INFO: [ template_filter ] --START--
INFO: Run Behavior\ContentReplaceBehavior [ RunTime:0.000025s ]
INFO: [ template_filter ] --END-- [ RunTime:0.000059s ]
INFO: Run Behavior\ParseTemplateBehavior [ RunTime:0.003949s ]
INFO: [ view_parse ] --END-- [ RunTime:0.003980s ]
INFO: [ view_filter ] --START--
INFO: Run Behavior\WriteHtmlCacheBehavior [ RunTime:0.000113s ]
INFO: [ view_filter ] --END-- [ RunTime:0.000140s ]
INFO: [ app_end ] --START--
INFO: Run Behavior\ShowPageTraceBehavior [ RunTime:0.000388s ]
INFO: [ app_end ] --END-- [ RunTime:0.000415s ]

[ 2017-02-28T10:47:28+08:00 ] 127.0.0.1 /psd1611/16_ThinkPHP/Home/Uservip/reg
INFO: [ app_init ] --START--
INFO: Run Behavior\BuildLiteBehavior [ RunTime:0.000013s ]
INFO: [ app_init ] --END-- [ RunTime:0.000293s ]
INFO: [ app_begin ] --START--
INFO: Run Behavior\ReadHtmlCacheBehavior [ RunTime:0.000478s ]
INFO: [ app_begin ] --END-- [ RunTime:0.000528s ]
INFO: [ view_parse ] --START--
INFO: [ template_filter ] --START--
INFO: Run Behavior\ContentReplaceBehavior [ RunTime:0.000027s ]
INFO: [ template_filter ] --END-- [ RunTime:0.000062s ]
INFO: Run Behavior\ParseTemplateBehavior [ RunTime:0.004022s ]
INFO: [ view_parse ] --END-- [ RunTime:0.004061s ]
INFO: [ view_filter ] --START--
INFO: Run Behavior\WriteHtmlCacheBehavior [ RunTime:0.000120s ]
INFO: [ view_filter ] --END-- [ RunTime:0.000149s ]
INFO: [ app_end ] --START--
INFO: Run Behavior\ShowPageTraceBehavior [ RunTime:0.000399s ]
INFO: [ app_end ] --END-- [ RunTime:0.000428s ]

[ 2017-02-28T10:59:25+08:00 ] 127.0.0.1 /psd1611/16_ThinkPHP/Home/Uservip/reg
INFO: [ app_init ] --START--
INFO: Run Behavior\BuildLiteBehavior [ RunTime:0.000012s ]
INFO: [ app_init ] --END-- [ RunTime:0.000254s ]
INFO: [ app_begin ] --START--
INFO: Run Behavior\ReadHtmlCacheBehavior [ RunTime:0.000386s ]
INFO: [ app_begin ] --END-- [ RunTime:0.000420s ]
SQL: SHOW COLUMNS FROM `uservip` [ RunTime:0.0010s ]
INFO: [ app_end ] --START--
INFO: Run Behavior\ShowPageTraceBehavior [ RunTime:0.000471s ]
INFO: [ app_end ] --END-- [ RunTime:0.000509s ]

[ 2017-02-28T11:01:47+08:00 ] 127.0.0.1 /psd1611/16_ThinkPHP/Home/Uservip/reg
INFO: [ app_init ] --START--
INFO: Run Behavior\BuildLiteBehavior [ RunTime:0.000014s ]
INFO: [ app_init ] --END-- [ RunTime:0.000301s ]
INFO: [ app_begin ] --START--
INFO: Run Behavior\ReadHtmlCacheBehavior [ RunTime:0.000428s ]
INFO: [ app_begin ] --END-- [ RunTime:0.000468s ]
INFO: [ view_parse ] --START--
INFO: [ template_filter ] --START--
INFO: Run Behavior\ContentReplaceBehavior [ RunTime:0.000026s ]
INFO: [ template_filter ] --END-- [ RunTime:0.000060s ]
INFO: Run Behavior\ParseTemplateBehavior [ RunTime:0.004039s ]
INFO: [ view_parse ] --END-- [ RunTime:0.004072s ]
INFO: [ view_filter ] --START--
INFO: Run Behavior\WriteHtmlCacheBehavior [ RunTime:0.000145s ]
INFO: [ view_filter ] --END-- [ RunTime:0.000173s ]
INFO: [ app_end ] --START--
INFO: Run Behavior\ShowPageTraceBehavior [ RunTime:0.000403s ]
INFO: [ app_end ] --END-- [ RunTime:0.000433s ]

[ 2017-02-28T11:02:18+08:00 ] 127.0.0.1 /psd1611/16_ThinkPHP/Home/Uservip/reg
INFO: [ app_init ] --START--
INFO: Run Behavior\BuildLiteBehavior [ RunTime:0.000011s ]
INFO: [ app_init ] --END-- [ RunTime:0.000236s ]
INFO: [ app_begin ] --START--
INFO: Run Behavior\ReadHtmlCacheBehavior [ RunTime:0.000334s ]
INFO: [ app_begin ] --END-- [ RunTime:0.000368s ]
SQL: SHOW COLUMNS FROM `uservip` [ RunTime:0.0011s ]
NOTIC: [8] Undefined index: validate D:\www\psd1611\16_ThinkPHP\ThinkPHP\Library\Think\Model.class.php 第 1185 行.
NOTIC: [8] Undefined index: auto D:\www\psd1611\16_ThinkPHP\ThinkPHP\Library\Think\Model.class.php 第 1128 行.
SQL: INSERT INTO `uservip` (`username`,`password`,`email`,`age`,`phone`) VALUES ('xiaowang','123456','xiaowang@163.com','88','13838385438') [ RunTime:0.0158s ]
INFO: [ view_parse ] --START--
INFO: [ template_filter ] --START--
INFO: Run Behavior\ContentReplaceBehavior [ RunTime:0.000029s ]
INFO: [ template_filter ] --END-- [ RunTime:0.000066s ]
INFO: Run Behavior\ParseTemplateBehavior [ RunTime:0.004212s ]
INFO: [ view_parse ] --END-- [ RunTime:0.004251s ]
INFO: [ view_filter ] --START--
INFO: Run Behavior\WriteHtmlCacheBehavior [ RunTime:0.000120s ]
INFO: [ view_filter ] --END-- [ RunTime:0.000149s ]
INFO: [ app_end ] --START--
INFO: Run Behavior\ShowPageTraceBehavior [ RunTime:0.000410s ]
INFO: [ app_end ] --END-- [ RunTime:0.000441s ]

[ 2017-02-28T11:02:19+08:00 ] 127.0.0.1 /psd1611/16_ThinkPHP/Home/Index/index.html
INFO: [ app_init ] --START--
INFO: Run Behavior\BuildLiteBehavior [ RunTime:0.000013s ]
INFO: [ app_init ] --END-- [ RunTime:0.000244s ]
INFO: [ app_begin ] --START--
INFO: Run Behavior\ReadHtmlCacheBehavior [ RunTime:0.000351s ]
INFO: [ app_begin ] --END-- [ RunTime:0.000385s ]
INFO: [ view_parse ] --START--
INFO: [ template_filter ] --START--
INFO: Run Behavior\ContentReplaceBehavior [ RunTime:0.000035s ]
INFO: [ template_filter ] --END-- [ RunTime:0.000069s ]
INFO: Run Behavior\ParseTemplateBehavior [ RunTime:0.003907s ]
INFO: [ view_parse ] --END-- [ RunTime:0.003945s ]
INFO: [ view_filter ] --START--
INFO: Run Behavior\WriteHtmlCacheBehavior [ RunTime:0.000121s ]
INFO: [ view_filter ] --END-- [ RunTime:0.000150s ]
INFO: [ app_end ] --START--
INFO: Run Behavior\ShowPageTraceBehavior [ RunTime:0.000419s ]
INFO: [ app_end ] --END-- [ RunTime:0.000449s ]

[ 2017-02-28T11:02:36+08:00 ] 127.0.0.1 /psd1611/16_ThinkPHP/Home/Uservip/reg
INFO: [ app_init ] --START--
INFO: Run Behavior\BuildLiteBehavior [ RunTime:0.000012s ]
INFO: [ app_init ] --END-- [ RunTime:0.000244s ]
INFO: [ app_begin ] --START--
INFO: Run Behavior\ReadHtmlCacheBehavior [ RunTime:0.000569s ]
INFO: [ app_begin ] --END-- [ RunTime:0.000622s ]
INFO: [ view_parse ] --START--
INFO: [ template_filter ] --START--
INFO: Run Behavior\ContentReplaceBehavior [ RunTime:0.000032s ]
INFO: [ template_filter ] --END-- [ RunTime:0.000085s ]
INFO: Run Behavior\ParseTemplateBehavior [ RunTime:0.004931s ]
INFO: [ view_parse ] --END-- [ RunTime:0.004966s ]
INFO: [ view_filter ] --START--
INFO: Run Behavior\WriteHtmlCacheBehavior [ RunTime:0.000134s ]
INFO: [ view_filter ] --END-- [ RunTime:0.000161s ]
INFO: [ app_end ] --START--
INFO: Run Behavior\ShowPageTraceBehavior [ RunTime:0.000436s ]
INFO: [ app_end ] --END-- [ RunTime:0.000467s ]

[ 2017-02-28T11:35:40+08:00 ] 127.0.0.1 /psd1611/16_ThinkPHP/Home/Uservip/reg
INFO: [ app_init ] --START--
INFO: Run Behavior\BuildLiteBehavior [ RunTime:0.000011s ]
INFO: [ app_init ] --END-- [ RunTime:0.000261s ]
INFO: [ app_begin ] --START--
INFO: Run Behavior\ReadHtmlCacheBehavior [ RunTime:0.000380s ]
INFO: [ app_begin ] --END-- [ RunTime:0.000416s ]
SQL: SHOW COLUMNS FROM `uservip` [ RunTime:0.0010s ]
NOTIC: [8] Undefined index: validate D:\www\psd1611\16_ThinkPHP\ThinkPHP\Library\Think\Model.class.php 第 1185 行.
SQL: SELECT * FROM `uservip` WHERE `username` = 'xiaowang' LIMIT 1   [ RunTime:0.0002s ]
INFO: [ app_end ] --START--
INFO: Run Behavior\ShowPageTraceBehavior [ RunTime:0.000497s ]
INFO: [ app_end ] --END-- [ RunTime:0.000530s ]

[ 2017-02-28T11:36:21+08:00 ] 127.0.0.1 /psd1611/16_ThinkPHP/Home/Uservip/reg
INFO: [ app_init ] --START--
INFO: Run Behavior\BuildLiteBehavior [ RunTime:0.000012s ]
INFO: [ app_init ] --END-- [ RunTime:0.000270s ]
INFO: [ app_begin ] --START--
INFO: Run Behavior\ReadHtmlCacheBehavior [ RunTime:0.000337s ]
INFO: [ app_begin ] --END-- [ RunTime:0.000373s ]
SQL: SHOW COLUMNS FROM `uservip` [ RunTime:0.0010s ]
NOTIC: [8] Undefined index: validate D:\www\psd1611\16_ThinkPHP\ThinkPHP\Library\Think\Model.class.php 第 1185 行.
SQL: SELECT * FROM `uservip` WHERE `username` = 'xiaowang' LIMIT 1   [ RunTime:0.0003s ]
INFO: [ view_parse ] --START--
INFO: [ template_filter ] --START--
INFO: Run Behavior\ContentReplaceBehavior [ RunTime:0.000028s ]
INFO: [ template_filter ] --END-- [ RunTime:0.000063s ]
INFO: Run Behavior\ParseTemplateBehavior [ RunTime:0.004231s ]
INFO: [ view_parse ] --END-- [ RunTime:0.004271s ]
INFO: [ view_filter ] --START--
INFO: Run Behavior\WriteHtmlCacheBehavior [ RunTime:0.000148s ]
INFO: [ view_filter ] --END-- [ RunTime:0.000182s ]

[ 2017-02-28T11:36:24+08:00 ] 127.0.0.1 /psd1611/16_ThinkPHP/Home/Uservip/reg.html
INFO: [ app_init ] --START--
INFO: Run Behavior\BuildLiteBehavior [ RunTime:0.000012s ]
INFO: [ app_init ] --END-- [ RunTime:0.000235s ]
INFO: [ app_begin ] --START--
INFO: Run Behavior\ReadHtmlCacheBehavior [ RunTime:0.000345s ]
INFO: [ app_begin ] --END-- [ RunTime:0.000380s ]
INFO: [ view_parse ] --START--
INFO: [ template_filter ] --START--
INFO: Run Behavior\ContentReplaceBehavior [ RunTime:0.000031s ]
INFO: [ template_filter ] --END-- [ RunTime:0.000080s ]
INFO: Run Behavior\ParseTemplateBehavior [ RunTime:0.005313s ]
INFO: [ view_parse ] --END-- [ RunTime:0.005353s ]
INFO: [ view_filter ] --START--
INFO: Run Behavior\WriteHtmlCacheBehavior [ RunTime:0.000137s ]
INFO: [ view_filter ] --END-- [ RunTime:0.000167s ]
INFO: [ app_end ] --START--
INFO: Run Behavior\ShowPageTraceBehavior [ RunTime:0.000588s ]
INFO: [ app_end ] --END-- [ RunTime:0.000634s ]

[ 2017-02-28T11:36:32+08:00 ] 127.0.0.1 /psd1611/16_ThinkPHP/Home/Uservip/reg
INFO: [ app_init ] --START--
INFO: Run Behavior\BuildLiteBehavior [ RunTime:0.000011s ]
INFO: [ app_init ] --END-- [ RunTime:0.000228s ]
INFO: [ app_begin ] --START--
INFO: Run Behavior\ReadHtmlCacheBehavior [ RunTime:0.000395s ]
INFO: [ app_begin ] --END-- [ RunTime:0.000430s ]
SQL: SHOW COLUMNS FROM `uservip` [ RunTime:0.0009s ]
NOTIC: [8] Undefined index: validate D:\www\psd1611\16_ThinkPHP\ThinkPHP\Library\Think\Model.class.php 第 1185 行.
INFO: [ view_parse ] --START--
INFO: [ template_filter ] --START--
INFO: Run Behavior\ContentReplaceBehavior [ RunTime:0.000029s ]
INFO: [ template_filter ] --END-- [ RunTime:0.000066s ]
INFO: Run Behavior\ParseTemplateBehavior [ RunTime:0.004104s ]
INFO: [ view_parse ] --END-- [ RunTime:0.004140s ]
INFO: [ view_filter ] --START--
INFO: Run Behavior\WriteHtmlCacheBehavior [ RunTime:0.000114s ]
INFO: [ view_filter ] --END-- [ RunTime:0.000141s ]

[ 2017-02-28T11:36:35+08:00 ] 127.0.0.1 /psd1611/16_ThinkPHP/Home/Uservip/reg.html
INFO: [ app_init ] --START--
INFO: Run Behavior\BuildLiteBehavior [ RunTime:0.000010s ]
INFO: [ app_init ] --END-- [ RunTime:0.000221s ]
INFO: [ app_begin ] --START--
INFO: Run Behavior\ReadHtmlCacheBehavior [ RunTime:0.000370s ]
INFO: [ app_begin ] --END-- [ RunTime:0.000404s ]
INFO: [ view_parse ] --START--
INFO: [ template_filter ] --START--
INFO: Run Behavior\ContentReplaceBehavior [ RunTime:0.000042s ]
INFO: [ template_filter ] --END-- [ RunTime:0.000106s ]
INFO: Run Behavior\ParseTemplateBehavior [ RunTime:0.004940s ]
INFO: [ view_parse ] --END-- [ RunTime:0.004973s ]
INFO: [ view_filter ] --START--
INFO: Run Behavior\WriteHtmlCacheBehavior [ RunTime:0.000131s ]
INFO: [ view_filter ] --END-- [ RunTime:0.000158s ]
INFO: [ app_end ] --START--
INFO: Run Behavior\ShowPageTraceBehavior [ RunTime:0.000414s ]
INFO: [ app_end ] --END-- [ RunTime:0.000452s ]

[ 2017-02-28T11:38:58+08:00 ] 127.0.0.1 /psd1611/16_ThinkPHP/Home/Uservip/reg
INFO: [ app_init ] --START--
INFO: Run Behavior\BuildLiteBehavior [ RunTime:0.000012s ]
INFO: [ app_init ] --END-- [ RunTime:0.000253s ]
INFO: [ app_begin ] --START--
INFO: Run Behavior\ReadHtmlCacheBehavior [ RunTime:0.000393s ]
INFO: [ app_begin ] --END-- [ RunTime:0.000428s ]
SQL: SHOW COLUMNS FROM `uservip` [ RunTime:0.0011s ]
NOTIC: [8] Undefined index: validate D:\www\psd1611\16_ThinkPHP\ThinkPHP\Library\Think\Model.class.php 第 1185 行.
SQL: SELECT * FROM `uservip` WHERE `username` = 'xiaozhang' LIMIT 1   [ RunTime:0.0003s ]
INFO: [ view_parse ] --START--
INFO: [ template_filter ] --START--
INFO: Run Behavior\ContentReplaceBehavior [ RunTime:0.000030s ]
INFO: [ template_filter ] --END-- [ RunTime:0.000068s ]
INFO: Run Behavior\ParseTemplateBehavior [ RunTime:0.004351s ]
INFO: [ view_parse ] --END-- [ RunTime:0.004386s ]
INFO: [ view_filter ] --START--
INFO: Run Behavior\WriteHtmlCacheBehavior [ RunTime:0.000151s ]
INFO: [ view_filter ] --END-- [ RunTime:0.000181s ]

[ 2017-02-28T11:39:01+08:00 ] 127.0.0.1 /psd1611/16_ThinkPHP/Home/Uservip/reg.html
INFO: [ app_init ] --START--
INFO: Run Behavior\BuildLiteBehavior [ RunTime:0.000013s ]
INFO: [ app_init ] --END-- [ RunTime:0.000244s ]
INFO: [ app_begin ] --START--
INFO: Run Behavior\ReadHtmlCacheBehavior [ RunTime:0.000347s ]
INFO: [ app_begin ] --END-- [ RunTime:0.000383s ]
INFO: [ view_parse ] --START--
INFO: [ template_filter ] --START--
INFO: Run Behavior\ContentReplaceBehavior [ RunTime:0.000031s ]
INFO: [ template_filter ] --END-- [ RunTime:0.000071s ]
INFO: Run Behavior\ParseTemplateBehavior [ RunTime:0.003990s ]
INFO: [ view_parse ] --END-- [ RunTime:0.004023s ]
INFO: [ view_filter ] --START--
INFO: Run Behavior\WriteHtmlCacheBehavior [ RunTime:0.000115s ]
INFO: [ view_filter ] --END-- [ RunTime:0.000143s ]
INFO: [ app_end ] --START--
INFO: Run Behavior\ShowPageTraceBehavior [ RunTime:0.000397s ]
INFO: [ app_end ] --END-- [ RunTime:0.000427s ]

[ 2017-02-28T11:39:28+08:00 ] 127.0.0.1 /psd1611/16_ThinkPHP/Home/Uservip/reg
INFO: [ app_init ] --START--
INFO: Run Behavior\BuildLiteBehavior [ RunTime:0.000017s ]
INFO: [ app_init ] --END-- [ RunTime:0.000311s ]
INFO: [ app_begin ] --START--
INFO: Run Behavior\ReadHtmlCacheBehavior [ RunTime:0.000414s ]
INFO: [ app_begin ] --END-- [ RunTime:0.000456s ]
SQL: SHOW COLUMNS FROM `uservip` [ RunTime:0.0009s ]
NOTIC: [8] Undefined index: validate D:\www\psd1611\16_ThinkPHP\ThinkPHP\Library\Think\Model.class.php 第 1185 行.
SQL: SELECT * FROM `uservip` WHERE `username` = 'xiaozhang' LIMIT 1   [ RunTime:0.0002s ]
INFO: [ view_parse ] --START--
INFO: [ template_filter ] --START--
INFO: Run Behavior\ContentReplaceBehavior [ RunTime:0.000030s ]
INFO: [ template_filter ] --END-- [ RunTime:0.000072s ]
INFO: Run Behavior\ParseTemplateBehavior [ RunTime:0.004407s ]
INFO: [ view_parse ] --END-- [ RunTime:0.004441s ]
INFO: [ view_filter ] --START--
INFO: Run Behavior\WriteHtmlCacheBehavior [ RunTime:0.000114s ]
INFO: [ view_filter ] --END-- [ RunTime:0.000143s ]

[ 2017-02-28T11:39:31+08:00 ] 127.0.0.1 /psd1611/16_ThinkPHP/Home/Uservip/reg.html
INFO: [ app_init ] --START--
INFO: Run Behavior\BuildLiteBehavior [ RunTime:0.000016s ]
INFO: [ app_init ] --END-- [ RunTime:0.000334s ]
INFO: [ app_begin ] --START--
INFO: Run Behavior\ReadHtmlCacheBehavior [ RunTime:0.000522s ]
INFO: [ app_begin ] --END-- [ RunTime:0.000576s ]
INFO: [ view_parse ] --START--
INFO: [ template_filter ] --START--
INFO: Run Behavior\ContentReplaceBehavior [ RunTime:0.000028s ]
INFO: [ template_filter ] --END-- [ RunTime:0.000067s ]
INFO: Run Behavior\ParseTemplateBehavior [ RunTime:0.004053s ]
INFO: [ view_parse ] --END-- [ RunTime:0.004086s ]
INFO: [ view_filter ] --START--
INFO: Run Behavior\WriteHtmlCacheBehavior [ RunTime:0.000114s ]
INFO: [ view_filter ] --END-- [ RunTime:0.000142s ]
INFO: [ app_end ] --START--
INFO: Run Behavior\ShowPageTraceBehavior [ RunTime:0.000400s ]
INFO: [ app_end ] --END-- [ RunTime:0.000436s ]

[ 2017-02-28T11:42:46+08:00 ] 127.0.0.1 /psd1611/16_ThinkPHP/Home/Uservip/reg
INFO: [ app_init ] --START--
INFO: Run Behavior\BuildLiteBehavior [ RunTime:0.000011s ]
INFO: [ app_init ] --END-- [ RunTime:0.000246s ]
INFO: [ app_begin ] --START--
INFO: Run Behavior\ReadHtmlCacheBehavior [ RunTime:0.000382s ]
INFO: [ app_begin ] --END-- [ RunTime:0.000417s ]
SQL: SHOW COLUMNS FROM `uservip` [ RunTime:0.0010s ]
NOTIC: [8] Undefined index: validate D:\www\psd1611\16_ThinkPHP\ThinkPHP\Library\Think\Model.class.php 第 1185 行.
SQL: SELECT * FROM `uservip` WHERE `username` = 'xiaozhang' LIMIT 1   [ RunTime:0.0003s ]
INFO: [ view_parse ] --START--
INFO: [ template_filter ] --START--
INFO: Run Behavior\ContentReplaceBehavior [ RunTime:0.000029s ]
INFO: [ template_filter ] --END-- [ RunTime:0.000066s ]
INFO: Run Behavior\ParseTemplateBehavior [ RunTime:0.004608s ]
INFO: [ view_parse ] --END-- [ RunTime:0.004656s ]
INFO: [ view_filter ] --START--
INFO: Run Behavior\WriteHtmlCacheBehavior [ RunTime:0.000151s ]
INFO: [ view_filter ] --END-- [ RunTime:0.000180s ]

[ 2017-02-28T11:42:49+08:00 ] 127.0.0.1 /psd1611/16_ThinkPHP/Home/Uservip/reg.html
INFO: [ app_init ] --START--
INFO: Run Behavior\BuildLiteBehavior [ RunTime:0.000011s ]
INFO: [ app_init ] --END-- [ RunTime:0.000236s ]
INFO: [ app_begin ] --START--
INFO: Run Behavior\ReadHtmlCacheBehavior [ RunTime:0.000340s ]
INFO: [ app_begin ] --END-- [ RunTime:0.000375s ]
INFO: [ view_parse ] --START--
INFO: [ template_filter ] --START--
INFO: Run Behavior\ContentReplaceBehavior [ RunTime:0.000043s ]
INFO: [ template_filter ] --END-- [ RunTime:0.000108s ]
INFO: Run Behavior\ParseTemplateBehavior [ RunTime:0.004516s ]
INFO: [ view_parse ] --END-- [ RunTime:0.004548s ]
INFO: [ view_filter ] --START--
INFO: Run Behavior\WriteHtmlCacheBehavior [ RunTime:0.000117s ]
INFO: [ view_filter ] --END-- [ RunTime:0.000144s ]
INFO: [ app_end ] --START--
INFO: Run Behavior\ShowPageTraceBehavior [ RunTime:0.000412s ]
INFO: [ app_end ] --END-- [ RunTime:0.000443s ]

[ 2017-02-28T11:43:00+08:00 ] 127.0.0.1 /psd1611/16_ThinkPHP/Home/Uservip/reg
INFO: [ app_init ] --START--
INFO: Run Behavior\BuildLiteBehavior [ RunTime:0.000010s ]
INFO: [ app_init ] --END-- [ RunTime:0.000223s ]
INFO: [ app_begin ] --START--
INFO: Run Behavior\ReadHtmlCacheBehavior [ RunTime:0.000333s ]
INFO: [ app_begin ] --END-- [ RunTime:0.000368s ]
SQL: SHOW COLUMNS FROM `uservip` [ RunTime:0.0012s ]
NOTIC: [8] Undefined index: validate D:\www\psd1611\16_ThinkPHP\ThinkPHP\Library\Think\Model.class.php 第 1185 行.
SQL: SELECT * FROM `uservip` WHERE `username` = 'xiaozhang' LIMIT 1   [ RunTime:0.0003s ]
INFO: [ view_parse ] --START--
INFO: [ template_filter ] --START--
INFO: Run Behavior\ContentReplaceBehavior [ RunTime:0.000031s ]
INFO: [ template_filter ] --END-- [ RunTime:0.000072s ]
INFO: Run Behavior\ParseTemplateBehavior [ RunTime:0.004314s ]
INFO: [ view_parse ] --END-- [ RunTime:0.004368s ]
INFO: [ view_filter ] --START--
INFO: Run Behavior\WriteHtmlCacheBehavior [ RunTime:0.000115s ]
INFO: [ view_filter ] --END-- [ RunTime:0.000143s ]

[ 2017-02-28T11:43:03+08:00 ] 127.0.0.1 /psd1611/16_ThinkPHP/Home/Uservip/reg.html
INFO: [ app_init ] --START--
INFO: Run Behavior\BuildLiteBehavior [ RunTime:0.000017s ]
INFO: [ app_init ] --END-- [ RunTime:0.000338s ]
INFO: [ app_begin ] --START--
INFO: Run Behavior\ReadHtmlCacheBehavior [ RunTime:0.000369s ]
INFO: [ app_begin ] --END-- [ RunTime:0.000406s ]
INFO: [ view_parse ] --START--
INFO: [ template_filter ] --START--
INFO: Run Behavior\ContentReplaceBehavior [ RunTime:0.000026s ]
INFO: [ template_filter ] --END-- [ RunTime:0.000061s ]
INFO: Run Behavior\ParseTemplateBehavior [ RunTime:0.004066s ]
INFO: [ view_parse ] --END-- [ RunTime:0.004107s ]
INFO: [ view_filter ] --START--
INFO: Run Behavior\WriteHtmlCacheBehavior [ RunTime:0.000116s ]
INFO: [ view_filter ] --END-- [ RunTime:0.000147s ]
INFO: [ app_end ] --START--
INFO: Run Behavior\ShowPageTraceBehavior [ RunTime:0.000513s ]
INFO: [ app_end ] --END-- [ RunTime:0.000552s ]

[ 2017-02-28T11:43:19+08:00 ] 127.0.0.1 /psd1611/16_ThinkPHP/Home/Uservip/reg
INFO: [ app_init ] --START--
INFO: Run Behavior\BuildLiteBehavior [ RunTime:0.000011s ]
INFO: [ app_init ] --END-- [ RunTime:0.000249s ]
INFO: [ app_begin ] --START--
INFO: Run Behavior\ReadHtmlCacheBehavior [ RunTime:0.000362s ]
INFO: [ app_begin ] --END-- [ RunTime:0.000396s ]
SQL: SHOW COLUMNS FROM `uservip` [ RunTime:0.0010s ]
NOTIC: [8] Undefined index: validate D:\www\psd1611\16_ThinkPHP\ThinkPHP\Library\Think\Model.class.php 第 1185 行.
SQL: SELECT * FROM `uservip` WHERE `username` = 'xiaozhang' LIMIT 1   [ RunTime:0.0002s ]
INFO: [ view_parse ] --START--
INFO: [ template_filter ] --START--
INFO: Run Behavior\ContentReplaceBehavior [ RunTime:0.000031s ]
INFO: [ template_filter ] --END-- [ RunTime:0.000073s ]
INFO: Run Behavior\ParseTemplateBehavior [ RunTime:0.004719s ]
INFO: [ view_parse ] --END-- [ RunTime:0.004760s ]
INFO: [ view_filter ] --START--
INFO: Run Behavior\WriteHtmlCacheBehavior [ RunTime:0.000124s ]
INFO: [ view_filter ] --END-- [ RunTime:0.000152s ]

[ 2017-02-28T11:43:21+08:00 ] 127.0.0.1 /psd1611/16_ThinkPHP/Home/Uservip/reg.html
INFO: [ app_init ] --START--
INFO: Run Behavior\BuildLiteBehavior [ RunTime:0.000016s ]
INFO: [ app_init ] --END-- [ RunTime:0.000333s ]
INFO: [ app_begin ] --START--
INFO: Run Behavior\ReadHtmlCacheBehavior [ RunTime:0.000409s ]
INFO: [ app_begin ] --END-- [ RunTime:0.000446s ]
INFO: [ view_parse ] --START--
INFO: [ template_filter ] --START--
INFO: Run Behavior\ContentReplaceBehavior [ RunTime:0.000037s ]
INFO: [ template_filter ] --END-- [ RunTime:0.000087s ]
INFO: Run Behavior\ParseTemplateBehavior [ RunTime:0.004495s ]
INFO: [ view_parse ] --END-- [ RunTime:0.004532s ]
INFO: [ view_filter ] --START--
INFO: Run Behavior\WriteHtmlCacheBehavior [ RunTime:0.000123s ]
INFO: [ view_filter ] --END-- [ RunTime:0.000152s ]
INFO: [ app_end ] --START--
INFO: Run Behavior\ShowPageTraceBehavior [ RunTime:0.000410s ]
INFO: [ app_end ] --END-- [ RunTime:0.000441s ]

[ 2017-02-28T11:43:39+08:00 ] 127.0.0.1 /psd1611/16_ThinkPHP/Home/Uservip/reg
INFO: [ app_init ] --START--
INFO: Run Behavior\BuildLiteBehavior [ RunTime:0.000032s ]
INFO: [ app_init ] --END-- [ RunTime:0.000366s ]
INFO: [ app_begin ] --START--
INFO: Run Behavior\ReadHtmlCacheBehavior [ RunTime:0.000352s ]
INFO: [ app_begin ] --END-- [ RunTime:0.000388s ]
SQL: SHOW COLUMNS FROM `uservip` [ RunTime:0.0010s ]
NOTIC: [8] Undefined index: validate D:\www\psd1611\16_ThinkPHP\ThinkPHP\Library\Think\Model.class.php 第 1185 行.
SQL: SELECT * FROM `uservip` WHERE `username` = 'xiaozhang' LIMIT 1   [ RunTime:0.0002s ]
NOTIC: [8] Undefined index: auto D:\www\psd1611\16_ThinkPHP\ThinkPHP\Library\Think\Model.class.php 第 1128 行.
SQL: INSERT INTO `uservip` (`username`,`password`,`email`,`age`,`phone`) VALUES ('xiaozhang','123456','xiaozhang@qq.com','18','13838385438') [ RunTime:0.0185s ]
INFO: [ view_parse ] --START--
INFO: [ template_filter ] --START--
INFO: Run Behavior\ContentReplaceBehavior [ RunTime:0.000028s ]
INFO: [ template_filter ] --END-- [ RunTime:0.000063s ]
INFO: Run Behavior\ParseTemplateBehavior [ RunTime:0.004264s ]
INFO: [ view_parse ] --END-- [ RunTime:0.004313s ]
INFO: [ view_filter ] --START--
INFO: Run Behavior\WriteHtmlCacheBehavior [ RunTime:0.000118s ]
INFO: [ view_filter ] --END-- [ RunTime:0.000151s ]
INFO: [ app_end ] --START--
INFO: Run Behavior\ShowPageTraceBehavior [ RunTime:0.000398s ]
INFO: [ app_end ] --END-- [ RunTime:0.000427s ]

[ 2017-02-28T11:43:40+08:00 ] 127.0.0.1 /psd1611/16_ThinkPHP/Home/Index/index.html
INFO: [ app_init ] --START--
INFO: Run Behavior\BuildLiteBehavior [ RunTime:0.000016s ]
INFO: [ app_init ] --END-- [ RunTime:0.000324s ]
INFO: [ app_begin ] --START--
INFO: Run Behavior\ReadHtmlCacheBehavior [ RunTime:0.000425s ]
INFO: [ app_begin ] --END-- [ RunTime:0.000463s ]
INFO: [ view_parse ] --START--
INFO: [ template_filter ] --START--
INFO: Run Behavior\ContentReplaceBehavior [ RunTime:0.000054s ]
INFO: [ template_filter ] --END-- [ RunTime:0.000114s ]
INFO: Run Behavior\ParseTemplateBehavior [ RunTime:0.004252s ]
INFO: [ view_parse ] --END-- [ RunTime:0.004296s ]
INFO: [ view_filter ] --START--
INFO: Run Behavior\WriteHtmlCacheBehavior [ RunTime:0.000179s ]
INFO: [ view_filter ] --END-- [ RunTime:0.000223s ]
INFO: [ app_end ] --START--
INFO: Run Behavior\ShowPageTraceBehavior [ RunTime:0.000609s ]
INFO: [ app_end ] --END-- [ RunTime:0.000657s ]

[ 2017-02-28T11:43:42+08:00 ] 127.0.0.1 /psd1611/16_ThinkPHP/Home/Uservip/reg
INFO: [ app_init ] --START--
INFO: Run Behavior\BuildLiteBehavior [ RunTime:0.000012s ]
INFO: [ app_init ] --END-- [ RunTime:0.000234s ]
INFO: [ app_begin ] --START--
INFO: Run Behavior\ReadHtmlCacheBehavior [ RunTime:0.000345s ]
INFO: [ app_begin ] --END-- [ RunTime:0.000384s ]
INFO: [ view_parse ] --START--
INFO: [ template_filter ] --START--
INFO: Run Behavior\ContentReplaceBehavior [ RunTime:0.000025s ]
INFO: [ template_filter ] --END-- [ RunTime:0.000060s ]
INFO: Run Behavior\ParseTemplateBehavior [ RunTime:0.004051s ]
INFO: [ view_parse ] --END-- [ RunTime:0.004083s ]
INFO: [ view_filter ] --START--
INFO: Run Behavior\WriteHtmlCacheBehavior [ RunTime:0.000123s ]
INFO: [ view_filter ] --END-- [ RunTime:0.000150s ]
INFO: [ app_end ] --START--
INFO: Run Behavior\ShowPageTraceBehavior [ RunTime:0.000397s ]
INFO: [ app_end ] --END-- [ RunTime:0.000426s ]

[ 2017-02-28T14:05:05+08:00 ] 127.0.0.1 /psd1611/16_ThinkPHP/Home/Uservip/reg
INFO: [ app_init ] --START--
INFO: Run Behavior\BuildLiteBehavior [ RunTime:0.000011s ]
INFO: [ app_init ] --END-- [ RunTime:0.000252s ]
INFO: [ app_begin ] --START--
INFO: Run Behavior\ReadHtmlCacheBehavior [ RunTime:0.000386s ]
INFO: [ app_begin ] --END-- [ RunTime:0.000420s ]
SQL: SHOW COLUMNS FROM `uservip` [ RunTime:0.0009s ]
NOTIC: [8] Undefined index: validate D:\www\psd1611\16_ThinkPHP\ThinkPHP\Library\Think\Model.class.php 第 1185 行.
INFO: [ view_parse ] --START--
INFO: [ template_filter ] --START--
INFO: Run Behavior\ContentReplaceBehavior [ RunTime:0.000030s ]
INFO: [ template_filter ] --END-- [ RunTime:0.000071s ]
NOTIC: [8] Undefined index: repassword D:\www\psd1611\16_ThinkPHP\Application\Runtime\Cache\Home\3ffa1c11352d4006d7729aabbd9bb0ba.php 第 24 行.
INFO: Run Behavior\ParseTemplateBehavior [ RunTime:0.004824s ]
INFO: [ view_parse ] --END-- [ RunTime:0.004859s ]
INFO: [ view_filter ] --START--
INFO: Run Behavior\WriteHtmlCacheBehavior [ RunTime:0.000157s ]
INFO: [ view_filter ] --END-- [ RunTime:0.000186s ]
INFO: [ app_end ] --START--
INFO: Run Behavior\ShowPageTraceBehavior [ RunTime:0.000406s ]
INFO: [ app_end ] --END-- [ RunTime:0.000435s ]

[ 2017-02-28T14:05:26+08:00 ] 127.0.0.1 /psd1611/16_ThinkPHP/Home/Uservip/reg
INFO: [ app_init ] --START--
INFO: Run Behavior\BuildLiteBehavior [ RunTime:0.000011s ]
INFO: [ app_init ] --END-- [ RunTime:0.000225s ]
INFO: [ app_begin ] --START--
INFO: Run Behavior\ReadHtmlCacheBehavior [ RunTime:0.000335s ]
INFO: [ app_begin ] --END-- [ RunTime:0.000369s ]
SQL: SHOW COLUMNS FROM `uservip` [ RunTime:0.0009s ]
NOTIC: [8] Undefined index: validate D:\www\psd1611\16_ThinkPHP\ThinkPHP\Library\Think\Model.class.php 第 1185 行.
SQL: SELECT * FROM `uservip` WHERE `username` = 'xiaowang' LIMIT 1   [ RunTime:0.0002s ]
INFO: [ view_parse ] --START--
INFO: [ template_filter ] --START--
INFO: Run Behavior\ContentReplaceBehavior [ RunTime:0.000031s ]
INFO: [ template_filter ] --END-- [ RunTime:0.000073s ]
NOTIC: [8] Undefined index: password D:\www\psd1611\16_ThinkPHP\Application\Runtime\Cache\Home\3ffa1c11352d4006d7729aabbd9bb0ba.php 第 19 行.
INFO: Run Behavior\ParseTemplateBehavior [ RunTime:0.004586s ]
INFO: [ view_parse ] --END-- [ RunTime:0.004622s ]
INFO: [ view_filter ] --START--
INFO: Run Behavior\WriteHtmlCacheBehavior [ RunTime:0.000126s ]
INFO: [ view_filter ] --END-- [ RunTime:0.000159s ]
INFO: [ app_end ] --START--
INFO: Run Behavior\ShowPageTraceBehavior [ RunTime:0.000413s ]
INFO: [ app_end ] --END-- [ RunTime:0.000442s ]

[ 2017-02-28T14:07:07+08:00 ] 127.0.0.1 /psd1611/16_ThinkPHP/Home/Uservip/reg
INFO: [ app_init ] --START--
INFO: Run Behavior\BuildLiteBehavior [ RunTime:0.000017s ]
INFO: [ app_init ] --END-- [ RunTime:0.000448s ]
INFO: [ app_begin ] --START--
INFO: Run Behavior\ReadHtmlCacheBehavior [ RunTime:0.000415s ]
INFO: [ app_begin ] --END-- [ RunTime:0.000451s ]
INFO: [ view_parse ] --START--
INFO: [ template_filter ] --START--
INFO: Run Behavior\ContentReplaceBehavior [ RunTime:0.000030s ]
INFO: [ template_filter ] --END-- [ RunTime:0.000072s ]
NOTIC: [8] Undefined variable: arr D:\www\psd1611\16_ThinkPHP\Application\Runtime\Cache\Home\3ffa1c11352d4006d7729aabbd9bb0ba.php 第 13 行.
NOTIC: [8] Undefined variable: eArr D:\www\psd1611\16_ThinkPHP\Application\Runtime\Cache\Home\3ffa1c11352d4006d7729aabbd9bb0ba.php 第 14 行.
NOTIC: [8] Undefined variable: arr D:\www\psd1611\16_ThinkPHP\Application\Runtime\Cache\Home\3ffa1c11352d4006d7729aabbd9bb0ba.php 第 18 行.
NOTIC: [8] Undefined variable: eArr D:\www\psd1611\16_ThinkPHP\Application\Runtime\Cache\Home\3ffa1c11352d4006d7729aabbd9bb0ba.php 第 19 行.
NOTIC: [8] Undefined variable: arr D:\www\psd1611\16_ThinkPHP\Application\Runtime\Cache\Home\3ffa1c11352d4006d7729aabbd9bb0ba.php 第 23 行.
NOTIC: [8] Undefined variable: eArr D:\www\psd1611\16_ThinkPHP\Application\Runtime\Cache\Home\3ffa1c11352d4006d7729aabbd9bb0ba.php 第 24 行.
NOTIC: [8] Undefined variable: arr D:\www\psd1611\16_ThinkPHP\Application\Runtime\Cache\Home\3ffa1c11352d4006d7729aabbd9bb0ba.php 第 28 行.
NOTIC: [8] Undefined variable: eArr D:\www\psd1611\16_ThinkPHP\Application\Runtime\Cache\Home\3ffa1c11352d4006d7729aabbd9bb0ba.php 第 29 行.
NOTIC: [8] Undefined variable: arr D:\www\psd1611\16_ThinkPHP\Application\Runtime\Cache\Home\3ffa1c11352d4006d7729aabbd9bb0ba.php 第 33 行.
NOTIC: [8] Undefined variable: eArr D:\www\psd1611\16_ThinkPHP\Application\Runtime\Cache\Home\3ffa1c11352d4006d7729aabbd9bb0ba.php 第 34 行.
NOTIC: [8] Undefined variable: arr D:\www\psd1611\16_ThinkPHP\Application\Runtime\Cache\Home\3ffa1c11352d4006d7729aabbd9bb0ba.php 第 38 行.
NOTIC: [8] Undefined variable: eArr D:\www\psd1611\16_ThinkPHP\Application\Runtime\Cache\Home\3ffa1c11352d4006d7729aabbd9bb0ba.php 第 39 行.
INFO: Run Behavior\ParseTemplateBehavior [ RunTime:0.005089s ]
INFO: [ view_parse ] --END-- [ RunTime:0.005122s ]
INFO: [ view_filter ] --START--
INFO: Run Behavior\WriteHtmlCacheBehavior [ RunTime:0.000164s ]
INFO: [ view_filter ] --END-- [ RunTime:0.000193s ]
INFO: [ app_end ] --START--
INFO: Run Behavior\ShowPageTraceBehavior [ RunTime:0.000395s ]
INFO: [ app_end ] --END-- [ RunTime:0.000424s ]

[ 2017-02-28T14:07:23+08:00 ] 127.0.0.1 /psd1611/16_ThinkPHP/Home/Uservip/reg
INFO: [ app_init ] --START--
INFO: Run Behavior\BuildLiteBehavior [ RunTime:0.000010s ]
INFO: [ app_init ] --END-- [ RunTime:0.000217s ]
INFO: [ app_begin ] --START--
INFO: Run Behavior\ReadHtmlCacheBehavior [ RunTime:0.000326s ]
INFO: [ app_begin ] --END-- [ RunTime:0.000360s ]
SQL: SHOW COLUMNS FROM `uservip` [ RunTime:0.0010s ]
NOTIC: [8] Undefined index: validate D:\www\psd1611\16_ThinkPHP\ThinkPHP\Library\Think\Model.class.php 第 1185 行.
SQL: SELECT * FROM `uservip` WHERE `username` = 'xiaozhang' LIMIT 1   [ RunTime:0.0003s ]
INFO: [ view_parse ] --START--
INFO: [ template_filter ] --START--
INFO: Run Behavior\ContentReplaceBehavior [ RunTime:0.000031s ]
INFO: [ template_filter ] --END-- [ RunTime:0.000071s ]
NOTIC: [8] Undefined index: password D:\www\psd1611\16_ThinkPHP\Application\Runtime\Cache\Home\3ffa1c11352d4006d7729aabbd9bb0ba.php 第 19 行.
NOTIC: [8] Undefined index: email D:\www\psd1611\16_ThinkPHP\Application\Runtime\Cache\Home\3ffa1c11352d4006d7729aabbd9bb0ba.php 第 29 行.
NOTIC: [8] Undefined index: age D:\www\psd1611\16_ThinkPHP\Application\Runtime\Cache\Home\3ffa1c11352d4006d7729aabbd9bb0ba.php 第 34 行.
NOTIC: [8] Undefined index: phone D:\www\psd1611\16_ThinkPHP\Application\Runtime\Cache\Home\3ffa1c11352d4006d7729aabbd9bb0ba.php 第 39 行.
INFO: Run Behavior\ParseTemplateBehavior [ RunTime:0.004878s ]
INFO: [ view_parse ] --END-- [ RunTime:0.004927s ]
INFO: [ view_filter ] --START--
INFO: Run Behavior\WriteHtmlCacheBehavior [ RunTime:0.000159s ]
INFO: [ view_filter ] --END-- [ RunTime:0.000195s ]
INFO: [ app_end ] --START--
INFO: Run Behavior\ShowPageTraceBehavior [ RunTime:0.000448s ]
INFO: [ app_end ] --END-- [ RunTime:0.000483s ]

[ 2017-02-28T14:07:32+08:00 ] 127.0.0.1 /psd1611/16_ThinkPHP/Home/Uservip/reg
INFO: [ app_init ] --START--
INFO: Run Behavior\BuildLiteBehavior [ RunTime:0.000010s ]
INFO: [ app_init ] --END-- [ RunTime:0.000218s ]
INFO: [ app_begin ] --START--
INFO: Run Behavior\ReadHtmlCacheBehavior [ RunTime:0.000329s ]
INFO: [ app_begin ] --END-- [ RunTime:0.000363s ]
SQL: SHOW COLUMNS FROM `uservip` [ RunTime:0.0009s ]
NOTIC: [8] Undefined index: validate D:\www\psd1611\16_ThinkPHP\ThinkPHP\Library\Think\Model.class.php 第 1185 行.
SQL: SELECT * FROM `uservip` WHERE `username` = 'xiaozhang' LIMIT 1   [ RunTime:0.0002s ]
INFO: [ view_parse ] --START--
INFO: [ template_filter ] --START--
INFO: Run Behavior\ContentReplaceBehavior [ RunTime:0.000037s ]
INFO: [ template_filter ] --END-- [ RunTime:0.000092s ]
NOTIC: [8] Undefined index: password D:\www\psd1611\16_ThinkPHP\Application\Runtime\Cache\Home\3ffa1c11352d4006d7729aabbd9bb0ba.php 第 19 行.
NOTIC: [8] Undefined index: repassword D:\www\psd1611\16_ThinkPHP\Application\Runtime\Cache\Home\3ffa1c11352d4006d7729aabbd9bb0ba.php 第 24 行.
NOTIC: [8] Undefined index: email D:\www\psd1611\16_ThinkPHP\Application\Runtime\Cache\Home\3ffa1c11352d4006d7729aabbd9bb0ba.php 第 29 行.
NOTIC: [8] Undefined index: age D:\www\psd1611\16_ThinkPHP\Application\Runtime\Cache\Home\3ffa1c11352d4006d7729aabbd9bb0ba.php 第 34 行.
NOTIC: [8] Undefined index: phone D:\www\psd1611\16_ThinkPHP\Application\Runtime\Cache\Home\3ffa1c11352d4006d7729aabbd9bb0ba.php 第 39 行.
INFO: Run Behavior\ParseTemplateBehavior [ RunTime:0.004731s ]
INFO: [ view_parse ] --END-- [ RunTime:0.004761s ]
INFO: [ view_filter ] --START--
INFO: Run Behavior\WriteHtmlCacheBehavior [ RunTime:0.000129s ]
INFO: [ view_filter ] --END-- [ RunTime:0.000156s ]
INFO: [ app_end ] --START--
INFO: Run Behavior\ShowPageTraceBehavior [ RunTime:0.000408s ]
INFO: [ app_end ] --END-- [ RunTime:0.000437s ]

[ 2017-02-28T14:07:40+08:00 ] 127.0.0.1 /psd1611/16_ThinkPHP/Home/Uservip/reg
INFO: [ app_init ] --START--
INFO: Run Behavior\BuildLiteBehavior [ RunTime:0.000015s ]
INFO: [ app_init ] --END-- [ RunTime:0.000304s ]
INFO: [ app_begin ] --START--
INFO: Run Behavior\ReadHtmlCacheBehavior [ RunTime:0.000432s ]
INFO: [ app_begin ] --END-- [ RunTime:0.000471s ]
SQL: SHOW COLUMNS FROM `uservip` [ RunTime:0.0011s ]
NOTIC: [8] Undefined index: validate D:\www\psd1611\16_ThinkPHP\ThinkPHP\Library\Think\Model.class.php 第 1185 行.
SQL: SELECT * FROM `uservip` WHERE `username` = 'xiaozhang1' LIMIT 1   [ RunTime:0.0003s ]
NOTIC: [8] Undefined index: auto D:\www\psd1611\16_ThinkPHP\ThinkPHP\Library\Think\Model.class.php 第 1128 行.
SQL: INSERT INTO `uservip` (`username`,`password`,`email`,`age`,`phone`) VALUES ('xiaozhang1','123456','xiaozhang1@qq.com','18','13838385438') [ RunTime:0.0275s ]
INFO: [ view_parse ] --START--
INFO: [ template_filter ] --START--
INFO: Run Behavior\ContentReplaceBehavior [ RunTime:0.000029s ]
INFO: [ template_filter ] --END-- [ RunTime:0.000061s ]
INFO: Run Behavior\ParseTemplateBehavior [ RunTime:0.004186s ]
INFO: [ view_parse ] --END-- [ RunTime:0.004226s ]
INFO: [ view_filter ] --START--
INFO: Run Behavior\WriteHtmlCacheBehavior [ RunTime:0.000120s ]
INFO: [ view_filter ] --END-- [ RunTime:0.000148s ]
INFO: [ app_end ] --START--
INFO: Run Behavior\ShowPageTraceBehavior [ RunTime:0.000418s ]
INFO: [ app_end ] --END-- [ RunTime:0.000448s ]

[ 2017-02-28T14:07:41+08:00 ] 127.0.0.1 /psd1611/16_ThinkPHP/Home/Index/index.html
INFO: [ app_init ] --START--
INFO: Run Behavior\BuildLiteBehavior [ RunTime:0.000012s ]
INFO: [ app_init ] --END-- [ RunTime:0.000232s ]
INFO: [ app_begin ] --START--
INFO: Run Behavior\ReadHtmlCacheBehavior [ RunTime:0.000347s ]
INFO: [ app_begin ] --END-- [ RunTime:0.000386s ]
INFO: [ view_parse ] --START--
INFO: [ template_filter ] --START--
INFO: Run Behavior\ContentReplaceBehavior [ RunTime:0.000033s ]
INFO: [ template_filter ] --END-- [ RunTime:0.000068s ]
INFO: Run Behavior\ParseTemplateBehavior [ RunTime:0.003966s ]
INFO: [ view_parse ] --END-- [ RunTime:0.004003s ]
INFO: [ view_filter ] --START--
INFO: Run Behavior\WriteHtmlCacheBehavior [ RunTime:0.000121s ]
INFO: [ view_filter ] --END-- [ RunTime:0.000148s ]
INFO: [ app_end ] --START--
INFO: Run Behavior\ShowPageTraceBehavior [ RunTime:0.000405s ]
INFO: [ app_end ] --END-- [ RunTime:0.000434s ]

[ 2017-02-28T14:08:28+08:00 ] 127.0.0.1 /psd1611/16_ThinkPHP/Home/Uservip/reg
INFO: [ app_init ] --START--
INFO: Run Behavior\BuildLiteBehavior [ RunTime:0.000015s ]
INFO: [ app_init ] --END-- [ RunTime:0.000312s ]
INFO: [ app_begin ] --START--
INFO: Run Behavior\ReadHtmlCacheBehavior [ RunTime:0.000491s ]
INFO: [ app_begin ] --END-- [ RunTime:0.000537s ]
INFO: [ view_parse ] --START--
INFO: [ template_filter ] --START--
INFO: Run Behavior\ContentReplaceBehavior [ RunTime:0.000039s ]
INFO: [ template_filter ] --END-- [ RunTime:0.000096s ]
NOTIC: [8] Undefined variable: arr D:\www\psd1611\16_ThinkPHP\Application\Runtime\Cache\Home\3ffa1c11352d4006d7729aabbd9bb0ba.php 第 13 行.
NOTIC: [8] Undefined variable: eArr D:\www\psd1611\16_ThinkPHP\Application\Runtime\Cache\Home\3ffa1c11352d4006d7729aabbd9bb0ba.php 第 14 行.
NOTIC: [8] Undefined variable: arr D:\www\psd1611\16_ThinkPHP\Application\Runtime\Cache\Home\3ffa1c11352d4006d7729aabbd9bb0ba.php 第 18 行.
NOTIC: [8] Undefined variable: eArr D:\www\psd1611\16_ThinkPHP\Application\Runtime\Cache\Home\3ffa1c11352d4006d7729aabbd9bb0ba.php 第 19 行.
NOTIC: [8] Undefined variable: arr D:\www\psd1611\16_ThinkPHP\Application\Runtime\Cache\Home\3ffa1c11352d4006d7729aabbd9bb0ba.php 第 23 行.
NOTIC: [8] Undefined variable: eArr D:\www\psd1611\16_ThinkPHP\Application\Runtime\Cache\Home\3ffa1c11352d4006d7729aabbd9bb0ba.php 第 24 行.
NOTIC: [8] Undefined variable: arr D:\www\psd1611\16_ThinkPHP\Application\Runtime\Cache\Home\3ffa1c11352d4006d7729aabbd9bb0ba.php 第 28 行.
NOTIC: [8] Undefined variable: eArr D:\www\psd1611\16_ThinkPHP\Application\Runtime\Cache\Home\3ffa1c11352d4006d7729aabbd9bb0ba.php 第 29 行.
NOTIC: [8] Undefined variable: arr D:\www\psd1611\16_ThinkPHP\Application\Runtime\Cache\Home\3ffa1c11352d4006d7729aabbd9bb0ba.php 第 33 行.
NOTIC: [8] Undefined variable: eArr D:\www\psd1611\16_ThinkPHP\Application\Runtime\Cache\Home\3ffa1c11352d4006d7729aabbd9bb0ba.php 第 34 行.
NOTIC: [8] Undefined variable: arr D:\www\psd1611\16_ThinkPHP\Application\Runtime\Cache\Home\3ffa1c11352d4006d7729aabbd9bb0ba.php 第 38 行.
NOTIC: [8] Undefined variable: eArr D:\www\psd1611\16_ThinkPHP\Application\Runtime\Cache\Home\3ffa1c11352d4006d7729aabbd9bb0ba.php 第 39 行.
INFO: Run Behavior\ParseTemplateBehavior [ RunTime:0.004901s ]
INFO: [ view_parse ] --END-- [ RunTime:0.004934s ]
INFO: [ view_filter ] --START--
INFO: Run Behavior\WriteHtmlCacheBehavior [ RunTime:0.000120s ]
INFO: [ view_filter ] --END-- [ RunTime:0.000149s ]
INFO: [ app_end ] --START--
INFO: Run Behavior\ShowPageTraceBehavior [ RunTime:0.000402s ]
INFO: [ app_end ] --END-- [ RunTime:0.000431s ]

[ 2017-02-28T14:32:39+08:00 ] 127.0.0.1 /psd1611/16_ThinkPHP/Home/Uservip/reg
INFO: [ app_init ] --START--
INFO: Run Behavior\BuildLiteBehavior [ RunTime:0.000011s ]
INFO: [ app_init ] --END-- [ RunTime:0.000241s ]
INFO: [ app_begin ] --START--
INFO: Run Behavior\ReadHtmlCacheBehavior [ RunTime:0.000376s ]
INFO: [ app_begin ] --END-- [ RunTime:0.000410s ]
SQL: SHOW COLUMNS FROM `uservip` [ RunTime:0.0009s ]
NOTIC: [8] Undefined index: validate D:\www\psd1611\16_ThinkPHP\ThinkPHP\Library\Think\Model.class.php 第 1185 行.
SQL: SELECT * FROM `uservip` WHERE `username` = 'xiaozhao' LIMIT 1   [ RunTime:0.0002s ]
NOTIC: [8] Undefined index: auto D:\www\psd1611\16_ThinkPHP\ThinkPHP\Library\Think\Model.class.php 第 1128 行.
SQL: INSERT INTO `uservip` (`username`,`password`,`email`,`age`,`phone`) VALUES ('xiaozhao','e10adc3949ba59abbe56e057f20f883e','xiaozhao@163.com','18','13838385438') [ RunTime:0.0157s ]
INFO: [ view_parse ] --START--
INFO: [ template_filter ] --START--
INFO: Run Behavior\ContentReplaceBehavior [ RunTime:0.000033s ]
INFO: [ template_filter ] --END-- [ RunTime:0.000082s ]
INFO: Run Behavior\ParseTemplateBehavior [ RunTime:0.005836s ]
INFO: [ view_parse ] --END-- [ RunTime:0.005878s ]
INFO: [ view_filter ] --START--
INFO: Run Behavior\WriteHtmlCacheBehavior [ RunTime:0.000158s ]
INFO: [ view_filter ] --END-- [ RunTime:0.000186s ]
INFO: [ app_end ] --START--
INFO: Run Behavior\ShowPageTraceBehavior [ RunTime:0.000403s ]
INFO: [ app_end ] --END-- [ RunTime:0.000432s ]

[ 2017-02-28T14:32:40+08:00 ] 127.0.0.1 /psd1611/16_ThinkPHP/Home/Index/index.html
INFO: [ app_init ] --START--
INFO: Run Behavior\BuildLiteBehavior [ RunTime:0.000013s ]
INFO: [ app_init ] --END-- [ RunTime:0.000240s ]
INFO: [ app_begin ] --START--
INFO: Run Behavior\ReadHtmlCacheBehavior [ RunTime:0.000355s ]
INFO: [ app_begin ] --END-- [ RunTime:0.000393s ]
INFO: [ view_parse ] --START--
INFO: [ template_filter ] --START--
INFO: Run Behavior\ContentReplaceBehavior [ RunTime:0.000046s ]
INFO: [ template_filter ] --END-- [ RunTime:0.000105s ]
INFO: Run Behavior\ParseTemplateBehavior [ RunTime:0.004812s ]
INFO: [ view_parse ] --END-- [ RunTime:0.004854s ]
INFO: [ view_filter ] --START--
INFO: Run Behavior\WriteHtmlCacheBehavior [ RunTime:0.000126s ]
INFO: [ view_filter ] --END-- [ RunTime:0.000154s ]
INFO: [ app_end ] --START--
INFO: Run Behavior\ShowPageTraceBehavior [ RunTime:0.000445s ]
INFO: [ app_end ] --END-- [ RunTime:0.000474s ]

[ 2017-02-28T14:43:07+08:00 ] 127.0.0.1 /psd1611/16_ThinkPHP/Home/Uservip/reg
INFO: [ app_init ] --START--
INFO: Run Behavior\BuildLiteBehavior [ RunTime:0.000012s ]
INFO: [ app_init ] --END-- [ RunTime:0.000241s ]
INFO: [ app_begin ] --START--
INFO: Run Behavior\ReadHtmlCacheBehavior [ RunTime:0.000416s ]
INFO: [ app_begin ] --END-- [ RunTime:0.000454s ]
INFO: [ view_parse ] --START--
INFO: [ template_filter ] --START--
INFO: Run Behavior\ContentReplaceBehavior [ RunTime:0.000037s ]
INFO: [ template_filter ] --END-- [ RunTime:0.000083s ]
NOTIC: [8] Undefined variable: arr D:\www\psd1611\16_ThinkPHP\Application\Runtime\Cache\Home\3ffa1c11352d4006d7729aabbd9bb0ba.php 第 13 行.
NOTIC: [8] Undefined variable: eArr D:\www\psd1611\16_ThinkPHP\Application\Runtime\Cache\Home\3ffa1c11352d4006d7729aabbd9bb0ba.php 第 14 行.
NOTIC: [8] Undefined variable: arr D:\www\psd1611\16_ThinkPHP\Application\Runtime\Cache\Home\3ffa1c11352d4006d7729aabbd9bb0ba.php 第 18 行.
NOTIC: [8] Undefined variable: eArr D:\www\psd1611\16_ThinkPHP\Application\Runtime\Cache\Home\3ffa1c11352d4006d7729aabbd9bb0ba.php 第 19 行.
NOTIC: [8] Undefined variable: arr D:\www\psd1611\16_ThinkPHP\Application\Runtime\Cache\Home\3ffa1c11352d4006d7729aabbd9bb0ba.php 第 23 行.
NOTIC: [8] Undefined variable: eArr D:\www\psd1611\16_ThinkPHP\Application\Runtime\Cache\Home\3ffa1c11352d4006d7729aabbd9bb0ba.php 第 24 行.
NOTIC: [8] Undefined variable: arr D:\www\psd1611\16_ThinkPHP\Application\Runtime\Cache\Home\3ffa1c11352d4006d7729aabbd9bb0ba.php 第 28 行.
NOTIC: [8] Undefined variable: eArr D:\www\psd1611\16_ThinkPHP\Application\Runtime\Cache\Home\3ffa1c11352d4006d7729aabbd9bb0ba.php 第 29 行.
NOTIC: [8] Undefined variable: arr D:\www\psd1611\16_ThinkPHP\Application\Runtime\Cache\Home\3ffa1c11352d4006d7729aabbd9bb0ba.php 第 33 行.
NOTIC: [8] Undefined variable: eArr D:\www\psd1611\16_ThinkPHP\Application\Runtime\Cache\Home\3ffa1c11352d4006d7729aabbd9bb0ba.php 第 34 行.
NOTIC: [8] Undefined variable: arr D:\www\psd1611\16_ThinkPHP\Application\Runtime\Cache\Home\3ffa1c11352d4006d7729aabbd9bb0ba.php 第 38 行.
NOTIC: [8] Undefined variable: eArr D:\www\psd1611\16_ThinkPHP\Application\Runtime\Cache\Home\3ffa1c11352d4006d7729aabbd9bb0ba.php 第 39 行.
INFO: Run Behavior\ParseTemplateBehavior [ RunTime:0.005261s ]
INFO: [ view_parse ] --END-- [ RunTime:0.005298s ]
INFO: [ view_filter ] --START--
INFO: Run Behavior\WriteHtmlCacheBehavior [ RunTime:0.000162s ]
INFO: [ view_filter ] --END-- [ RunTime:0.000190s ]
INFO: [ app_end ] --START--
INFO: Run Behavior\ShowPageTraceBehavior [ RunTime:0.000402s ]
INFO: [ app_end ] --END-- [ RunTime:0.000430s ]

[ 2017-02-28T14:43:28+08:00 ] 127.0.0.1 /psd1611/16_ThinkPHP/Home/Uservip/reg
INFO: [ app_init ] --START--
INFO: Run Behavior\BuildLiteBehavior [ RunTime:0.000012s ]
INFO: [ app_init ] --END-- [ RunTime:0.000223s ]
INFO: [ app_begin ] --START--
INFO: Run Behavior\ReadHtmlCacheBehavior [ RunTime:0.000332s ]
INFO: [ app_begin ] --END-- [ RunTime:0.000365s ]
SQL: SHOW COLUMNS FROM `uservip` [ RunTime:0.0009s ]
NOTIC: [8] Undefined index: validate D:\www\psd1611\16_ThinkPHP\ThinkPHP\Library\Think\Model.class.php 第 1185 行.
SQL: SELECT * FROM `uservip` WHERE `username` = 'xiaoli' LIMIT 1   [ RunTime:0.0002s ]
NOTIC: [8] Undefined index: auto D:\www\psd1611\16_ThinkPHP\ThinkPHP\Library\Think\Model.class.php 第 1128 行.
SQL: INSERT INTO `uservip` (`username`,`password`,`email`,`age`,`phone`) VALUES ('xiaoli','d194675744133ff7d23e122ae1569256','xiaoli@qq.com','18','13838385438') [ RunTime:0.0198s ]
INFO: [ view_parse ] --START--
INFO: [ template_filter ] --START--
INFO: Run Behavior\ContentReplaceBehavior [ RunTime:0.000031s ]
INFO: [ template_filter ] --END-- [ RunTime:0.000083s ]
INFO: Run Behavior\ParseTemplateBehavior [ RunTime:0.004702s ]
INFO: [ view_parse ] --END-- [ RunTime:0.004741s ]
INFO: [ view_filter ] --START--
INFO: Run Behavior\WriteHtmlCacheBehavior [ RunTime:0.000124s ]
INFO: [ view_filter ] --END-- [ RunTime:0.000153s ]
INFO: [ app_end ] --START--
INFO: Run Behavior\ShowPageTraceBehavior [ RunTime:0.000416s ]
INFO: [ app_end ] --END-- [ RunTime:0.000446s ]

[ 2017-02-28T14:43:29+08:00 ] 127.0.0.1 /psd1611/16_ThinkPHP/Home/Index/index.html
INFO: [ app_init ] --START--
INFO: Run Behavior\BuildLiteBehavior [ RunTime:0.000012s ]
INFO: [ app_init ] --END-- [ RunTime:0.000259s ]
INFO: [ app_begin ] --START--
INFO: Run Behavior\ReadHtmlCacheBehavior [ RunTime:0.000390s ]
INFO: [ app_begin ] --END-- [ RunTime:0.000433s ]
INFO: [ view_parse ] --START--
INFO: [ template_filter ] --START--
INFO: Run Behavior\ContentReplaceBehavior [ RunTime:0.000036s ]
INFO: [ template_filter ] --END-- [ RunTime:0.000082s ]
INFO: Run Behavior\ParseTemplateBehavior [ RunTime:0.004463s ]
INFO: [ view_parse ] --END-- [ RunTime:0.004503s ]
INFO: [ view_filter ] --START--
INFO: Run Behavior\WriteHtmlCacheBehavior [ RunTime:0.000117s ]
INFO: [ view_filter ] --END-- [ RunTime:0.000144s ]
INFO: [ app_end ] --START--
INFO: Run Behavior\ShowPageTraceBehavior [ RunTime:0.000401s ]
INFO: [ app_end ] --END-- [ RunTime:0.000430s ]

