[ 2017-02-28T09:07:34+08:00 ] 127.0.0.1 /psd1611/16_ThinkPHP/Admin/News/add
INFO: [ app_init ] --START--
INFO: Run Behavior\BuildLiteBehavior [ RunTime:0.000013s ]
INFO: [ app_init ] --END-- [ RunTime:0.000268s ]
INFO: [ app_begin ] --START--
INFO: Run Behavior\ReadHtmlCacheBehavior [ RunTime:0.000356s ]
INFO: [ app_begin ] --END-- [ RunTime:0.000400s ]
SQL: SHOW COLUMNS FROM `type` [ RunTime:0.3205s ]
SQL: SELECT * FROM `type` WHERE ( fid=0 and state<9 )  [ RunTime:0.1482s ]
SQL: SELECT * FROM `type` WHERE ( fid=1 and state<9 )  [ RunTime:0.0002s ]
SQL: SELECT * FROM `type` WHERE ( fid=2 and state<9 )  [ RunTime:0.0002s ]
SQL: SELECT * FROM `type` WHERE ( fid=3 and state<9 )  [ RunTime:0.0002s ]
INFO: [ view_parse ] --START--
INFO: [ template_filter ] --START--
INFO: Run Behavior\ContentReplaceBehavior [ RunTime:0.000046s ]
INFO: [ template_filter ] --END-- [ RunTime:0.000118s ]
INFO: Run Behavior\ParseTemplateBehavior [ RunTime:0.065696s ]
INFO: [ view_parse ] --END-- [ RunTime:0.065758s ]
INFO: [ view_filter ] --START--
INFO: Run Behavior\WriteHtmlCacheBehavior [ RunTime:0.000134s ]
INFO: [ view_filter ] --END-- [ RunTime:0.000169s ]
INFO: [ app_end ] --START--
INFO: Run Behavior\ShowPageTraceBehavior [ RunTime:0.000582s ]
INFO: [ app_end ] --END-- [ RunTime:0.000620s ]

[ 2017-02-28T09:43:52+08:00 ] 127.0.0.1 /psd1611/16_ThinkPHP/Admin/News/add
INFO: [ app_init ] --START--
INFO: Run Behavior\BuildLiteBehavior [ RunTime:0.000012s ]
INFO: [ app_init ] --END-- [ RunTime:0.000247s ]
INFO: [ app_begin ] --START--
INFO: Run Behavior\ReadHtmlCacheBehavior [ RunTime:0.000384s ]
INFO: [ app_begin ] --END-- [ RunTime:0.000418s ]
SQL: SHOW COLUMNS FROM `type` [ RunTime:0.0009s ]
SQL: SELECT * FROM `type` WHERE ( fid=0 and state<9 )  [ RunTime:0.0002s ]
SQL: SELECT * FROM `type` WHERE ( fid=1 and state<9 )  [ RunTime:0.0001s ]
SQL: SELECT * FROM `type` WHERE ( fid=2 and state<9 )  [ RunTime:0.0001s ]
SQL: SELECT * FROM `type` WHERE ( fid=3 and state<9 )  [ RunTime:0.0001s ]
INFO: [ view_parse ] --START--
INFO: [ template_filter ] --START--
INFO: Run Behavior\ContentReplaceBehavior [ RunTime:0.000034s ]
INFO: [ template_filter ] --END-- [ RunTime:0.000081s ]
INFO: Run Behavior\ParseTemplateBehavior [ RunTime:0.004479s ]
INFO: [ view_parse ] --END-- [ RunTime:0.004515s ]
INFO: [ view_filter ] --START--
INFO: Run Behavior\WriteHtmlCacheBehavior [ RunTime:0.000149s ]
INFO: [ view_filter ] --END-- [ RunTime:0.000184s ]
INFO: [ app_end ] --START--
INFO: Run Behavior\ShowPageTraceBehavior [ RunTime:0.000418s ]
INFO: [ app_end ] --END-- [ RunTime:0.000448s ]

[ 2017-02-28T09:44:01+08:00 ] 127.0.0.1 /psd1611/16_ThinkPHP/Admin/News/save
INFO: [ app_init ] --START--
INFO: Run Behavior\BuildLiteBehavior [ RunTime:0.000012s ]
INFO: [ app_init ] --END-- [ RunTime:0.000250s ]
INFO: [ app_begin ] --START--
INFO: Run Behavior\ReadHtmlCacheBehavior [ RunTime:0.000336s ]
INFO: [ app_begin ] --END-- [ RunTime:0.000369s ]
SQL: SHOW COLUMNS FROM `news` [ RunTime:0.0356s ]
NOTIC: [8] Undefined index: validate D:\www\psd1611\16_ThinkPHP\ThinkPHP\Library\Think\Model.class.php 第 1185 行.
NOTIC: [2] strtolower() expects parameter 1 to be string, array given D:\www\psd1611\16_ThinkPHP\ThinkPHP\Library\Think\Model.class.php 第 1115 行.
NOTIC: [2] preg_match() expects parameter 1 to be string, array given D:\www\psd1611\16_ThinkPHP\ThinkPHP\Library\Think\Model.class.php 第 1117 行.
INFO: [ view_parse ] --START--
INFO: [ template_filter ] --START--
INFO: Run Behavior\ContentReplaceBehavior [ RunTime:0.000027s ]
INFO: [ template_filter ] --END-- [ RunTime:0.000062s ]
INFO: Run Behavior\ParseTemplateBehavior [ RunTime:0.003992s ]
INFO: [ view_parse ] --END-- [ RunTime:0.004026s ]
INFO: [ view_filter ] --START--
INFO: Run Behavior\WriteHtmlCacheBehavior [ RunTime:0.000114s ]
INFO: [ view_filter ] --END-- [ RunTime:0.000141s ]

[ 2017-02-28T09:44:04+08:00 ] 127.0.0.1 /psd1611/16_ThinkPHP/Admin/News/add.html
INFO: [ app_init ] --START--
INFO: Run Behavior\BuildLiteBehavior [ RunTime:0.000016s ]
INFO: [ app_init ] --END-- [ RunTime:0.000341s ]
INFO: [ app_begin ] --START--
INFO: Run Behavior\ReadHtmlCacheBehavior [ RunTime:0.000500s ]
INFO: [ app_begin ] --END-- [ RunTime:0.000549s ]
SQL: SHOW COLUMNS FROM `type` [ RunTime:0.0011s ]
SQL: SELECT * FROM `type` WHERE ( fid=0 and state<9 )  [ RunTime:0.0003s ]
SQL: SELECT * FROM `type` WHERE ( fid=1 and state<9 )  [ RunTime:0.0002s ]
SQL: SELECT * FROM `type` WHERE ( fid=2 and state<9 )  [ RunTime:0.0002s ]
SQL: SELECT * FROM `type` WHERE ( fid=3 and state<9 )  [ RunTime:0.0002s ]
INFO: [ view_parse ] --START--
INFO: [ template_filter ] --START--
INFO: Run Behavior\ContentReplaceBehavior [ RunTime:0.000028s ]
INFO: [ template_filter ] --END-- [ RunTime:0.000064s ]
INFO: Run Behavior\ParseTemplateBehavior [ RunTime:0.004015s ]
INFO: [ view_parse ] --END-- [ RunTime:0.004054s ]
INFO: [ view_filter ] --START--
INFO: Run Behavior\WriteHtmlCacheBehavior [ RunTime:0.000120s ]
INFO: [ view_filter ] --END-- [ RunTime:0.000149s ]
INFO: [ app_end ] --START--
INFO: Run Behavior\ShowPageTraceBehavior [ RunTime:0.000420s ]
INFO: [ app_end ] --END-- [ RunTime:0.000450s ]

[ 2017-02-28T09:44:12+08:00 ] 127.0.0.1 /psd1611/16_ThinkPHP/Admin/News/save
INFO: [ app_init ] --START--
INFO: Run Behavior\BuildLiteBehavior [ RunTime:0.000015s ]
INFO: [ app_init ] --END-- [ RunTime:0.000277s ]
INFO: [ app_begin ] --START--
INFO: Run Behavior\ReadHtmlCacheBehavior [ RunTime:0.000344s ]
INFO: [ app_begin ] --END-- [ RunTime:0.000378s ]
SQL: SHOW COLUMNS FROM `news` [ RunTime:0.0010s ]
NOTIC: [8] Undefined index: validate D:\www\psd1611\16_ThinkPHP\ThinkPHP\Library\Think\Model.class.php 第 1185 行.
NOTIC: [2] strtolower() expects parameter 1 to be string, array given D:\www\psd1611\16_ThinkPHP\ThinkPHP\Library\Think\Model.class.php 第 1115 行.
NOTIC: [2] preg_match() expects parameter 1 to be string, array given D:\www\psd1611\16_ThinkPHP\ThinkPHP\Library\Think\Model.class.php 第 1117 行.
INFO: [ view_parse ] --START--
INFO: [ template_filter ] --START--
INFO: Run Behavior\ContentReplaceBehavior [ RunTime:0.000028s ]
INFO: [ template_filter ] --END-- [ RunTime:0.000065s ]
INFO: Run Behavior\ParseTemplateBehavior [ RunTime:0.004060s ]
INFO: [ view_parse ] --END-- [ RunTime:0.004098s ]
INFO: [ view_filter ] --START--
INFO: Run Behavior\WriteHtmlCacheBehavior [ RunTime:0.000118s ]
INFO: [ view_filter ] --END-- [ RunTime:0.000146s ]

[ 2017-02-28T09:44:15+08:00 ] 127.0.0.1 /psd1611/16_ThinkPHP/Admin/News/add.html
INFO: [ app_init ] --START--
INFO: Run Behavior\BuildLiteBehavior [ RunTime:0.000011s ]
INFO: [ app_init ] --END-- [ RunTime:0.000226s ]
INFO: [ app_begin ] --START--
INFO: Run Behavior\ReadHtmlCacheBehavior [ RunTime:0.000339s ]
INFO: [ app_begin ] --END-- [ RunTime:0.000373s ]
SQL: SHOW COLUMNS FROM `type` [ RunTime:0.0010s ]
SQL: SELECT * FROM `type` WHERE ( fid=0 and state<9 )  [ RunTime:0.0004s ]
SQL: SELECT * FROM `type` WHERE ( fid=1 and state<9 )  [ RunTime:0.0002s ]
SQL: SELECT * FROM `type` WHERE ( fid=2 and state<9 )  [ RunTime:0.0003s ]
SQL: SELECT * FROM `type` WHERE ( fid=3 and state<9 )  [ RunTime:0.0002s ]
INFO: [ view_parse ] --START--
INFO: [ template_filter ] --START--
INFO: Run Behavior\ContentReplaceBehavior [ RunTime:0.000029s ]
INFO: [ template_filter ] --END-- [ RunTime:0.000067s ]
INFO: Run Behavior\ParseTemplateBehavior [ RunTime:0.004205s ]
INFO: [ view_parse ] --END-- [ RunTime:0.004240s ]
INFO: [ view_filter ] --START--
INFO: Run Behavior\WriteHtmlCacheBehavior [ RunTime:0.000114s ]
INFO: [ view_filter ] --END-- [ RunTime:0.000141s ]
INFO: [ app_end ] --START--
INFO: Run Behavior\ShowPageTraceBehavior [ RunTime:0.000405s ]
INFO: [ app_end ] --END-- [ RunTime:0.000438s ]

[ 2017-02-28T09:44:31+08:00 ] 127.0.0.1 /psd1611/16_ThinkPHP/Admin/News/save
INFO: [ app_init ] --START--
INFO: Run Behavior\BuildLiteBehavior [ RunTime:0.000011s ]
INFO: [ app_init ] --END-- [ RunTime:0.000241s ]
INFO: [ app_begin ] --START--
INFO: Run Behavior\ReadHtmlCacheBehavior [ RunTime:0.000334s ]
INFO: [ app_begin ] --END-- [ RunTime:0.000367s ]
SQL: SHOW COLUMNS FROM `news` [ RunTime:0.0011s ]
NOTIC: [8] Undefined index: validate D:\www\psd1611\16_ThinkPHP\ThinkPHP\Library\Think\Model.class.php 第 1185 行.
NOTIC: [2] strtolower() expects parameter 1 to be string, array given D:\www\psd1611\16_ThinkPHP\ThinkPHP\Library\Think\Model.class.php 第 1115 行.
NOTIC: [2] preg_match() expects parameter 1 to be string, array given D:\www\psd1611\16_ThinkPHP\ThinkPHP\Library\Think\Model.class.php 第 1117 行.
INFO: [ view_parse ] --START--
INFO: [ template_filter ] --START--
INFO: Run Behavior\ContentReplaceBehavior [ RunTime:0.000028s ]
INFO: [ template_filter ] --END-- [ RunTime:0.000063s ]
INFO: Run Behavior\ParseTemplateBehavior [ RunTime:0.004077s ]
INFO: [ view_parse ] --END-- [ RunTime:0.004113s ]
INFO: [ view_filter ] --START--
INFO: Run Behavior\WriteHtmlCacheBehavior [ RunTime:0.000121s ]
INFO: [ view_filter ] --END-- [ RunTime:0.000150s ]

[ 2017-02-28T09:44:34+08:00 ] 127.0.0.1 /psd1611/16_ThinkPHP/Admin/News/add.html
INFO: [ app_init ] --START--
INFO: Run Behavior\BuildLiteBehavior [ RunTime:0.000012s ]
INFO: [ app_init ] --END-- [ RunTime:0.000237s ]
INFO: [ app_begin ] --START--
INFO: Run Behavior\ReadHtmlCacheBehavior [ RunTime:0.000372s ]
INFO: [ app_begin ] --END-- [ RunTime:0.000412s ]
SQL: SHOW COLUMNS FROM `type` [ RunTime:0.0010s ]
SQL: SELECT * FROM `type` WHERE ( fid=0 and state<9 )  [ RunTime:0.0002s ]
SQL: SELECT * FROM `type` WHERE ( fid=1 and state<9 )  [ RunTime:0.0002s ]
SQL: SELECT * FROM `type` WHERE ( fid=2 and state<9 )  [ RunTime:0.0002s ]
SQL: SELECT * FROM `type` WHERE ( fid=3 and state<9 )  [ RunTime:0.0001s ]
INFO: [ view_parse ] --START--
INFO: [ template_filter ] --START--
INFO: Run Behavior\ContentReplaceBehavior [ RunTime:0.000029s ]
INFO: [ template_filter ] --END-- [ RunTime:0.000066s ]
INFO: Run Behavior\ParseTemplateBehavior [ RunTime:0.004053s ]
INFO: [ view_parse ] --END-- [ RunTime:0.004089s ]
INFO: [ view_filter ] --START--
INFO: Run Behavior\WriteHtmlCacheBehavior [ RunTime:0.000113s ]
INFO: [ view_filter ] --END-- [ RunTime:0.000141s ]
INFO: [ app_end ] --START--
INFO: Run Behavior\ShowPageTraceBehavior [ RunTime:0.000402s ]
INFO: [ app_end ] --END-- [ RunTime:0.000431s ]

[ 2017-02-28T09:45:14+08:00 ] 127.0.0.1 /psd1611/16_ThinkPHP/Admin/News/add.html
INFO: [ app_init ] --START--
INFO: Run Behavior\BuildLiteBehavior [ RunTime:0.000011s ]
INFO: [ app_init ] --END-- [ RunTime:0.000224s ]
INFO: [ app_begin ] --START--
INFO: Run Behavior\ReadHtmlCacheBehavior [ RunTime:0.000363s ]
INFO: [ app_begin ] --END-- [ RunTime:0.000396s ]
SQL: SHOW COLUMNS FROM `type` [ RunTime:0.0010s ]
SQL: SELECT * FROM `type` WHERE ( fid=0 and state<9 )  [ RunTime:0.0002s ]
SQL: SELECT * FROM `type` WHERE ( fid=1 and state<9 )  [ RunTime:0.0001s ]
SQL: SELECT * FROM `type` WHERE ( fid=2 and state<9 )  [ RunTime:0.0001s ]
SQL: SELECT * FROM `type` WHERE ( fid=3 and state<9 )  [ RunTime:0.0001s ]
INFO: [ view_parse ] --START--
INFO: [ template_filter ] --START--
INFO: Run Behavior\ContentReplaceBehavior [ RunTime:0.000030s ]
INFO: [ template_filter ] --END-- [ RunTime:0.000070s ]
INFO: Run Behavior\ParseTemplateBehavior [ RunTime:0.004296s ]
INFO: [ view_parse ] --END-- [ RunTime:0.004330s ]
INFO: [ view_filter ] --START--
INFO: Run Behavior\WriteHtmlCacheBehavior [ RunTime:0.000114s ]
INFO: [ view_filter ] --END-- [ RunTime:0.000141s ]
INFO: [ app_end ] --START--
INFO: Run Behavior\ShowPageTraceBehavior [ RunTime:0.000404s ]
INFO: [ app_end ] --END-- [ RunTime:0.000433s ]

[ 2017-02-28T09:45:19+08:00 ] 127.0.0.1 /psd1611/16_ThinkPHP/Admin/News/save
INFO: [ app_init ] --START--
INFO: Run Behavior\BuildLiteBehavior [ RunTime:0.000011s ]
INFO: [ app_init ] --END-- [ RunTime:0.000227s ]
INFO: [ app_begin ] --START--
INFO: Run Behavior\ReadHtmlCacheBehavior [ RunTime:0.000333s ]
INFO: [ app_begin ] --END-- [ RunTime:0.000366s ]
SQL: SHOW COLUMNS FROM `news` [ RunTime:0.0009s ]
NOTIC: [8] Undefined index: validate D:\www\psd1611\16_ThinkPHP\ThinkPHP\Library\Think\Model.class.php 第 1185 行.
NOTIC: [2] strpos() expects parameter 1 to be string, array given D:\www\psd1611\16_ThinkPHP\ThinkPHP\Library\Think\Model.class.php 第 1336 行.
INFO: [ view_parse ] --START--
INFO: [ template_filter ] --START--
INFO: Run Behavior\ContentReplaceBehavior [ RunTime:0.000027s ]
INFO: [ template_filter ] --END-- [ RunTime:0.000061s ]
INFO: Run Behavior\ParseTemplateBehavior [ RunTime:0.003875s ]
INFO: [ view_parse ] --END-- [ RunTime:0.003908s ]
INFO: [ view_filter ] --START--
INFO: Run Behavior\WriteHtmlCacheBehavior [ RunTime:0.000114s ]
INFO: [ view_filter ] --END-- [ RunTime:0.000142s ]

[ 2017-02-28T09:45:22+08:00 ] 127.0.0.1 /psd1611/16_ThinkPHP/Admin/News/add.html
INFO: [ app_init ] --START--
INFO: Run Behavior\BuildLiteBehavior [ RunTime:0.000013s ]
INFO: [ app_init ] --END-- [ RunTime:0.000260s ]
INFO: [ app_begin ] --START--
INFO: Run Behavior\ReadHtmlCacheBehavior [ RunTime:0.000344s ]
INFO: [ app_begin ] --END-- [ RunTime:0.000388s ]
SQL: SHOW COLUMNS FROM `type` [ RunTime:0.0011s ]
SQL: SELECT * FROM `type` WHERE ( fid=0 and state<9 )  [ RunTime:0.0002s ]
SQL: SELECT * FROM `type` WHERE ( fid=1 and state<9 )  [ RunTime:0.0001s ]
SQL: SELECT * FROM `type` WHERE ( fid=2 and state<9 )  [ RunTime:0.0002s ]
SQL: SELECT * FROM `type` WHERE ( fid=3 and state<9 )  [ RunTime:0.0002s ]
INFO: [ view_parse ] --START--
INFO: [ template_filter ] --START--
INFO: Run Behavior\ContentReplaceBehavior [ RunTime:0.000029s ]
INFO: [ template_filter ] --END-- [ RunTime:0.000066s ]
INFO: Run Behavior\ParseTemplateBehavior [ RunTime:0.004315s ]
INFO: [ view_parse ] --END-- [ RunTime:0.004348s ]
INFO: [ view_filter ] --START--
INFO: Run Behavior\WriteHtmlCacheBehavior [ RunTime:0.000116s ]
INFO: [ view_filter ] --END-- [ RunTime:0.000143s ]
INFO: [ app_end ] --START--
INFO: Run Behavior\ShowPageTraceBehavior [ RunTime:0.000430s ]
INFO: [ app_end ] --END-- [ RunTime:0.000463s ]

[ 2017-02-28T09:45:28+08:00 ] 127.0.0.1 /psd1611/16_ThinkPHP/Admin/News/save
INFO: [ app_init ] --START--
INFO: Run Behavior\BuildLiteBehavior [ RunTime:0.000011s ]
INFO: [ app_init ] --END-- [ RunTime:0.000229s ]
INFO: [ app_begin ] --START--
INFO: Run Behavior\ReadHtmlCacheBehavior [ RunTime:0.000334s ]
INFO: [ app_begin ] --END-- [ RunTime:0.000367s ]
SQL: SHOW COLUMNS FROM `news` [ RunTime:0.0010s ]
NOTIC: [8] Undefined index: validate D:\www\psd1611\16_ThinkPHP\ThinkPHP\Library\Think\Model.class.php 第 1185 行.
NOTIC: [2] strpos() expects parameter 1 to be string, array given D:\www\psd1611\16_ThinkPHP\ThinkPHP\Library\Think\Model.class.php 第 1336 行.
INFO: [ view_parse ] --START--
INFO: [ template_filter ] --START--
INFO: Run Behavior\ContentReplaceBehavior [ RunTime:0.000041s ]
INFO: [ template_filter ] --END-- [ RunTime:0.000093s ]
INFO: Run Behavior\ParseTemplateBehavior [ RunTime:0.004225s ]
INFO: [ view_parse ] --END-- [ RunTime:0.004259s ]
INFO: [ view_filter ] --START--
INFO: Run Behavior\WriteHtmlCacheBehavior [ RunTime:0.000119s ]
INFO: [ view_filter ] --END-- [ RunTime:0.000147s ]

[ 2017-02-28T09:45:31+08:00 ] 127.0.0.1 /psd1611/16_ThinkPHP/Admin/News/add.html
INFO: [ app_init ] --START--
INFO: Run Behavior\BuildLiteBehavior [ RunTime:0.000012s ]
INFO: [ app_init ] --END-- [ RunTime:0.000237s ]
INFO: [ app_begin ] --START--
INFO: Run Behavior\ReadHtmlCacheBehavior [ RunTime:0.000358s ]
INFO: [ app_begin ] --END-- [ RunTime:0.000399s ]
SQL: SHOW COLUMNS FROM `type` [ RunTime:0.0009s ]
SQL: SELECT * FROM `type` WHERE ( fid=0 and state<9 )  [ RunTime:0.0002s ]
SQL: SELECT * FROM `type` WHERE ( fid=1 and state<9 )  [ RunTime:0.0002s ]
SQL: SELECT * FROM `type` WHERE ( fid=2 and state<9 )  [ RunTime:0.0002s ]
SQL: SELECT * FROM `type` WHERE ( fid=3 and state<9 )  [ RunTime:0.0002s ]
INFO: [ view_parse ] --START--
INFO: [ template_filter ] --START--
INFO: Run Behavior\ContentReplaceBehavior [ RunTime:0.000029s ]
INFO: [ template_filter ] --END-- [ RunTime:0.000068s ]
INFO: Run Behavior\ParseTemplateBehavior [ RunTime:0.004125s ]
INFO: [ view_parse ] --END-- [ RunTime:0.004164s ]
INFO: [ view_filter ] --START--
INFO: Run Behavior\WriteHtmlCacheBehavior [ RunTime:0.000114s ]
INFO: [ view_filter ] --END-- [ RunTime:0.000142s ]
INFO: [ app_end ] --START--
INFO: Run Behavior\ShowPageTraceBehavior [ RunTime:0.000406s ]
INFO: [ app_end ] --END-- [ RunTime:0.000435s ]

[ 2017-02-28T09:46:45+08:00 ] 127.0.0.1 /psd1611/16_ThinkPHP/Admin/News/save
INFO: [ app_init ] --START--
INFO: Run Behavior\BuildLiteBehavior [ RunTime:0.000013s ]
INFO: [ app_init ] --END-- [ RunTime:0.000272s ]
INFO: [ app_begin ] --START--
INFO: Run Behavior\ReadHtmlCacheBehavior [ RunTime:0.000393s ]
INFO: [ app_begin ] --END-- [ RunTime:0.000428s ]
SQL: SHOW COLUMNS FROM `news` [ RunTime:0.0010s ]
NOTIC: [8] Undefined index: validate D:\www\psd1611\16_ThinkPHP\ThinkPHP\Library\Think\Model.class.php 第 1185 行.
INFO: [ view_parse ] --START--
INFO: [ template_filter ] --START--
INFO: Run Behavior\ContentReplaceBehavior [ RunTime:0.000045s ]
INFO: [ template_filter ] --END-- [ RunTime:0.000111s ]
INFO: Run Behavior\ParseTemplateBehavior [ RunTime:0.004923s ]
INFO: [ view_parse ] --END-- [ RunTime:0.004963s ]
INFO: [ view_filter ] --START--
INFO: Run Behavior\WriteHtmlCacheBehavior [ RunTime:0.000180s ]
INFO: [ view_filter ] --END-- [ RunTime:0.000210s ]

[ 2017-02-28T09:46:48+08:00 ] 127.0.0.1 /psd1611/16_ThinkPHP/Admin/News/add.html
INFO: [ app_init ] --START--
INFO: Run Behavior\BuildLiteBehavior [ RunTime:0.000011s ]
INFO: [ app_init ] --END-- [ RunTime:0.000224s ]
INFO: [ app_begin ] --START--
INFO: Run Behavior\ReadHtmlCacheBehavior [ RunTime:0.000343s ]
INFO: [ app_begin ] --END-- [ RunTime:0.000376s ]
SQL: SHOW COLUMNS FROM `type` [ RunTime:0.0010s ]
SQL: SELECT * FROM `type` WHERE ( fid=0 and state<9 )  [ RunTime:0.0003s ]
SQL: SELECT * FROM `type` WHERE ( fid=1 and state<9 )  [ RunTime:0.0002s ]
SQL: SELECT * FROM `type` WHERE ( fid=2 and state<9 )  [ RunTime:0.0002s ]
SQL: SELECT * FROM `type` WHERE ( fid=3 and state<9 )  [ RunTime:0.0002s ]
INFO: [ view_parse ] --START--
INFO: [ template_filter ] --START--
INFO: Run Behavior\ContentReplaceBehavior [ RunTime:0.000030s ]
INFO: [ template_filter ] --END-- [ RunTime:0.000075s ]
INFO: Run Behavior\ParseTemplateBehavior [ RunTime:0.004465s ]
INFO: [ view_parse ] --END-- [ RunTime:0.004514s ]
INFO: [ view_filter ] --START--
INFO: Run Behavior\WriteHtmlCacheBehavior [ RunTime:0.000116s ]
INFO: [ view_filter ] --END-- [ RunTime:0.000145s ]
INFO: [ app_end ] --START--
INFO: Run Behavior\ShowPageTraceBehavior [ RunTime:0.000456s ]
INFO: [ app_end ] --END-- [ RunTime:0.000491s ]

[ 2017-02-28T09:46:55+08:00 ] 127.0.0.1 /psd1611/16_ThinkPHP/Admin/News/save
INFO: [ app_init ] --START--
INFO: Run Behavior\BuildLiteBehavior [ RunTime:0.000012s ]
INFO: [ app_init ] --END-- [ RunTime:0.000228s ]
INFO: [ app_begin ] --START--
INFO: Run Behavior\ReadHtmlCacheBehavior [ RunTime:0.000339s ]
INFO: [ app_begin ] --END-- [ RunTime:0.000373s ]
SQL: SHOW COLUMNS FROM `news` [ RunTime:0.0012s ]
NOTIC: [8] Undefined index: validate D:\www\psd1611\16_ThinkPHP\ThinkPHP\Library\Think\Model.class.php 第 1185 行.
NOTIC: [8] Undefined index: auto D:\www\psd1611\16_ThinkPHP\ThinkPHP\Library\Think\Model.class.php 第 1128 行.
SQL: INSERT INTO `news` (`title`,`typeid`,`content`,`addtime`) VALUES ('fdasfd','8','fdsadfsa','1488246415') [ RunTime:0.0540s ]
INFO: [ view_parse ] --START--
INFO: [ template_filter ] --START--
INFO: Run Behavior\ContentReplaceBehavior [ RunTime:0.000030s ]
INFO: [ template_filter ] --END-- [ RunTime:0.000069s ]
INFO: Run Behavior\ParseTemplateBehavior [ RunTime:0.004214s ]
INFO: [ view_parse ] --END-- [ RunTime:0.004248s ]
INFO: [ view_filter ] --START--
INFO: Run Behavior\WriteHtmlCacheBehavior [ RunTime:0.000119s ]
INFO: [ view_filter ] --END-- [ RunTime:0.000146s ]
INFO: [ app_end ] --START--
INFO: Run Behavior\ShowPageTraceBehavior [ RunTime:0.000386s ]
INFO: [ app_end ] --END-- [ RunTime:0.000414s ]

[ 2017-02-28T09:46:58+08:00 ] 127.0.0.1 /psd1611/16_ThinkPHP/Admin/News/oper.html
INFO: [ app_init ] --START--
INFO: Run Behavior\BuildLiteBehavior [ RunTime:0.000015s ]
INFO: [ app_init ] --END-- [ RunTime:0.000247s ]
INFO: [ app_begin ] --START--
INFO: Run Behavior\ReadHtmlCacheBehavior [ RunTime:0.000341s ]
INFO: [ app_begin ] --END-- [ RunTime:0.000374s ]
SQL: SHOW COLUMNS FROM `type` [ RunTime:0.0010s ]
SQL: SELECT * FROM `type` WHERE ( fid=0 and state<9 )  [ RunTime:0.0003s ]
SQL: SELECT * FROM `type` WHERE ( fid=1 and state<9 )  [ RunTime:0.0002s ]
SQL: SELECT * FROM `type` WHERE ( fid=2 and state<9 )  [ RunTime:0.0002s ]
SQL: SELECT * FROM `type` WHERE ( fid=3 and state<9 )  [ RunTime:0.0002s ]
SQL: SHOW COLUMNS FROM `news` [ RunTime:0.0009s ]
SQL: SELECT COUNT(*) AS tp_count FROM `news` LIMIT 1   [ RunTime:0.0011s ]
SQL: SELECT n.*,t.tname FROM news n INNER JOIN type as t on n.typeid=t.id  ORDER BY n.id desc LIMIT 0,2   [ RunTime:0.0003s ]
INFO: [ view_parse ] --START--
INFO: [ template_filter ] --START--
INFO: Run Behavior\ContentReplaceBehavior [ RunTime:0.000032s ]
INFO: [ template_filter ] --END-- [ RunTime:0.000074s ]
NOTIC: [8] Undefined index: typeid D:\www\psd1611\16_ThinkPHP\Application\Runtime\Cache\Admin\f82fc21c143b9086256feca5dae7194a.php 第 66 行.
INFO: Run Behavior\ParseTemplateBehavior [ RunTime:0.005726s ]
INFO: [ view_parse ] --END-- [ RunTime:0.005759s ]
INFO: [ view_filter ] --START--
INFO: Run Behavior\WriteHtmlCacheBehavior [ RunTime:0.000122s ]
INFO: [ view_filter ] --END-- [ RunTime:0.000151s ]
INFO: [ app_end ] --START--
INFO: Run Behavior\ShowPageTraceBehavior [ RunTime:0.000398s ]
INFO: [ app_end ] --END-- [ RunTime:0.000427s ]

[ 2017-02-28T09:47:02+08:00 ] 127.0.0.1 /psd1611/16_ThinkPHP/Admin/News/add
INFO: [ app_init ] --START--
INFO: Run Behavior\BuildLiteBehavior [ RunTime:0.000013s ]
INFO: [ app_init ] --END-- [ RunTime:0.000255s ]
INFO: [ app_begin ] --START--
INFO: Run Behavior\ReadHtmlCacheBehavior [ RunTime:0.000558s ]
INFO: [ app_begin ] --END-- [ RunTime:0.000613s ]
SQL: SHOW COLUMNS FROM `type` [ RunTime:0.0010s ]
SQL: SELECT * FROM `type` WHERE ( fid=0 and state<9 )  [ RunTime:0.0003s ]
SQL: SELECT * FROM `type` WHERE ( fid=1 and state<9 )  [ RunTime:0.0002s ]
SQL: SELECT * FROM `type` WHERE ( fid=2 and state<9 )  [ RunTime:0.0002s ]
SQL: SELECT * FROM `type` WHERE ( fid=3 and state<9 )  [ RunTime:0.0002s ]
INFO: [ view_parse ] --START--
INFO: [ template_filter ] --START--
INFO: Run Behavior\ContentReplaceBehavior [ RunTime:0.000028s ]
INFO: [ template_filter ] --END-- [ RunTime:0.000063s ]
INFO: Run Behavior\ParseTemplateBehavior [ RunTime:0.004000s ]
INFO: [ view_parse ] --END-- [ RunTime:0.004037s ]
INFO: [ view_filter ] --START--
INFO: Run Behavior\WriteHtmlCacheBehavior [ RunTime:0.000114s ]
INFO: [ view_filter ] --END-- [ RunTime:0.000142s ]
INFO: [ app_end ] --START--
INFO: Run Behavior\ShowPageTraceBehavior [ RunTime:0.000386s ]
INFO: [ app_end ] --END-- [ RunTime:0.000414s ]

[ 2017-02-28T09:47:06+08:00 ] 127.0.0.1 /psd1611/16_ThinkPHP/Admin/News/save
INFO: [ app_init ] --START--
INFO: Run Behavior\BuildLiteBehavior [ RunTime:0.000011s ]
INFO: [ app_init ] --END-- [ RunTime:0.000229s ]
INFO: [ app_begin ] --START--
INFO: Run Behavior\ReadHtmlCacheBehavior [ RunTime:0.000354s ]
INFO: [ app_begin ] --END-- [ RunTime:0.000387s ]
SQL: SHOW COLUMNS FROM `news` [ RunTime:0.0010s ]
NOTIC: [8] Undefined index: validate D:\www\psd1611\16_ThinkPHP\ThinkPHP\Library\Think\Model.class.php 第 1185 行.
INFO: [ view_parse ] --START--
INFO: [ template_filter ] --START--
INFO: Run Behavior\ContentReplaceBehavior [ RunTime:0.000030s ]
INFO: [ template_filter ] --END-- [ RunTime:0.000073s ]
INFO: Run Behavior\ParseTemplateBehavior [ RunTime:0.004172s ]
INFO: [ view_parse ] --END-- [ RunTime:0.004207s ]
INFO: [ view_filter ] --START--
INFO: Run Behavior\WriteHtmlCacheBehavior [ RunTime:0.000114s ]
INFO: [ view_filter ] --END-- [ RunTime:0.000142s ]

[ 2017-02-28T09:47:07+08:00 ] 127.0.0.1 /psd1611/16_ThinkPHP/Admin/News/add.html
INFO: [ app_init ] --START--
INFO: Run Behavior\BuildLiteBehavior [ RunTime:0.000011s ]
INFO: [ app_init ] --END-- [ RunTime:0.000227s ]
INFO: [ app_begin ] --START--
INFO: Run Behavior\ReadHtmlCacheBehavior [ RunTime:0.000336s ]
INFO: [ app_begin ] --END-- [ RunTime:0.000369s ]
SQL: SHOW COLUMNS FROM `type` [ RunTime:0.0009s ]
SQL: SELECT * FROM `type` WHERE ( fid=0 and state<9 )  [ RunTime:0.0002s ]
SQL: SELECT * FROM `type` WHERE ( fid=1 and state<9 )  [ RunTime:0.0002s ]
SQL: SELECT * FROM `type` WHERE ( fid=2 and state<9 )  [ RunTime:0.0002s ]
SQL: SELECT * FROM `type` WHERE ( fid=3 and state<9 )  [ RunTime:0.0002s ]
INFO: [ view_parse ] --START--
INFO: [ template_filter ] --START--
INFO: Run Behavior\ContentReplaceBehavior [ RunTime:0.000039s ]
INFO: [ template_filter ] --END-- [ RunTime:0.000084s ]
INFO: Run Behavior\ParseTemplateBehavior [ RunTime:0.004075s ]
INFO: [ view_parse ] --END-- [ RunTime:0.004111s ]
INFO: [ view_filter ] --START--
INFO: Run Behavior\WriteHtmlCacheBehavior [ RunTime:0.000115s ]
INFO: [ view_filter ] --END-- [ RunTime:0.000143s ]
INFO: [ app_end ] --START--
INFO: Run Behavior\ShowPageTraceBehavior [ RunTime:0.000393s ]
INFO: [ app_end ] --END-- [ RunTime:0.000422s ]

[ 2017-02-28T09:47:12+08:00 ] 127.0.0.1 /psd1611/16_ThinkPHP/Admin/News/save
INFO: [ app_init ] --START--
INFO: Run Behavior\BuildLiteBehavior [ RunTime:0.000011s ]
INFO: [ app_init ] --END-- [ RunTime:0.000228s ]
INFO: [ app_begin ] --START--
INFO: Run Behavior\ReadHtmlCacheBehavior [ RunTime:0.000362s ]
INFO: [ app_begin ] --END-- [ RunTime:0.000402s ]
SQL: SHOW COLUMNS FROM `news` [ RunTime:0.0009s ]
NOTIC: [8] Undefined index: validate D:\www\psd1611\16_ThinkPHP\ThinkPHP\Library\Think\Model.class.php 第 1185 行.
NOTIC: [8] Undefined index: auto D:\www\psd1611\16_ThinkPHP\ThinkPHP\Library\Think\Model.class.php 第 1128 行.
SQL: INSERT INTO `news` (`title`,`typeid`,`content`,`addtime`) VALUES ('afsafd','8','fsdfa','1488246432') [ RunTime:0.0131s ]
INFO: [ view_parse ] --START--
INFO: [ template_filter ] --START--
INFO: Run Behavior\ContentReplaceBehavior [ RunTime:0.000028s ]
INFO: [ template_filter ] --END-- [ RunTime:0.000063s ]
INFO: Run Behavior\ParseTemplateBehavior [ RunTime:0.004098s ]
INFO: [ view_parse ] --END-- [ RunTime:0.004138s ]
INFO: [ view_filter ] --START--
INFO: Run Behavior\WriteHtmlCacheBehavior [ RunTime:0.000114s ]
INFO: [ view_filter ] --END-- [ RunTime:0.000141s ]
INFO: [ app_end ] --START--
INFO: Run Behavior\ShowPageTraceBehavior [ RunTime:0.000389s ]
INFO: [ app_end ] --END-- [ RunTime:0.000417s ]

[ 2017-02-28T09:47:15+08:00 ] 127.0.0.1 /psd1611/16_ThinkPHP/Admin/News/oper.html
INFO: [ app_init ] --START--
INFO: Run Behavior\BuildLiteBehavior [ RunTime:0.000010s ]
INFO: [ app_init ] --END-- [ RunTime:0.000225s ]
INFO: [ app_begin ] --START--
INFO: Run Behavior\ReadHtmlCacheBehavior [ RunTime:0.000334s ]
INFO: [ app_begin ] --END-- [ RunTime:0.000366s ]
SQL: SHOW COLUMNS FROM `type` [ RunTime:0.0012s ]
SQL: SELECT * FROM `type` WHERE ( fid=0 and state<9 )  [ RunTime:0.0003s ]
SQL: SELECT * FROM `type` WHERE ( fid=1 and state<9 )  [ RunTime:0.0002s ]
SQL: SELECT * FROM `type` WHERE ( fid=2 and state<9 )  [ RunTime:0.0002s ]
SQL: SELECT * FROM `type` WHERE ( fid=3 and state<9 )  [ RunTime:0.0003s ]
SQL: SHOW COLUMNS FROM `news` [ RunTime:0.0015s ]
SQL: SELECT COUNT(*) AS tp_count FROM `news` LIMIT 1   [ RunTime:0.0002s ]
SQL: SELECT n.*,t.tname FROM news n INNER JOIN type as t on n.typeid=t.id  ORDER BY n.id desc LIMIT 0,2   [ RunTime:0.0003s ]
INFO: [ view_parse ] --START--
INFO: [ template_filter ] --START--
INFO: Run Behavior\ContentReplaceBehavior [ RunTime:0.000031s ]
INFO: [ template_filter ] --END-- [ RunTime:0.000066s ]
NOTIC: [8] Undefined index: typeid D:\www\psd1611\16_ThinkPHP\Application\Runtime\Cache\Admin\f82fc21c143b9086256feca5dae7194a.php 第 66 行.
INFO: Run Behavior\ParseTemplateBehavior [ RunTime:0.005168s ]
INFO: [ view_parse ] --END-- [ RunTime:0.005203s ]
INFO: [ view_filter ] --START--
INFO: Run Behavior\WriteHtmlCacheBehavior [ RunTime:0.000127s ]
INFO: [ view_filter ] --END-- [ RunTime:0.000156s ]
INFO: [ app_end ] --START--
INFO: Run Behavior\ShowPageTraceBehavior [ RunTime:0.000394s ]
INFO: [ app_end ] --END-- [ RunTime:0.000423s ]

[ 2017-02-28T09:49:57+08:00 ] 127.0.0.1 /psd1611/16_ThinkPHP/Admin/News/add
INFO: [ app_init ] --START--
INFO: Run Behavior\BuildLiteBehavior [ RunTime:0.000012s ]
INFO: [ app_init ] --END-- [ RunTime:0.000262s ]
INFO: [ app_begin ] --START--
INFO: Run Behavior\ReadHtmlCacheBehavior [ RunTime:0.000393s ]
INFO: [ app_begin ] --END-- [ RunTime:0.000426s ]
SQL: SHOW COLUMNS FROM `type` [ RunTime:0.0013s ]
SQL: SELECT * FROM `type` WHERE ( fid=0 and state<9 )  [ RunTime:0.0003s ]
SQL: SELECT * FROM `type` WHERE ( fid=1 and state<9 )  [ RunTime:0.0002s ]
SQL: SELECT * FROM `type` WHERE ( fid=2 and state<9 )  [ RunTime:0.0002s ]
SQL: SELECT * FROM `type` WHERE ( fid=3 and state<9 )  [ RunTime:0.0001s ]
INFO: [ view_parse ] --START--
INFO: [ template_filter ] --START--
INFO: Run Behavior\ContentReplaceBehavior [ RunTime:0.000048s ]
INFO: [ template_filter ] --END-- [ RunTime:0.000113s ]
INFO: Run Behavior\ParseTemplateBehavior [ RunTime:0.005542s ]
INFO: [ view_parse ] --END-- [ RunTime:0.005579s ]
INFO: [ view_filter ] --START--
INFO: Run Behavior\WriteHtmlCacheBehavior [ RunTime:0.000162s ]
INFO: [ view_filter ] --END-- [ RunTime:0.000189s ]
INFO: [ app_end ] --START--
INFO: Run Behavior\ShowPageTraceBehavior [ RunTime:0.000411s ]
INFO: [ app_end ] --END-- [ RunTime:0.000440s ]

[ 2017-02-28T09:50:01+08:00 ] 127.0.0.1 /psd1611/16_ThinkPHP/Admin/News/save
INFO: [ app_init ] --START--
INFO: Run Behavior\BuildLiteBehavior [ RunTime:0.000012s ]
INFO: [ app_init ] --END-- [ RunTime:0.000282s ]
INFO: [ app_begin ] --START--
INFO: Run Behavior\ReadHtmlCacheBehavior [ RunTime:0.000344s ]
INFO: [ app_begin ] --END-- [ RunTime:0.000377s ]
SQL: SHOW COLUMNS FROM `news` [ RunTime:0.0010s ]
NOTIC: [8] Undefined index: validate D:\www\psd1611\16_ThinkPHP\ThinkPHP\Library\Think\Model.class.php 第 1185 行.
INFO: [ view_parse ] --START--
INFO: [ template_filter ] --START--
INFO: Run Behavior\ContentReplaceBehavior [ RunTime:0.000028s ]
INFO: [ template_filter ] --END-- [ RunTime:0.000065s ]
INFO: Run Behavior\ParseTemplateBehavior [ RunTime:0.003991s ]
INFO: [ view_parse ] --END-- [ RunTime:0.004025s ]
INFO: [ view_filter ] --START--
INFO: Run Behavior\WriteHtmlCacheBehavior [ RunTime:0.000140s ]
INFO: [ view_filter ] --END-- [ RunTime:0.000173s ]

[ 2017-02-28T09:50:04+08:00 ] 127.0.0.1 /psd1611/16_ThinkPHP/Admin/News/add.html
INFO: [ app_init ] --START--
INFO: Run Behavior\BuildLiteBehavior [ RunTime:0.000015s ]
INFO: [ app_init ] --END-- [ RunTime:0.000333s ]
INFO: [ app_begin ] --START--
INFO: Run Behavior\ReadHtmlCacheBehavior [ RunTime:0.000488s ]
INFO: [ app_begin ] --END-- [ RunTime:0.000542s ]
SQL: SHOW COLUMNS FROM `type` [ RunTime:0.0010s ]
SQL: SELECT * FROM `type` WHERE ( fid=0 and state<9 )  [ RunTime:0.0003s ]
SQL: SELECT * FROM `type` WHERE ( fid=1 and state<9 )  [ RunTime:0.0002s ]
SQL: SELECT * FROM `type` WHERE ( fid=2 and state<9 )  [ RunTime:0.0002s ]
SQL: SELECT * FROM `type` WHERE ( fid=3 and state<9 )  [ RunTime:0.0002s ]
INFO: [ view_parse ] --START--
INFO: [ template_filter ] --START--
INFO: Run Behavior\ContentReplaceBehavior [ RunTime:0.000041s ]
INFO: [ template_filter ] --END-- [ RunTime:0.000095s ]
INFO: Run Behavior\ParseTemplateBehavior [ RunTime:0.005356s ]
INFO: [ view_parse ] --END-- [ RunTime:0.005408s ]
INFO: [ view_filter ] --START--
INFO: Run Behavior\WriteHtmlCacheBehavior [ RunTime:0.000189s ]
INFO: [ view_filter ] --END-- [ RunTime:0.000230s ]
INFO: [ app_end ] --START--
INFO: Run Behavior\ShowPageTraceBehavior [ RunTime:0.000585s ]
INFO: [ app_end ] --END-- [ RunTime:0.000639s ]

[ 2017-02-28T09:50:13+08:00 ] 127.0.0.1 /psd1611/16_ThinkPHP/Admin/News/save
INFO: [ app_init ] --START--
INFO: Run Behavior\BuildLiteBehavior [ RunTime:0.000012s ]
INFO: [ app_init ] --END-- [ RunTime:0.000235s ]
INFO: [ app_begin ] --START--
INFO: Run Behavior\ReadHtmlCacheBehavior [ RunTime:0.000347s ]
INFO: [ app_begin ] --END-- [ RunTime:0.000383s ]
SQL: SHOW COLUMNS FROM `news` [ RunTime:0.0012s ]
NOTIC: [8] Undefined index: validate D:\www\psd1611\16_ThinkPHP\ThinkPHP\Library\Think\Model.class.php 第 1185 行.
NOTIC: [8] Undefined index: auto D:\www\psd1611\16_ThinkPHP\ThinkPHP\Library\Think\Model.class.php 第 1128 行.
SQL: INSERT INTO `news` (`title`,`typeid`,`content`,`addtime`) VALUES ('beifang@163.com','8','dfasdfaf','1488246613') [ RunTime:0.0246s ]
INFO: [ view_parse ] --START--
INFO: [ template_filter ] --START--
INFO: Run Behavior\ContentReplaceBehavior [ RunTime:0.000028s ]
INFO: [ template_filter ] --END-- [ RunTime:0.000063s ]
INFO: Run Behavior\ParseTemplateBehavior [ RunTime:0.003975s ]
INFO: [ view_parse ] --END-- [ RunTime:0.004010s ]
INFO: [ view_filter ] --START--
INFO: Run Behavior\WriteHtmlCacheBehavior [ RunTime:0.000121s ]
INFO: [ view_filter ] --END-- [ RunTime:0.000157s ]
INFO: [ app_end ] --START--
INFO: Run Behavior\ShowPageTraceBehavior [ RunTime:0.000412s ]
INFO: [ app_end ] --END-- [ RunTime:0.000447s ]

[ 2017-02-28T09:50:16+08:00 ] 127.0.0.1 /psd1611/16_ThinkPHP/Admin/News/oper.html
INFO: [ app_init ] --START--
INFO: Run Behavior\BuildLiteBehavior [ RunTime:0.000016s ]
INFO: [ app_init ] --END-- [ RunTime:0.000315s ]
INFO: [ app_begin ] --START--
INFO: Run Behavior\ReadHtmlCacheBehavior [ RunTime:0.000362s ]
INFO: [ app_begin ] --END-- [ RunTime:0.000398s ]
SQL: SHOW COLUMNS FROM `type` [ RunTime:0.0009s ]
SQL: SELECT * FROM `type` WHERE ( fid=0 and state<9 )  [ RunTime:0.0002s ]
SQL: SELECT * FROM `type` WHERE ( fid=1 and state<9 )  [ RunTime:0.0001s ]
SQL: SELECT * FROM `type` WHERE ( fid=2 and state<9 )  [ RunTime:0.0001s ]
SQL: SELECT * FROM `type` WHERE ( fid=3 and state<9 )  [ RunTime:0.0001s ]
SQL: SHOW COLUMNS FROM `news` [ RunTime:0.0008s ]
SQL: SELECT COUNT(*) AS tp_count FROM `news` LIMIT 1   [ RunTime:0.0002s ]
SQL: SELECT n.*,t.tname FROM news n INNER JOIN type as t on n.typeid=t.id  ORDER BY n.id desc LIMIT 0,2   [ RunTime:0.0003s ]
INFO: [ view_parse ] --START--
INFO: [ template_filter ] --START--
INFO: Run Behavior\ContentReplaceBehavior [ RunTime:0.000029s ]
INFO: [ template_filter ] --END-- [ RunTime:0.000068s ]
NOTIC: [8] Undefined index: typeid D:\www\psd1611\16_ThinkPHP\Application\Runtime\Cache\Admin\f82fc21c143b9086256feca5dae7194a.php 第 66 行.
INFO: Run Behavior\ParseTemplateBehavior [ RunTime:0.005267s ]
INFO: [ view_parse ] --END-- [ RunTime:0.005300s ]
INFO: [ view_filter ] --START--
INFO: Run Behavior\WriteHtmlCacheBehavior [ RunTime:0.000127s ]
INFO: [ view_filter ] --END-- [ RunTime:0.000161s ]
INFO: [ app_end ] --START--
INFO: Run Behavior\ShowPageTraceBehavior [ RunTime:0.000470s ]
INFO: [ app_end ] --END-- [ RunTime:0.000508s ]

[ 2017-02-28T09:50:20+08:00 ] 127.0.0.1 /psd1611/16_ThinkPHP/Admin/News/add
INFO: [ app_init ] --START--
INFO: Run Behavior\BuildLiteBehavior [ RunTime:0.000011s ]
INFO: [ app_init ] --END-- [ RunTime:0.000229s ]
INFO: [ app_begin ] --START--
INFO: Run Behavior\ReadHtmlCacheBehavior [ RunTime:0.000344s ]
INFO: [ app_begin ] --END-- [ RunTime:0.000384s ]
SQL: SHOW COLUMNS FROM `type` [ RunTime:0.0008s ]
SQL: SELECT * FROM `type` WHERE ( fid=0 and state<9 )  [ RunTime:0.0002s ]
SQL: SELECT * FROM `type` WHERE ( fid=1 and state<9 )  [ RunTime:0.0001s ]
SQL: SELECT * FROM `type` WHERE ( fid=2 and state<9 )  [ RunTime:0.0001s ]
SQL: SELECT * FROM `type` WHERE ( fid=3 and state<9 )  [ RunTime:0.0001s ]
INFO: [ view_parse ] --START--
INFO: [ template_filter ] --START--
INFO: Run Behavior\ContentReplaceBehavior [ RunTime:0.000032s ]
INFO: [ template_filter ] --END-- [ RunTime:0.000080s ]
INFO: Run Behavior\ParseTemplateBehavior [ RunTime:0.004450s ]
INFO: [ view_parse ] --END-- [ RunTime:0.004488s ]
INFO: [ view_filter ] --START--
INFO: Run Behavior\WriteHtmlCacheBehavior [ RunTime:0.000118s ]
INFO: [ view_filter ] --END-- [ RunTime:0.000146s ]
INFO: [ app_end ] --START--
INFO: Run Behavior\ShowPageTraceBehavior [ RunTime:0.000403s ]
INFO: [ app_end ] --END-- [ RunTime:0.000432s ]

[ 2017-02-28T09:50:28+08:00 ] 127.0.0.1 /psd1611/16_ThinkPHP/Admin/News/save
INFO: [ app_init ] --START--
INFO: Run Behavior\BuildLiteBehavior [ RunTime:0.000012s ]
INFO: [ app_init ] --END-- [ RunTime:0.000232s ]
INFO: [ app_begin ] --START--
INFO: Run Behavior\ReadHtmlCacheBehavior [ RunTime:0.000354s ]
INFO: [ app_begin ] --END-- [ RunTime:0.000388s ]
SQL: SHOW COLUMNS FROM `news` [ RunTime:0.0010s ]
NOTIC: [8] Undefined index: validate D:\www\psd1611\16_ThinkPHP\ThinkPHP\Library\Think\Model.class.php 第 1185 行.
INFO: [ view_parse ] --START--
INFO: [ template_filter ] --START--
INFO: Run Behavior\ContentReplaceBehavior [ RunTime:0.000031s ]
INFO: [ template_filter ] --END-- [ RunTime:0.000072s ]
INFO: Run Behavior\ParseTemplateBehavior [ RunTime:0.004226s ]
INFO: [ view_parse ] --END-- [ RunTime:0.004272s ]
INFO: [ view_filter ] --START--
INFO: Run Behavior\WriteHtmlCacheBehavior [ RunTime:0.000120s ]
INFO: [ view_filter ] --END-- [ RunTime:0.000148s ]

[ 2017-02-28T09:50:31+08:00 ] 127.0.0.1 /psd1611/16_ThinkPHP/Admin/News/add.html
INFO: [ app_init ] --START--
INFO: Run Behavior\BuildLiteBehavior [ RunTime:0.000012s ]
INFO: [ app_init ] --END-- [ RunTime:0.000232s ]
INFO: [ app_begin ] --START--
INFO: Run Behavior\ReadHtmlCacheBehavior [ RunTime:0.000448s ]
INFO: [ app_begin ] --END-- [ RunTime:0.000494s ]
SQL: SHOW COLUMNS FROM `type` [ RunTime:0.0010s ]
SQL: SELECT * FROM `type` WHERE ( fid=0 and state<9 )  [ RunTime:0.0002s ]
SQL: SELECT * FROM `type` WHERE ( fid=1 and state<9 )  [ RunTime:0.0002s ]
SQL: SELECT * FROM `type` WHERE ( fid=2 and state<9 )  [ RunTime:0.0002s ]
SQL: SELECT * FROM `type` WHERE ( fid=3 and state<9 )  [ RunTime:0.0001s ]
INFO: [ view_parse ] --START--
INFO: [ template_filter ] --START--
INFO: Run Behavior\ContentReplaceBehavior [ RunTime:0.000030s ]
INFO: [ template_filter ] --END-- [ RunTime:0.000074s ]
INFO: Run Behavior\ParseTemplateBehavior [ RunTime:0.004941s ]
INFO: [ view_parse ] --END-- [ RunTime:0.004989s ]
INFO: [ view_filter ] --START--
INFO: Run Behavior\WriteHtmlCacheBehavior [ RunTime:0.000149s ]
INFO: [ view_filter ] --END-- [ RunTime:0.000187s ]
INFO: [ app_end ] --START--
INFO: Run Behavior\ShowPageTraceBehavior [ RunTime:0.000420s ]
INFO: [ app_end ] --END-- [ RunTime:0.000453s ]

[ 2017-02-28T10:31:22+08:00 ] 127.0.0.1 /psd1611/16_ThinkPHP/Admin/News/save
INFO: [ app_init ] --START--
INFO: Run Behavior\BuildLiteBehavior [ RunTime:0.000011s ]
INFO: [ app_init ] --END-- [ RunTime:0.000247s ]
INFO: [ app_begin ] --START--
INFO: Run Behavior\ReadHtmlCacheBehavior [ RunTime:0.000387s ]
INFO: [ app_begin ] --END-- [ RunTime:0.000422s ]
SQL: SHOW COLUMNS FROM `news` [ RunTime:0.0013s ]
NOTIC: [8] Undefined index: validate D:\www\psd1611\16_ThinkPHP\ThinkPHP\Library\Think\Model.class.php 第 1185 行.
NOTIC: [8] Undefined index: auto D:\www\psd1611\16_ThinkPHP\ThinkPHP\Library\Think\Model.class.php 第 1128 行.

[ 2017-02-28T15:48:57+08:00 ] 127.0.0.1 /psd1611/16_ThinkPHP/Admin/
INFO: [ app_init ] --START--
INFO: Run Behavior\BuildLiteBehavior [ RunTime:0.000014s ]
INFO: [ app_init ] --END-- [ RunTime:0.000374s ]
INFO: [ app_begin ] --START--
INFO: Run Behavior\ReadHtmlCacheBehavior [ RunTime:0.000413s ]
INFO: [ app_begin ] --END-- [ RunTime:0.000456s ]
INFO: [ view_parse ] --START--
INFO: [ template_filter ] --START--
INFO: Run Behavior\ContentReplaceBehavior [ RunTime:0.000025s ]
INFO: [ template_filter ] --END-- [ RunTime:0.000058s ]
INFO: Run Behavior\ParseTemplateBehavior [ RunTime:0.003722s ]
INFO: [ view_parse ] --END-- [ RunTime:0.003754s ]
INFO: [ view_filter ] --START--
INFO: Run Behavior\WriteHtmlCacheBehavior [ RunTime:0.000146s ]
INFO: [ view_filter ] --END-- [ RunTime:0.000174s ]
INFO: [ app_end ] --START--
INFO: Run Behavior\ShowPageTraceBehavior [ RunTime:0.000397s ]
INFO: [ app_end ] --END-- [ RunTime:0.000426s ]

[ 2017-02-28T15:48:58+08:00 ] 127.0.0.1 /psd1611/16_ThinkPHP/Admin/Product/add
INFO: [ app_init ] --START--
INFO: Run Behavior\BuildLiteBehavior [ RunTime:0.000011s ]
INFO: [ app_init ] --END-- [ RunTime:0.000221s ]
INFO: [ app_begin ] --START--
INFO: Run Behavior\ReadHtmlCacheBehavior [ RunTime:0.000337s ]
INFO: [ app_begin ] --END-- [ RunTime:0.000369s ]
INFO: [ view_parse ] --START--
INFO: [ template_filter ] --START--
INFO: Run Behavior\ContentReplaceBehavior [ RunTime:0.000029s ]
INFO: [ template_filter ] --END-- [ RunTime:0.000075s ]
INFO: Run Behavior\ParseTemplateBehavior [ RunTime:0.004702s ]
INFO: [ view_parse ] --END-- [ RunTime:0.004735s ]
INFO: [ view_filter ] --START--
INFO: Run Behavior\WriteHtmlCacheBehavior [ RunTime:0.000121s ]
INFO: [ view_filter ] --END-- [ RunTime:0.000147s ]
INFO: [ app_end ] --START--
INFO: Run Behavior\ShowPageTraceBehavior [ RunTime:0.000425s ]
INFO: [ app_end ] --END-- [ RunTime:0.000461s ]

[ 2017-02-28T15:49:09+08:00 ] 127.0.0.1 /psd1611/16_ThinkPHP/Admin/Product/save
INFO: [ app_init ] --START--
INFO: Run Behavior\BuildLiteBehavior [ RunTime:0.000011s ]
INFO: [ app_init ] --END-- [ RunTime:0.000226s ]
INFO: [ app_begin ] --START--
INFO: Run Behavior\ReadHtmlCacheBehavior [ RunTime:0.000333s ]
INFO: [ app_begin ] --END-- [ RunTime:0.000367s ]
SQL: SHOW COLUMNS FROM `product` [ RunTime:0.0011s ]
SQL: INSERT INTO `product` (`title`,`price`) VALUES ('suibian','10') [ RunTime:0.0217s ]

[ 2017-02-28T15:49:26+08:00 ] 127.0.0.1 /psd1611/16_ThinkPHP/Admin/Product/save
INFO: [ app_init ] --START--
INFO: Run Behavior\BuildLiteBehavior [ RunTime:0.000016s ]
INFO: [ app_init ] --END-- [ RunTime:0.000320s ]
INFO: [ app_begin ] --START--
INFO: Run Behavior\ReadHtmlCacheBehavior [ RunTime:0.000337s ]
INFO: [ app_begin ] --END-- [ RunTime:0.000371s ]
SQL: SHOW COLUMNS FROM `product` [ RunTime:0.0012s ]
SQL: INSERT INTO `product` (`title`,`price`) VALUES ('suibian1','10') [ RunTime:0.0178s ]

[ 2017-02-28T15:49:30+08:00 ] 127.0.0.1 /psd1611/16_ThinkPHP/Admin/Product/save
INFO: [ app_init ] --START--
INFO: Run Behavior\BuildLiteBehavior [ RunTime:0.000012s ]
INFO: [ app_init ] --END-- [ RunTime:0.000227s ]
INFO: [ app_begin ] --START--
INFO: Run Behavior\ReadHtmlCacheBehavior [ RunTime:0.000329s ]
INFO: [ app_begin ] --END-- [ RunTime:0.000361s ]
SQL: SHOW COLUMNS FROM `product` [ RunTime:0.0011s ]
SQL: INSERT INTO `product` (`title`,`price`) VALUES ('suibian3','10') [ RunTime:0.0175s ]

[ 2017-02-28T15:52:09+08:00 ] 127.0.0.1 /psd1611/16_ThinkPHP/Admin/Product/add
INFO: [ app_init ] --START--
INFO: Run Behavior\BuildLiteBehavior [ RunTime:0.000011s ]
INFO: [ app_init ] --END-- [ RunTime:0.000239s ]
INFO: [ app_begin ] --START--
INFO: Run Behavior\ReadHtmlCacheBehavior [ RunTime:0.000483s ]
INFO: [ app_begin ] --END-- [ RunTime:0.000525s ]
INFO: [ view_parse ] --START--
INFO: [ template_filter ] --START--
INFO: Run Behavior\ContentReplaceBehavior [ RunTime:0.000027s ]
INFO: [ template_filter ] --END-- [ RunTime:0.000065s ]
INFO: Run Behavior\ParseTemplateBehavior [ RunTime:0.003955s ]
INFO: [ view_parse ] --END-- [ RunTime:0.003990s ]
INFO: [ view_filter ] --START--
INFO: Run Behavior\WriteHtmlCacheBehavior [ RunTime:0.000164s ]
INFO: [ view_filter ] --END-- [ RunTime:0.000192s ]
INFO: [ app_end ] --START--
INFO: Run Behavior\ShowPageTraceBehavior [ RunTime:0.000400s ]
INFO: [ app_end ] --END-- [ RunTime:0.000430s ]

[ 2017-02-28T15:52:22+08:00 ] 127.0.0.1 /psd1611/16_ThinkPHP/Admin/Product/save
INFO: [ app_init ] --START--
INFO: Run Behavior\BuildLiteBehavior [ RunTime:0.000010s ]
INFO: [ app_init ] --END-- [ RunTime:0.000218s ]
INFO: [ app_begin ] --START--
INFO: Run Behavior\ReadHtmlCacheBehavior [ RunTime:0.000336s ]
INFO: [ app_begin ] --END-- [ RunTime:0.000370s ]
SQL: SHOW COLUMNS FROM `product` [ RunTime:0.0011s ]
SQL: INSERT INTO `product` (`title`,`price`) VALUES ('suibian4','10') [ RunTime:0.0156s ]
NOTIC: [2] call_user_func() expects parameter 1 to be a valid callback, no array or string given D:\www\psd1611\16_ThinkPHP\ThinkPHP\Library\Think\Upload.class.php 第 170 行.
NOTIC: [2] call_user_func() expects parameter 1 to be a valid callback, no array or string given D:\www\psd1611\16_ThinkPHP\ThinkPHP\Library\Think\Upload.class.php 第 170 行.
NOTIC: [2] call_user_func() expects parameter 1 to be a valid callback, no array or string given D:\www\psd1611\16_ThinkPHP\ThinkPHP\Library\Think\Upload.class.php 第 170 行.

[ 2017-02-28T15:59:49+08:00 ] 127.0.0.1 /psd1611/16_ThinkPHP/Admin/Product/save
INFO: [ app_init ] --START--
INFO: Run Behavior\BuildLiteBehavior [ RunTime:0.000012s ]
INFO: [ app_init ] --END-- [ RunTime:0.000255s ]
INFO: [ app_begin ] --START--
INFO: Run Behavior\ReadHtmlCacheBehavior [ RunTime:0.000442s ]
INFO: [ app_begin ] --END-- [ RunTime:0.000476s ]
SQL: SHOW COLUMNS FROM `product` [ RunTime:0.0008s ]
SQL: INSERT INTO `product` (`title`,`price`) VALUES ('suibian4','10') [ RunTime:0.0141s ]
NOTIC: [2] call_user_func() expects parameter 1 to be a valid callback, no array or string given D:\www\psd1611\16_ThinkPHP\ThinkPHP\Library\Think\Upload.class.php 第 170 行.
NOTIC: [2] call_user_func() expects parameter 1 to be a valid callback, no array or string given D:\www\psd1611\16_ThinkPHP\ThinkPHP\Library\Think\Upload.class.php 第 170 行.
NOTIC: [2] call_user_func() expects parameter 1 to be a valid callback, no array or string given D:\www\psd1611\16_ThinkPHP\ThinkPHP\Library\Think\Upload.class.php 第 170 行.
SQL: SHOW COLUMNS FROM `productimage` [ RunTime:0.0010s ]
SQL: INSERT INTO `productimage` (`imagename`,`productid`) VALUES ('58b52df5b5901.jpg','5') [ RunTime:0.0156s ]
SQL: INSERT INTO `productimage` (`imagename`,`productid`) VALUES ('58b52df5b5c11.jpg','5') [ RunTime:0.0138s ]
SQL: INSERT INTO `productimage` (`imagename`,`productid`) VALUES ('58b52df5b5f42.jpg','5') [ RunTime:0.0124s ]
INFO: [ view_parse ] --START--
INFO: [ template_filter ] --START--
INFO: Run Behavior\ContentReplaceBehavior [ RunTime:0.000029s ]
INFO: [ template_filter ] --END-- [ RunTime:0.000066s ]
INFO: Run Behavior\ParseTemplateBehavior [ RunTime:0.004452s ]
INFO: [ view_parse ] --END-- [ RunTime:0.004491s ]
INFO: [ view_filter ] --START--
INFO: Run Behavior\WriteHtmlCacheBehavior [ RunTime:0.000234s ]
INFO: [ view_filter ] --END-- [ RunTime:0.000263s ]
INFO: [ app_end ] --START--
INFO: Run Behavior\ShowPageTraceBehavior [ RunTime:0.000446s ]
INFO: [ app_end ] --END-- [ RunTime:0.000478s ]

[ 2017-02-28T15:59:50+08:00 ] 127.0.0.1 /psd1611/16_ThinkPHP/Admin/Product/oper.html
INFO: [ app_init ] --START--
INFO: Run Behavior\BuildLiteBehavior [ RunTime:0.000011s ]
INFO: [ app_init ] --END-- [ RunTime:0.000241s ]
INFO: [ app_begin ] --START--
INFO: Run Behavior\ReadHtmlCacheBehavior [ RunTime:0.000520s ]
INFO: [ app_begin ] --END-- [ RunTime:0.000569s ]
ERR: 非法操作:oper

[ 2017-02-28T16:22:42+08:00 ] 127.0.0.1 /psd1611/16_ThinkPHP/Admin/Product/add
INFO: [ app_init ] --START--
INFO: Run Behavior\BuildLiteBehavior [ RunTime:0.000014s ]
INFO: [ app_init ] --END-- [ RunTime:0.000301s ]
INFO: [ app_begin ] --START--
INFO: Run Behavior\ReadHtmlCacheBehavior [ RunTime:0.000497s ]
INFO: [ app_begin ] --END-- [ RunTime:0.000542s ]
INFO: [ view_parse ] --START--
INFO: [ template_filter ] --START--
INFO: Run Behavior\ContentReplaceBehavior [ RunTime:0.000028s ]
INFO: [ template_filter ] --END-- [ RunTime:0.000068s ]
INFO: Run Behavior\ParseTemplateBehavior [ RunTime:0.004697s ]
INFO: [ view_parse ] --END-- [ RunTime:0.004740s ]
INFO: [ view_filter ] --START--
INFO: Run Behavior\WriteHtmlCacheBehavior [ RunTime:0.000316s ]
INFO: [ view_filter ] --END-- [ RunTime:0.000357s ]
INFO: [ app_end ] --START--
INFO: Run Behavior\ShowPageTraceBehavior [ RunTime:0.000546s ]
INFO: [ app_end ] --END-- [ RunTime:0.000615s ]

[ 2017-02-28T16:22:43+08:00 ] 127.0.0.1 /psd1611/16_ThinkPHP/Admin/Product/oper
INFO: [ app_init ] --START--
INFO: Run Behavior\BuildLiteBehavior [ RunTime:0.000012s ]
INFO: [ app_init ] --END-- [ RunTime:0.000249s ]
INFO: [ app_begin ] --START--
INFO: Run Behavior\ReadHtmlCacheBehavior [ RunTime:0.000525s ]
INFO: [ app_begin ] --END-- [ RunTime:0.000582s ]
ERR: 非法操作:oper

[ 2017-02-28T16:26:26+08:00 ] 127.0.0.1 /psd1611/16_ThinkPHP/Admin/Product/oper
INFO: [ app_init ] --START--
INFO: Run Behavior\BuildLiteBehavior [ RunTime:0.000011s ]
INFO: [ app_init ] --END-- [ RunTime:0.000253s ]
INFO: [ app_begin ] --START--
INFO: Run Behavior\ReadHtmlCacheBehavior [ RunTime:0.000452s ]
INFO: [ app_begin ] --END-- [ RunTime:0.000485s ]
SQL: SHOW COLUMNS FROM `product` [ RunTime:0.0009s ]
SQL: SELECT * FROM `product`  [ RunTime:0.0003s ]
INFO: [ view_parse ] --START--
INFO: [ template_filter ] --START--
INFO: Run Behavior\ContentReplaceBehavior [ RunTime:0.000029s ]
INFO: [ template_filter ] --END-- [ RunTime:0.000070s ]
NOTIC: [8] Undefined index: image D:\www\psd1611\16_ThinkPHP\Application\Runtime\Cache\Admin\372e7789ae946d09b57df363bf4d5756.php 第 21 行.
NOTIC: [8] Undefined index: image D:\www\psd1611\16_ThinkPHP\Application\Runtime\Cache\Admin\372e7789ae946d09b57df363bf4d5756.php 第 21 行.
NOTIC: [8] Undefined index: image D:\www\psd1611\16_ThinkPHP\Application\Runtime\Cache\Admin\372e7789ae946d09b57df363bf4d5756.php 第 21 行.
NOTIC: [8] Undefined index: image D:\www\psd1611\16_ThinkPHP\Application\Runtime\Cache\Admin\372e7789ae946d09b57df363bf4d5756.php 第 21 行.
NOTIC: [8] Undefined index: image D:\www\psd1611\16_ThinkPHP\Application\Runtime\Cache\Admin\372e7789ae946d09b57df363bf4d5756.php 第 21 行.
INFO: Run Behavior\ParseTemplateBehavior [ RunTime:0.005545s ]
INFO: [ view_parse ] --END-- [ RunTime:0.005583s ]
INFO: [ view_filter ] --START--
INFO: Run Behavior\WriteHtmlCacheBehavior [ RunTime:0.000219s ]
INFO: [ view_filter ] --END-- [ RunTime:0.000248s ]
INFO: [ app_end ] --START--
INFO: Run Behavior\ShowPageTraceBehavior [ RunTime:0.000430s ]
INFO: [ app_end ] --END-- [ RunTime:0.000461s ]

[ 2017-02-28T16:29:26+08:00 ] 127.0.0.1 /psd1611/16_ThinkPHP/Admin/Product/oper
INFO: [ app_init ] --START--
INFO: Run Behavior\BuildLiteBehavior [ RunTime:0.000012s ]
INFO: [ app_init ] --END-- [ RunTime:0.000329s ]
INFO: [ app_begin ] --START--
INFO: Run Behavior\ReadHtmlCacheBehavior [ RunTime:0.000463s ]
INFO: [ app_begin ] --END-- [ RunTime:0.000500s ]
SQL: SHOW COLUMNS FROM `product` [ RunTime:0.0010s ]
SQL: SELECT * FROM `product`  [ RunTime:0.0002s ]
SQL: SHOW COLUMNS FROM `productimage` [ RunTime:0.0008s ]
SQL: SELECT * FROM `productimage` WHERE ( productid=1 ) LIMIT 1   [ RunTime:0.0002s ]
SQL: SELECT * FROM `productimage` WHERE ( productid=2 ) LIMIT 1   [ RunTime:0.0002s ]
SQL: SELECT * FROM `productimage` WHERE ( productid=3 ) LIMIT 1   [ RunTime:0.0002s ]
SQL: SELECT * FROM `productimage` WHERE ( productid=4 ) LIMIT 1   [ RunTime:0.0002s ]
SQL: SELECT * FROM `productimage` WHERE ( productid=5 ) LIMIT 1   [ RunTime:0.0001s ]
INFO: [ view_parse ] --START--
INFO: [ template_filter ] --START--
INFO: Run Behavior\ContentReplaceBehavior [ RunTime:0.000027s ]
INFO: [ template_filter ] --END-- [ RunTime:0.000064s ]
INFO: Run Behavior\ParseTemplateBehavior [ RunTime:0.004975s ]
INFO: [ view_parse ] --END-- [ RunTime:0.005014s ]
INFO: [ view_filter ] --START--
INFO: Run Behavior\WriteHtmlCacheBehavior [ RunTime:0.000282s ]
INFO: [ view_filter ] --END-- [ RunTime:0.000319s ]
INFO: [ app_end ] --START--
INFO: Run Behavior\ShowPageTraceBehavior [ RunTime:0.000650s ]
INFO: [ app_end ] --END-- [ RunTime:0.000681s ]

[ 2017-02-28T16:35:18+08:00 ] 127.0.0.1 /psd1611/16_ThinkPHP/Admin/Product/oper
INFO: [ app_init ] --START--
INFO: Run Behavior\BuildLiteBehavior [ RunTime:0.000012s ]
INFO: [ app_init ] --END-- [ RunTime:0.000243s ]
INFO: [ app_begin ] --START--
INFO: Run Behavior\ReadHtmlCacheBehavior [ RunTime:0.000448s ]
INFO: [ app_begin ] --END-- [ RunTime:0.000481s ]
SQL: SHOW COLUMNS FROM `product` [ RunTime:0.0012s ]
SQL: SELECT * FROM `product`  [ RunTime:0.0003s ]
SQL: SHOW COLUMNS FROM `productimage` [ RunTime:0.0010s ]
SQL: SELECT * FROM `productimage` WHERE ( productid=1 ) LIMIT 1   [ RunTime:0.0002s ]
SQL: SELECT * FROM `productimage` WHERE ( productid=2 ) LIMIT 1   [ RunTime:0.0002s ]
SQL: SELECT * FROM `productimage` WHERE ( productid=3 ) LIMIT 1   [ RunTime:0.0002s ]
SQL: SELECT * FROM `productimage` WHERE ( productid=4 ) LIMIT 1   [ RunTime:0.0002s ]
SQL: SELECT * FROM `productimage` WHERE ( productid=5 ) LIMIT 1   [ RunTime:0.0001s ]
INFO: [ view_parse ] --START--
INFO: [ template_filter ] --START--
INFO: Run Behavior\ContentReplaceBehavior [ RunTime:0.000028s ]
INFO: [ template_filter ] --END-- [ RunTime:0.000065s ]
INFO: Run Behavior\ParseTemplateBehavior [ RunTime:0.004944s ]
INFO: [ view_parse ] --END-- [ RunTime:0.004978s ]
INFO: [ view_filter ] --START--
INFO: Run Behavior\WriteHtmlCacheBehavior [ RunTime:0.000217s ]
INFO: [ view_filter ] --END-- [ RunTime:0.000245s ]
INFO: [ app_end ] --START--
INFO: Run Behavior\ShowPageTraceBehavior [ RunTime:0.000448s ]
INFO: [ app_end ] --END-- [ RunTime:0.000475s ]

[ 2017-02-28T16:35:39+08:00 ] 127.0.0.1 /psd1611/16_ThinkPHP/Admin/Product/oper
INFO: [ app_init ] --START--
INFO: Run Behavior\BuildLiteBehavior [ RunTime:0.000012s ]
INFO: [ app_init ] --END-- [ RunTime:0.000245s ]
INFO: [ app_begin ] --START--
INFO: Run Behavior\ReadHtmlCacheBehavior [ RunTime:0.000388s ]
INFO: [ app_begin ] --END-- [ RunTime:0.000435s ]
SQL: SHOW COLUMNS FROM `product` [ RunTime:0.0010s ]
SQL: SELECT * FROM `product`  [ RunTime:0.0002s ]
SQL: SHOW COLUMNS FROM `productimage` [ RunTime:0.0010s ]
SQL: SELECT * FROM `productimage` WHERE ( productid=1 ) LIMIT 1   [ RunTime:0.0003s ]
SQL: SELECT * FROM `productimage` WHERE ( productid=2 ) LIMIT 1   [ RunTime:0.0002s ]
SQL: SELECT * FROM `productimage` WHERE ( productid=3 ) LIMIT 1   [ RunTime:0.0002s ]
SQL: SELECT * FROM `productimage` WHERE ( productid=4 ) LIMIT 1   [ RunTime:0.0001s ]
SQL: SELECT * FROM `productimage` WHERE ( productid=5 ) LIMIT 1   [ RunTime:0.0001s ]
INFO: [ view_parse ] --START--
INFO: [ template_filter ] --START--
INFO: Run Behavior\ContentReplaceBehavior [ RunTime:0.000038s ]
INFO: [ template_filter ] --END-- [ RunTime:0.000094s ]
INFO: Run Behavior\ParseTemplateBehavior [ RunTime:0.005082s ]
INFO: [ view_parse ] --END-- [ RunTime:0.005123s ]
INFO: [ view_filter ] --START--
INFO: Run Behavior\WriteHtmlCacheBehavior [ RunTime:0.000172s ]
INFO: [ view_filter ] --END-- [ RunTime:0.000204s ]
INFO: [ app_end ] --START--
INFO: Run Behavior\ShowPageTraceBehavior [ RunTime:0.000381s ]
INFO: [ app_end ] --END-- [ RunTime:0.000410s ]

[ 2017-02-28T16:36:39+08:00 ] 127.0.0.1 /psd1611/16_ThinkPHP/Admin/Product/oper
INFO: [ app_init ] --START--
INFO: Run Behavior\BuildLiteBehavior [ RunTime:0.000011s ]
INFO: [ app_init ] --END-- [ RunTime:0.000226s ]
INFO: [ app_begin ] --START--
INFO: Run Behavior\ReadHtmlCacheBehavior [ RunTime:0.000338s ]
INFO: [ app_begin ] --END-- [ RunTime:0.000370s ]
SQL: SHOW COLUMNS FROM `product` [ RunTime:0.0010s ]
SQL: SELECT * FROM `product`  [ RunTime:0.0002s ]
SQL: SHOW COLUMNS FROM `productimage` [ RunTime:0.0011s ]
SQL: SELECT * FROM `productimage` WHERE ( productid=1 ) LIMIT 1   [ RunTime:0.0002s ]
SQL: SELECT * FROM `productimage` WHERE ( productid=2 ) LIMIT 1   [ RunTime:0.0002s ]
SQL: SELECT * FROM `productimage` WHERE ( productid=3 ) LIMIT 1   [ RunTime:0.0001s ]
SQL: SELECT * FROM `productimage` WHERE ( productid=4 ) LIMIT 1   [ RunTime:0.0001s ]
SQL: SELECT * FROM `productimage` WHERE ( productid=5 ) LIMIT 1   [ RunTime:0.0001s ]
INFO: [ view_parse ] --START--
INFO: [ template_filter ] --START--
INFO: Run Behavior\ContentReplaceBehavior [ RunTime:0.000032s ]
INFO: [ template_filter ] --END-- [ RunTime:0.000074s ]
INFO: Run Behavior\ParseTemplateBehavior [ RunTime:0.004482s ]
INFO: [ view_parse ] --END-- [ RunTime:0.004515s ]
INFO: [ view_filter ] --START--
INFO: Run Behavior\WriteHtmlCacheBehavior [ RunTime:0.000117s ]
INFO: [ view_filter ] --END-- [ RunTime:0.000145s ]
INFO: [ app_end ] --START--
INFO: Run Behavior\ShowPageTraceBehavior [ RunTime:0.000345s ]
INFO: [ app_end ] --END-- [ RunTime:0.000374s ]

[ 2017-02-28T16:36:41+08:00 ] 127.0.0.1 /psd1611/16_ThinkPHP/Admin/Product/update/id/1
INFO: [ app_init ] --START--
INFO: Run Behavior\BuildLiteBehavior [ RunTime:0.000011s ]
INFO: [ app_init ] --END-- [ RunTime:0.000234s ]
INFO: [ app_begin ] --START--
INFO: Run Behavior\ReadHtmlCacheBehavior [ RunTime:0.000347s ]
INFO: [ app_begin ] --END-- [ RunTime:0.000380s ]
ERR: 非法操作:update

[ 2017-02-28T16:42:59+08:00 ] 127.0.0.1 /psd1611/16_ThinkPHP/Admin/Product/update/id/1
INFO: [ app_init ] --START--
INFO: Run Behavior\BuildLiteBehavior [ RunTime:0.000011s ]
INFO: [ app_init ] --END-- [ RunTime:0.000244s ]
INFO: [ app_begin ] --START--
INFO: Run Behavior\ReadHtmlCacheBehavior [ RunTime:0.000381s ]
INFO: [ app_begin ] --END-- [ RunTime:0.000414s ]
SQL: SHOW COLUMNS FROM `product` [ RunTime:0.0009s ]
SQL: SELECT * FROM `product` WHERE ( id=1 ) LIMIT 1   [ RunTime:0.0005s ]
SQL: SHOW COLUMNS FROM `productimage` [ RunTime:0.0009s ]
SQL: SELECT * FROM `productimage` WHERE ( productid=1 )  [ RunTime:0.0002s ]
INFO: [ view_parse ] --START--
INFO: [ template_filter ] --START--
INFO: Run Behavior\ContentReplaceBehavior [ RunTime:0.000031s ]
INFO: [ template_filter ] --END-- [ RunTime:0.000070s ]
INFO: Run Behavior\ParseTemplateBehavior [ RunTime:0.004597s ]
INFO: [ view_parse ] --END-- [ RunTime:0.004630s ]
INFO: [ view_filter ] --START--
INFO: Run Behavior\WriteHtmlCacheBehavior [ RunTime:0.000147s ]
INFO: [ view_filter ] --END-- [ RunTime:0.000176s ]
INFO: [ app_end ] --START--
INFO: Run Behavior\ShowPageTraceBehavior [ RunTime:0.000375s ]
INFO: [ app_end ] --END-- [ RunTime:0.000404s ]

[ 2017-02-28T16:43:07+08:00 ] 127.0.0.1 /psd1611/16_ThinkPHP/Admin/Product/update/id/5
INFO: [ app_init ] --START--
INFO: Run Behavior\BuildLiteBehavior [ RunTime:0.000012s ]
INFO: [ app_init ] --END-- [ RunTime:0.000271s ]
INFO: [ app_begin ] --START--
INFO: Run Behavior\ReadHtmlCacheBehavior [ RunTime:0.000359s ]
INFO: [ app_begin ] --END-- [ RunTime:0.000394s ]
SQL: SHOW COLUMNS FROM `product` [ RunTime:0.0011s ]
SQL: SELECT * FROM `product` WHERE ( id=5 ) LIMIT 1   [ RunTime:0.0002s ]
SQL: SHOW COLUMNS FROM `productimage` [ RunTime:0.0008s ]
SQL: SELECT * FROM `productimage` WHERE ( productid=5 )  [ RunTime:0.0001s ]
INFO: [ view_parse ] --START--
INFO: [ template_filter ] --START--
INFO: Run Behavior\ContentReplaceBehavior [ RunTime:0.000031s ]
INFO: [ template_filter ] --END-- [ RunTime:0.000072s ]
INFO: Run Behavior\ParseTemplateBehavior [ RunTime:0.005107s ]
INFO: [ view_parse ] --END-- [ RunTime:0.005142s ]
INFO: [ view_filter ] --START--
INFO: Run Behavior\WriteHtmlCacheBehavior [ RunTime:0.000116s ]
INFO: [ view_filter ] --END-- [ RunTime:0.000145s ]
INFO: [ app_end ] --START--
INFO: Run Behavior\ShowPageTraceBehavior [ RunTime:0.000467s ]
INFO: [ app_end ] --END-- [ RunTime:0.000524s ]

[ 2017-02-28T16:45:05+08:00 ] 127.0.0.1 /psd1611/16_ThinkPHP/Admin/Product/update/id/5
INFO: [ app_init ] --START--
INFO: Run Behavior\BuildLiteBehavior [ RunTime:0.000010s ]
INFO: [ app_init ] --END-- [ RunTime:0.000246s ]
INFO: [ app_begin ] --START--
INFO: Run Behavior\ReadHtmlCacheBehavior [ RunTime:0.000387s ]
INFO: [ app_begin ] --END-- [ RunTime:0.000421s ]
SQL: SHOW COLUMNS FROM `product` [ RunTime:0.0010s ]
SQL: SELECT * FROM `product` WHERE ( id=5 ) LIMIT 1   [ RunTime:0.0002s ]
SQL: SHOW COLUMNS FROM `productimage` [ RunTime:0.0008s ]
SQL: SELECT * FROM `productimage` WHERE ( productid=5 )  [ RunTime:0.0001s ]
INFO: [ view_parse ] --START--
INFO: [ template_filter ] --START--
INFO: Run Behavior\ContentReplaceBehavior [ RunTime:0.000045s ]
INFO: [ template_filter ] --END-- [ RunTime:0.000099s ]
INFO: Run Behavior\ParseTemplateBehavior [ RunTime:0.005370s ]
INFO: [ view_parse ] --END-- [ RunTime:0.005407s ]
INFO: [ view_filter ] --START--
INFO: Run Behavior\WriteHtmlCacheBehavior [ RunTime:0.000162s ]
INFO: [ view_filter ] --END-- [ RunTime:0.000192s ]
INFO: [ app_end ] --START--
INFO: Run Behavior\ShowPageTraceBehavior [ RunTime:0.000385s ]
INFO: [ app_end ] --END-- [ RunTime:0.000414s ]

[ 2017-02-28T16:51:07+08:00 ] 127.0.0.1 /psd1611/16_ThinkPHP/Admin/Product/update/id/5
INFO: [ app_init ] --START--
INFO: Run Behavior\BuildLiteBehavior [ RunTime:0.000015s ]
INFO: [ app_init ] --END-- [ RunTime:0.000306s ]
INFO: [ app_begin ] --START--
INFO: Run Behavior\ReadHtmlCacheBehavior [ RunTime:0.000595s ]
INFO: [ app_begin ] --END-- [ RunTime:0.000662s ]
SQL: SHOW COLUMNS FROM `product` [ RunTime:0.0011s ]
SQL: SELECT * FROM `product` WHERE ( id=5 ) LIMIT 1   [ RunTime:0.0002s ]
SQL: SHOW COLUMNS FROM `productimage` [ RunTime:0.0010s ]
SQL: SELECT * FROM `productimage` WHERE ( productid=5 )  [ RunTime:0.0004s ]
INFO: [ view_parse ] --START--
INFO: [ template_filter ] --START--
INFO: Run Behavior\ContentReplaceBehavior [ RunTime:0.000051s ]
INFO: [ template_filter ] --END-- [ RunTime:0.000109s ]
INFO: Run Behavior\ParseTemplateBehavior [ RunTime:0.007655s ]
INFO: [ view_parse ] --END-- [ RunTime:0.007718s ]
INFO: [ view_filter ] --START--
INFO: Run Behavior\WriteHtmlCacheBehavior [ RunTime:0.000226s ]
INFO: [ view_filter ] --END-- [ RunTime:0.000269s ]
INFO: [ app_end ] --START--
INFO: Run Behavior\ShowPageTraceBehavior [ RunTime:0.000876s ]
INFO: [ app_end ] --END-- [ RunTime:0.000931s ]

[ 2017-02-28T16:51:23+08:00 ] 127.0.0.1 /psd1611/16_ThinkPHP/Admin/Product/delimage
INFO: [ app_init ] --START--
INFO: Run Behavior\BuildLiteBehavior [ RunTime:0.000011s ]
INFO: [ app_init ] --END-- [ RunTime:0.000227s ]
INFO: [ app_begin ] --START--
INFO: Run Behavior\ReadHtmlCacheBehavior [ RunTime:0.000336s ]
INFO: [ app_begin ] --END-- [ RunTime:0.000366s ]
SQL: SHOW COLUMNS FROM `productimage` [ RunTime:0.0011s ]
SQL: DELETE FROM `productimage` WHERE ( id=2 ) [ RunTime:0.0350s ]

[ 2017-02-28T16:54:02+08:00 ] 127.0.0.1 /psd1611/16_ThinkPHP/Admin/Product/update/id/5
INFO: [ app_init ] --START--
INFO: Run Behavior\BuildLiteBehavior [ RunTime:0.000010s ]
INFO: [ app_init ] --END-- [ RunTime:0.000259s ]
INFO: [ app_begin ] --START--
INFO: Run Behavior\ReadHtmlCacheBehavior [ RunTime:0.000398s ]
INFO: [ app_begin ] --END-- [ RunTime:0.000432s ]
SQL: SHOW COLUMNS FROM `product` [ RunTime:0.0009s ]
SQL: SELECT * FROM `product` WHERE ( id=5 ) LIMIT 1   [ RunTime:0.0002s ]
SQL: SHOW COLUMNS FROM `productimage` [ RunTime:0.0007s ]
SQL: SELECT * FROM `productimage` WHERE ( productid=5 )  [ RunTime:0.0001s ]
INFO: [ view_parse ] --START--
INFO: [ template_filter ] --START--
INFO: Run Behavior\ContentReplaceBehavior [ RunTime:0.000034s ]
INFO: [ template_filter ] --END-- [ RunTime:0.000078s ]
INFO: Run Behavior\ParseTemplateBehavior [ RunTime:0.005489s ]
INFO: [ view_parse ] --END-- [ RunTime:0.005530s ]
INFO: [ view_filter ] --START--
INFO: Run Behavior\WriteHtmlCacheBehavior [ RunTime:0.000160s ]
INFO: [ view_filter ] --END-- [ RunTime:0.000188s ]
INFO: [ app_end ] --START--
INFO: Run Behavior\ShowPageTraceBehavior [ RunTime:0.000393s ]
INFO: [ app_end ] --END-- [ RunTime:0.000421s ]

[ 2017-02-28T16:54:09+08:00 ] 127.0.0.1 /psd1611/16_ThinkPHP/Admin/Product/delimage
INFO: [ app_init ] --START--
INFO: Run Behavior\BuildLiteBehavior [ RunTime:0.000011s ]
INFO: [ app_init ] --END-- [ RunTime:0.000228s ]
INFO: [ app_begin ] --START--
INFO: Run Behavior\ReadHtmlCacheBehavior [ RunTime:0.000338s ]
INFO: [ app_begin ] --END-- [ RunTime:0.000368s ]
SQL: SHOW COLUMNS FROM `productimage` [ RunTime:0.0009s ]
SQL: DELETE FROM `productimage` WHERE ( id=1 ) [ RunTime:0.0115s ]

[ 2017-02-28T16:54:17+08:00 ] 127.0.0.1 /psd1611/16_ThinkPHP/Admin/Product/update/id/5
INFO: [ app_init ] --START--
INFO: Run Behavior\BuildLiteBehavior [ RunTime:0.000011s ]
INFO: [ app_init ] --END-- [ RunTime:0.000231s ]
INFO: [ app_begin ] --START--
INFO: Run Behavior\ReadHtmlCacheBehavior [ RunTime:0.000347s ]
INFO: [ app_begin ] --END-- [ RunTime:0.000382s ]
SQL: SHOW COLUMNS FROM `product` [ RunTime:0.0010s ]
SQL: SELECT * FROM `product` WHERE ( id=5 ) LIMIT 1   [ RunTime:0.0003s ]
SQL: SHOW COLUMNS FROM `productimage` [ RunTime:0.0012s ]
SQL: SELECT * FROM `productimage` WHERE ( productid=5 )  [ RunTime:0.0002s ]
INFO: [ view_parse ] --START--
INFO: [ template_filter ] --START--
INFO: Run Behavior\ContentReplaceBehavior [ RunTime:0.000052s ]
INFO: [ template_filter ] --END-- [ RunTime:0.000112s ]
INFO: Run Behavior\ParseTemplateBehavior [ RunTime:0.006792s ]
INFO: [ view_parse ] --END-- [ RunTime:0.006848s ]
INFO: [ view_filter ] --START--
INFO: Run Behavior\WriteHtmlCacheBehavior [ RunTime:0.000165s ]
INFO: [ view_filter ] --END-- [ RunTime:0.000206s ]
INFO: [ app_end ] --START--
INFO: Run Behavior\ShowPageTraceBehavior [ RunTime:0.000471s ]
INFO: [ app_end ] --END-- [ RunTime:0.000525s ]

[ 2017-02-28T16:57:19+08:00 ] 127.0.0.1 /psd1611/16_ThinkPHP/Admin/Product/delimage
INFO: [ app_init ] --START--
INFO: Run Behavior\BuildLiteBehavior [ RunTime:0.000011s ]
INFO: [ app_init ] --END-- [ RunTime:0.000247s ]
INFO: [ app_begin ] --START--
INFO: Run Behavior\ReadHtmlCacheBehavior [ RunTime:0.000386s ]
INFO: [ app_begin ] --END-- [ RunTime:0.000416s ]
NOTIC: [8] Undefined index: imagename D:\www\psd1611\16_ThinkPHP\Application\Admin\Controller\ProductController.class.php 第 75 行.
SQL: SHOW COLUMNS FROM `productimage` [ RunTime:0.0008s ]
SQL: DELETE FROM `productimage` WHERE ( id=3 ) [ RunTime:0.0221s ]
NOTIC: [2] unlink(./Public/upload/): Permission denied D:\www\psd1611\16_ThinkPHP\Application\Admin\Controller\ProductController.class.php 第 79 行.

[ 2017-02-28T16:57:28+08:00 ] 127.0.0.1 /psd1611/16_ThinkPHP/Admin/Product/oper
INFO: [ app_init ] --START--
INFO: Run Behavior\BuildLiteBehavior [ RunTime:0.000011s ]
INFO: [ app_init ] --END-- [ RunTime:0.000228s ]
INFO: [ app_begin ] --START--
INFO: Run Behavior\ReadHtmlCacheBehavior [ RunTime:0.000337s ]
INFO: [ app_begin ] --END-- [ RunTime:0.000371s ]
SQL: SHOW COLUMNS FROM `product` [ RunTime:0.0009s ]
SQL: SELECT * FROM `product`  [ RunTime:0.0002s ]
SQL: SHOW COLUMNS FROM `productimage` [ RunTime:0.0007s ]
SQL: SELECT * FROM `productimage` WHERE ( productid=1 ) LIMIT 1   [ RunTime:0.0001s ]
SQL: SELECT * FROM `productimage` WHERE ( productid=2 ) LIMIT 1   [ RunTime:0.0001s ]
SQL: SELECT * FROM `productimage` WHERE ( productid=3 ) LIMIT 1   [ RunTime:0.0001s ]
SQL: SELECT * FROM `productimage` WHERE ( productid=4 ) LIMIT 1   [ RunTime:0.0001s ]
SQL: SELECT * FROM `productimage` WHERE ( productid=5 ) LIMIT 1   [ RunTime:0.0001s ]
INFO: [ view_parse ] --START--
INFO: [ template_filter ] --START--
INFO: Run Behavior\ContentReplaceBehavior [ RunTime:0.000028s ]
INFO: [ template_filter ] --END-- [ RunTime:0.000064s ]
INFO: Run Behavior\ParseTemplateBehavior [ RunTime:0.004620s ]
INFO: [ view_parse ] --END-- [ RunTime:0.004663s ]
INFO: [ view_filter ] --START--
INFO: Run Behavior\WriteHtmlCacheBehavior [ RunTime:0.000152s ]
INFO: [ view_filter ] --END-- [ RunTime:0.000179s ]
INFO: [ app_end ] --START--
INFO: Run Behavior\ShowPageTraceBehavior [ RunTime:0.000395s ]
INFO: [ app_end ] --END-- [ RunTime:0.000425s ]

[ 2017-02-28T16:57:29+08:00 ] 127.0.0.1 /psd1611/16_ThinkPHP/Admin/Product/add
INFO: [ app_init ] --START--
INFO: Run Behavior\BuildLiteBehavior [ RunTime:0.000012s ]
INFO: [ app_init ] --END-- [ RunTime:0.000235s ]
INFO: [ app_begin ] --START--
INFO: Run Behavior\ReadHtmlCacheBehavior [ RunTime:0.000342s ]
INFO: [ app_begin ] --END-- [ RunTime:0.000374s ]
INFO: [ view_parse ] --START--
INFO: [ template_filter ] --START--
INFO: Run Behavior\ContentReplaceBehavior [ RunTime:0.000025s ]
INFO: [ template_filter ] --END-- [ RunTime:0.000058s ]
INFO: Run Behavior\ParseTemplateBehavior [ RunTime:0.003709s ]
INFO: [ view_parse ] --END-- [ RunTime:0.003759s ]
INFO: [ view_filter ] --START--
INFO: Run Behavior\WriteHtmlCacheBehavior [ RunTime:0.000150s ]
INFO: [ view_filter ] --END-- [ RunTime:0.000189s ]
INFO: [ app_end ] --START--
INFO: Run Behavior\ShowPageTraceBehavior [ RunTime:0.000447s ]
INFO: [ app_end ] --END-- [ RunTime:0.000488s ]

[ 2017-02-28T16:57:38+08:00 ] 127.0.0.1 /psd1611/16_ThinkPHP/Admin/Product/save
INFO: [ app_init ] --START--
INFO: Run Behavior\BuildLiteBehavior [ RunTime:0.000011s ]
INFO: [ app_init ] --END-- [ RunTime:0.000223s ]
INFO: [ app_begin ] --START--
INFO: Run Behavior\ReadHtmlCacheBehavior [ RunTime:0.000451s ]
INFO: [ app_begin ] --END-- [ RunTime:0.000496s ]
SQL: SHOW COLUMNS FROM `product` [ RunTime:0.0008s ]
SQL: INSERT INTO `product` (`title`,`price`) VALUES ('大是大非','10') [ RunTime:0.0195s ]
NOTIC: [2] call_user_func() expects parameter 1 to be a valid callback, no array or string given D:\www\psd1611\16_ThinkPHP\ThinkPHP\Library\Think\Upload.class.php 第 170 行.
NOTIC: [2] call_user_func() expects parameter 1 to be a valid callback, no array or string given D:\www\psd1611\16_ThinkPHP\ThinkPHP\Library\Think\Upload.class.php 第 170 行.
NOTIC: [2] call_user_func() expects parameter 1 to be a valid callback, no array or string given D:\www\psd1611\16_ThinkPHP\ThinkPHP\Library\Think\Upload.class.php 第 170 行.
SQL: SHOW COLUMNS FROM `productimage` [ RunTime:0.0009s ]
SQL: INSERT INTO `productimage` (`imagename`,`productid`) VALUES ('58b53b82b604b.jpg','6') [ RunTime:0.0158s ]
SQL: INSERT INTO `productimage` (`imagename`,`productid`) VALUES ('58b53b82b644f.jpg','6') [ RunTime:0.0122s ]
SQL: INSERT INTO `productimage` (`imagename`,`productid`) VALUES ('58b53b82b6765.jpg','6') [ RunTime:0.0122s ]
INFO: [ view_parse ] --START--
INFO: [ template_filter ] --START--
INFO: Run Behavior\ContentReplaceBehavior [ RunTime:0.000031s ]
INFO: [ template_filter ] --END-- [ RunTime:0.000070s ]
INFO: Run Behavior\ParseTemplateBehavior [ RunTime:0.005759s ]
INFO: [ view_parse ] --END-- [ RunTime:0.005796s ]
INFO: [ view_filter ] --START--
INFO: Run Behavior\WriteHtmlCacheBehavior [ RunTime:0.000465s ]
INFO: [ view_filter ] --END-- [ RunTime:0.000493s ]
INFO: [ app_end ] --START--
INFO: Run Behavior\ShowPageTraceBehavior [ RunTime:0.000687s ]
INFO: [ app_end ] --END-- [ RunTime:0.000716s ]

[ 2017-02-28T16:57:39+08:00 ] 127.0.0.1 /psd1611/16_ThinkPHP/Admin/Product/oper.html
INFO: [ app_init ] --START--
INFO: Run Behavior\BuildLiteBehavior [ RunTime:0.000016s ]
INFO: [ app_init ] --END-- [ RunTime:0.000369s ]
INFO: [ app_begin ] --START--
INFO: Run Behavior\ReadHtmlCacheBehavior [ RunTime:0.000565s ]
INFO: [ app_begin ] --END-- [ RunTime:0.000599s ]
SQL: SHOW COLUMNS FROM `product` [ RunTime:0.0008s ]
SQL: SELECT * FROM `product`  [ RunTime:0.0002s ]
SQL: SHOW COLUMNS FROM `productimage` [ RunTime:0.0008s ]
SQL: SELECT * FROM `productimage` WHERE ( productid=1 ) LIMIT 1   [ RunTime:0.0001s ]
SQL: SELECT * FROM `productimage` WHERE ( productid=2 ) LIMIT 1   [ RunTime:0.0001s ]
SQL: SELECT * FROM `productimage` WHERE ( productid=3 ) LIMIT 1   [ RunTime:0.0001s ]
SQL: SELECT * FROM `productimage` WHERE ( productid=4 ) LIMIT 1   [ RunTime:0.0001s ]
SQL: SELECT * FROM `productimage` WHERE ( productid=5 ) LIMIT 1   [ RunTime:0.0001s ]
SQL: SELECT * FROM `productimage` WHERE ( productid=6 ) LIMIT 1   [ RunTime:0.0001s ]
INFO: [ view_parse ] --START--
INFO: [ template_filter ] --START--
INFO: Run Behavior\ContentReplaceBehavior [ RunTime:0.000029s ]
INFO: [ template_filter ] --END-- [ RunTime:0.000065s ]
INFO: Run Behavior\ParseTemplateBehavior [ RunTime:0.005258s ]
INFO: [ view_parse ] --END-- [ RunTime:0.005298s ]
INFO: [ view_filter ] --START--
INFO: Run Behavior\WriteHtmlCacheBehavior [ RunTime:0.000438s ]
INFO: [ view_filter ] --END-- [ RunTime:0.000477s ]
INFO: [ app_end ] --START--
INFO: Run Behavior\ShowPageTraceBehavior [ RunTime:0.000874s ]
INFO: [ app_end ] --END-- [ RunTime:0.000945s ]

[ 2017-02-28T16:57:44+08:00 ] 127.0.0.1 /psd1611/16_ThinkPHP/Admin/Product/update/id/6
INFO: [ app_init ] --START--
INFO: Run Behavior\BuildLiteBehavior [ RunTime:0.000011s ]
INFO: [ app_init ] --END-- [ RunTime:0.000298s ]
INFO: [ app_begin ] --START--
INFO: Run Behavior\ReadHtmlCacheBehavior [ RunTime:0.000692s ]
INFO: [ app_begin ] --END-- [ RunTime:0.000732s ]
SQL: SHOW COLUMNS FROM `product` [ RunTime:0.0009s ]
SQL: SELECT * FROM `product` WHERE ( id=6 ) LIMIT 1   [ RunTime:0.0003s ]
SQL: SHOW COLUMNS FROM `productimage` [ RunTime:0.0009s ]
SQL: SELECT * FROM `productimage` WHERE ( productid=6 )  [ RunTime:0.0002s ]
INFO: [ view_parse ] --START--
INFO: [ template_filter ] --START--
INFO: Run Behavior\ContentReplaceBehavior [ RunTime:0.000037s ]
INFO: [ template_filter ] --END-- [ RunTime:0.000084s ]
INFO: Run Behavior\ParseTemplateBehavior [ RunTime:0.005961s ]
INFO: [ view_parse ] --END-- [ RunTime:0.006003s ]
INFO: [ view_filter ] --START--
INFO: Run Behavior\WriteHtmlCacheBehavior [ RunTime:0.000338s ]
INFO: [ view_filter ] --END-- [ RunTime:0.000373s ]
INFO: [ app_end ] --START--
INFO: Run Behavior\ShowPageTraceBehavior [ RunTime:0.000551s ]
INFO: [ app_end ] --END-- [ RunTime:0.000584s ]

[ 2017-02-28T16:57:47+08:00 ] 127.0.0.1 /psd1611/16_ThinkPHP/Admin/Product/update/id/6
INFO: [ app_init ] --START--
INFO: Run Behavior\BuildLiteBehavior [ RunTime:0.000020s ]
INFO: [ app_init ] --END-- [ RunTime:0.000384s ]
INFO: [ app_begin ] --START--
INFO: Run Behavior\ReadHtmlCacheBehavior [ RunTime:0.000577s ]
INFO: [ app_begin ] --END-- [ RunTime:0.000615s ]
SQL: SHOW COLUMNS FROM `product` [ RunTime:0.0008s ]
SQL: SELECT * FROM `product` WHERE ( id=6 ) LIMIT 1   [ RunTime:0.0002s ]
SQL: SHOW COLUMNS FROM `productimage` [ RunTime:0.0007s ]
SQL: SELECT * FROM `productimage` WHERE ( productid=6 )  [ RunTime:0.0002s ]
INFO: [ view_parse ] --START--
INFO: [ template_filter ] --START--
INFO: Run Behavior\ContentReplaceBehavior [ RunTime:0.000035s ]
INFO: [ template_filter ] --END-- [ RunTime:0.000077s ]
INFO: Run Behavior\ParseTemplateBehavior [ RunTime:0.005965s ]
INFO: [ view_parse ] --END-- [ RunTime:0.006011s ]
INFO: [ view_filter ] --START--
INFO: Run Behavior\WriteHtmlCacheBehavior [ RunTime:0.000333s ]
INFO: [ view_filter ] --END-- [ RunTime:0.000368s ]
INFO: [ app_end ] --START--
INFO: Run Behavior\ShowPageTraceBehavior [ RunTime:0.000555s ]
INFO: [ app_end ] --END-- [ RunTime:0.000588s ]

[ 2017-02-28T16:57:47+08:00 ] 127.0.0.1 /psd1611/16_ThinkPHP/Admin/Product/update/id/6
INFO: [ app_init ] --START--
INFO: Run Behavior\BuildLiteBehavior [ RunTime:0.000012s ]
INFO: [ app_init ] --END-- [ RunTime:0.000288s ]
INFO: [ app_begin ] --START--
INFO: Run Behavior\ReadHtmlCacheBehavior [ RunTime:0.000750s ]
INFO: [ app_begin ] --END-- [ RunTime:0.000799s ]
SQL: SHOW COLUMNS FROM `product` [ RunTime:0.0009s ]
SQL: SELECT * FROM `product` WHERE ( id=6 ) LIMIT 1   [ RunTime:0.0002s ]
SQL: SHOW COLUMNS FROM `productimage` [ RunTime:0.0008s ]
SQL: SELECT * FROM `productimage` WHERE ( productid=6 )  [ RunTime:0.0002s ]
INFO: [ view_parse ] --START--
INFO: [ template_filter ] --START--
INFO: Run Behavior\ContentReplaceBehavior [ RunTime:0.000034s ]
INFO: [ template_filter ] --END-- [ RunTime:0.000073s ]
INFO: Run Behavior\ParseTemplateBehavior [ RunTime:0.005905s ]
INFO: [ view_parse ] --END-- [ RunTime:0.005954s ]
INFO: [ view_filter ] --START--
INFO: Run Behavior\WriteHtmlCacheBehavior [ RunTime:0.000343s ]
INFO: [ view_filter ] --END-- [ RunTime:0.000378s ]
INFO: [ app_end ] --START--
INFO: Run Behavior\ShowPageTraceBehavior [ RunTime:0.000582s ]
INFO: [ app_end ] --END-- [ RunTime:0.000616s ]

[ 2017-02-28T16:57:47+08:00 ] 127.0.0.1 /psd1611/16_ThinkPHP/Admin/Product/update/id/6
INFO: [ app_init ] --START--
INFO: Run Behavior\BuildLiteBehavior [ RunTime:0.000015s ]
INFO: [ app_init ] --END-- [ RunTime:0.000420s ]
INFO: [ app_begin ] --START--
INFO: Run Behavior\ReadHtmlCacheBehavior [ RunTime:0.000636s ]
INFO: [ app_begin ] --END-- [ RunTime:0.000679s ]
SQL: SHOW COLUMNS FROM `product` [ RunTime:0.0011s ]
SQL: SELECT * FROM `product` WHERE ( id=6 ) LIMIT 1   [ RunTime:0.0002s ]
SQL: SHOW COLUMNS FROM `productimage` [ RunTime:0.0008s ]
SQL: SELECT * FROM `productimage` WHERE ( productid=6 )  [ RunTime:0.0002s ]
INFO: [ view_parse ] --START--
INFO: [ template_filter ] --START--
INFO: Run Behavior\ContentReplaceBehavior [ RunTime:0.000033s ]
INFO: [ template_filter ] --END-- [ RunTime:0.000070s ]
INFO: Run Behavior\ParseTemplateBehavior [ RunTime:0.005563s ]
INFO: [ view_parse ] --END-- [ RunTime:0.005616s ]
INFO: [ view_filter ] --START--
INFO: Run Behavior\WriteHtmlCacheBehavior [ RunTime:0.000396s ]
INFO: [ view_filter ] --END-- [ RunTime:0.000437s ]
INFO: [ app_end ] --START--
INFO: Run Behavior\ShowPageTraceBehavior [ RunTime:0.000571s ]
INFO: [ app_end ] --END-- [ RunTime:0.000610s ]

[ 2017-02-28T16:57:48+08:00 ] 127.0.0.1 /psd1611/16_ThinkPHP/Admin/Product/update/id/6
INFO: [ app_init ] --START--
INFO: Run Behavior\BuildLiteBehavior [ RunTime:0.000013s ]
INFO: [ app_init ] --END-- [ RunTime:0.000292s ]
INFO: [ app_begin ] --START--
INFO: Run Behavior\ReadHtmlCacheBehavior [ RunTime:0.000549s ]
INFO: [ app_begin ] --END-- [ RunTime:0.000582s ]
SQL: SHOW COLUMNS FROM `product` [ RunTime:0.0010s ]
SQL: SELECT * FROM `product` WHERE ( id=6 ) LIMIT 1   [ RunTime:0.0002s ]
SQL: SHOW COLUMNS FROM `productimage` [ RunTime:0.0008s ]
SQL: SELECT * FROM `productimage` WHERE ( productid=6 )  [ RunTime:0.0002s ]
INFO: [ view_parse ] --START--
INFO: [ template_filter ] --START--
INFO: Run Behavior\ContentReplaceBehavior [ RunTime:0.000034s ]
INFO: [ template_filter ] --END-- [ RunTime:0.000076s ]
INFO: Run Behavior\ParseTemplateBehavior [ RunTime:0.005964s ]
INFO: [ view_parse ] --END-- [ RunTime:0.006007s ]
INFO: [ view_filter ] --START--
INFO: Run Behavior\WriteHtmlCacheBehavior [ RunTime:0.000329s ]
INFO: [ view_filter ] --END-- [ RunTime:0.000370s ]
INFO: [ app_end ] --START--
INFO: Run Behavior\ShowPageTraceBehavior [ RunTime:0.000557s ]
INFO: [ app_end ] --END-- [ RunTime:0.000591s ]

[ 2017-02-28T16:58:00+08:00 ] 127.0.0.1 /psd1611/16_ThinkPHP/Admin/Product/delimage
INFO: [ app_init ] --START--
INFO: Run Behavior\BuildLiteBehavior [ RunTime:0.000014s ]
INFO: [ app_init ] --END-- [ RunTime:0.000327s ]
INFO: [ app_begin ] --START--
INFO: Run Behavior\ReadHtmlCacheBehavior [ RunTime:0.000583s ]
INFO: [ app_begin ] --END-- [ RunTime:0.000627s ]
SQL: SHOW COLUMNS FROM `productimage` [ RunTime:0.0009s ]
SQL: DELETE FROM `productimage` WHERE ( id=6 ) [ RunTime:0.0301s ]

