[ 2017-02-25T14:37:09+08:00 ] 172.165.101.226 /psd1611/16_ThinkPHP/Admin/News/oper
INFO: [ app_init ] --START--
INFO: Run Behavior\BuildLiteBehavior [ RunTime:0.000011s ]
INFO: [ app_init ] --END-- [ RunTime:0.000241s ]
INFO: [ app_begin ] --START--
INFO: Run Behavior\ReadHtmlCacheBehavior [ RunTime:0.000388s ]
INFO: [ app_begin ] --END-- [ RunTime:0.000425s ]
SQL: SHOW COLUMNS FROM `type` [ RunTime:0.0011s ]
SQL: SELECT * FROM `type` WHERE ( fid=0 and state<9 )  [ RunTime:0.0002s ]
SQL: SELECT * FROM `type` WHERE ( fid=1 and state<9 )  [ RunTime:0.0002s ]
SQL: SELECT * FROM `type` WHERE ( fid=2 and state<9 )  [ RunTime:0.0002s ]
SQL: SELECT * FROM `type` WHERE ( fid=3 and state<9 )  [ RunTime:0.0002s ]
SQL: SHOW COLUMNS FROM `news` [ RunTime:0.0010s ]
SQL: SELECT n.*,t.tname FROM news n INNER JOIN type as t on n.typeid=t.id  ORDER BY n.id desc  [ RunTime:0.0005s ]
INFO: [ view_parse ] --START--
INFO: [ template_filter ] --START--
INFO: Run Behavior\ContentReplaceBehavior [ RunTime:0.000028s ]
INFO: [ template_filter ] --END-- [ RunTime:0.000063s ]
NOTIC: [8] Undefined index: typeid D:\www\psd1611\16_ThinkPHP\Application\Runtime\Cache\Admin\f82fc21c143b9086256feca5dae7194a.php 第 42 行.
INFO: Run Behavior\ParseTemplateBehavior [ RunTime:0.005117s ]
INFO: [ view_parse ] --END-- [ RunTime:0.005149s ]
INFO: [ view_filter ] --START--
INFO: Run Behavior\WriteHtmlCacheBehavior [ RunTime:0.000154s ]
INFO: [ view_filter ] --END-- [ RunTime:0.000183s ]
INFO: [ app_end ] --START--
INFO: Run Behavior\ShowPageTraceBehavior [ RunTime:0.000369s ]
INFO: [ app_end ] --END-- [ RunTime:0.000400s ]

[ 2017-02-25T14:37:14+08:00 ] 172.165.101.226 /psd1611/16_ThinkPHP/Admin/News/update/id/61
INFO: [ app_init ] --START--
INFO: Run Behavior\BuildLiteBehavior [ RunTime:0.000011s ]
INFO: [ app_init ] --END-- [ RunTime:0.000222s ]
INFO: [ app_begin ] --START--
INFO: Run Behavior\ReadHtmlCacheBehavior [ RunTime:0.000341s ]
INFO: [ app_begin ] --END-- [ RunTime:0.000374s ]
SQL: SHOW COLUMNS FROM `type` [ RunTime:0.0009s ]
SQL: SELECT * FROM `type` WHERE ( fid=0 and state<9 )  [ RunTime:0.0002s ]
SQL: SELECT * FROM `type` WHERE ( fid=1 and state<9 )  [ RunTime:0.0002s ]
SQL: SELECT * FROM `type` WHERE ( fid=2 and state<9 )  [ RunTime:0.0002s ]
SQL: SELECT * FROM `type` WHERE ( fid=3 and state<9 )  [ RunTime:0.0002s ]
SQL: SHOW COLUMNS FROM `news` [ RunTime:0.0008s ]
SQL: SELECT * FROM `news` WHERE ( id=61 ) LIMIT 1   [ RunTime:0.0001s ]
INFO: [ view_parse ] --START--
INFO: [ template_filter ] --START--
INFO: Run Behavior\ContentReplaceBehavior [ RunTime:0.000028s ]
INFO: [ template_filter ] --END-- [ RunTime:0.000070s ]
INFO: Run Behavior\ParseTemplateBehavior [ RunTime:0.004013s ]
INFO: [ view_parse ] --END-- [ RunTime:0.004054s ]
INFO: [ view_filter ] --START--
INFO: Run Behavior\WriteHtmlCacheBehavior [ RunTime:0.000118s ]
INFO: [ view_filter ] --END-- [ RunTime:0.000145s ]
INFO: [ app_end ] --START--
INFO: Run Behavior\ShowPageTraceBehavior [ RunTime:0.000343s ]
INFO: [ app_end ] --END-- [ RunTime:0.000372s ]

[ 2017-02-25T14:37:18+08:00 ] 172.165.101.226 /psd1611/16_ThinkPHP/Admin/News/add
INFO: [ app_init ] --START--
INFO: Run Behavior\BuildLiteBehavior [ RunTime:0.000011s ]
INFO: [ app_init ] --END-- [ RunTime:0.000283s ]
INFO: [ app_begin ] --START--
INFO: Run Behavior\ReadHtmlCacheBehavior [ RunTime:0.000354s ]
INFO: [ app_begin ] --END-- [ RunTime:0.000390s ]
SQL: SHOW COLUMNS FROM `type` [ RunTime:0.0010s ]
SQL: SELECT * FROM `type` WHERE ( fid=0 and state<9 )  [ RunTime:0.0003s ]
SQL: SELECT * FROM `type` WHERE ( fid=1 and state<9 )  [ RunTime:0.0002s ]
SQL: SELECT * FROM `type` WHERE ( fid=2 and state<9 )  [ RunTime:0.0002s ]
SQL: SELECT * FROM `type` WHERE ( fid=3 and state<9 )  [ RunTime:0.0002s ]
INFO: [ view_parse ] --START--
INFO: [ template_filter ] --START--
INFO: Run Behavior\ContentReplaceBehavior [ RunTime:0.000027s ]
INFO: [ template_filter ] --END-- [ RunTime:0.000062s ]
INFO: Run Behavior\ParseTemplateBehavior [ RunTime:0.003880s ]
INFO: [ view_parse ] --END-- [ RunTime:0.003915s ]
INFO: [ view_filter ] --START--
INFO: Run Behavior\WriteHtmlCacheBehavior [ RunTime:0.000118s ]
INFO: [ view_filter ] --END-- [ RunTime:0.000145s ]
INFO: [ app_end ] --START--
INFO: Run Behavior\ShowPageTraceBehavior [ RunTime:0.000345s ]
INFO: [ app_end ] --END-- [ RunTime:0.000374s ]

[ 2017-02-25T15:39:49+08:00 ] 172.165.101.226 /psd1611/16_ThinkPHP/Admin/News/oper?typeid=8
INFO: [ app_init ] --START--
INFO: Run Behavior\BuildLiteBehavior [ RunTime:0.000010s ]
INFO: [ app_init ] --END-- [ RunTime:0.000232s ]
INFO: [ app_begin ] --START--
INFO: Run Behavior\ReadHtmlCacheBehavior [ RunTime:0.000440s ]
INFO: [ app_begin ] --END-- [ RunTime:0.000472s ]
SQL: SHOW COLUMNS FROM `type` [ RunTime:0.0009s ]
SQL: SELECT * FROM `type` WHERE ( fid=0 and state<9 )  [ RunTime:0.0002s ]
SQL: SELECT * FROM `type` WHERE ( fid=1 and state<9 )  [ RunTime:0.0001s ]
SQL: SELECT * FROM `type` WHERE ( fid=2 and state<9 )  [ RunTime:0.0001s ]
SQL: SELECT * FROM `type` WHERE ( fid=3 and state<9 )  [ RunTime:0.0001s ]
SQL: SHOW COLUMNS FROM `news` [ RunTime:0.0008s ]
SQL: SELECT n.*,t.tname FROM news n INNER JOIN type as t on n.typeid=t.id  WHERE ( typeid=8 ) ORDER BY n.id desc  [ RunTime:0.0003s ]
INFO: [ view_parse ] --START--
INFO: [ template_filter ] --START--
INFO: Run Behavior\ContentReplaceBehavior [ RunTime:0.000030s ]
INFO: [ template_filter ] --END-- [ RunTime:0.000063s ]
INFO: Run Behavior\ParseTemplateBehavior [ RunTime:0.005025s ]
INFO: [ view_parse ] --END-- [ RunTime:0.005061s ]
INFO: [ view_filter ] --START--
INFO: Run Behavior\WriteHtmlCacheBehavior [ RunTime:0.000218s ]
INFO: [ view_filter ] --END-- [ RunTime:0.000247s ]
INFO: [ app_end ] --START--
INFO: Run Behavior\ShowPageTraceBehavior [ RunTime:0.000434s ]
INFO: [ app_end ] --END-- [ RunTime:0.000461s ]

[ 2017-02-25T15:39:50+08:00 ] 172.165.101.226 /psd1611/16_ThinkPHP/Admin/News/oper?typeid=8
INFO: [ app_init ] --START--
INFO: Run Behavior\BuildLiteBehavior [ RunTime:0.000010s ]
INFO: [ app_init ] --END-- [ RunTime:0.000234s ]
INFO: [ app_begin ] --START--
INFO: Run Behavior\ReadHtmlCacheBehavior [ RunTime:0.000428s ]
INFO: [ app_begin ] --END-- [ RunTime:0.000461s ]
SQL: SHOW COLUMNS FROM `type` [ RunTime:0.0009s ]
SQL: SELECT * FROM `type` WHERE ( fid=0 and state<9 )  [ RunTime:0.0003s ]
SQL: SELECT * FROM `type` WHERE ( fid=1 and state<9 )  [ RunTime:0.0002s ]
SQL: SELECT * FROM `type` WHERE ( fid=2 and state<9 )  [ RunTime:0.0002s ]
SQL: SELECT * FROM `type` WHERE ( fid=3 and state<9 )  [ RunTime:0.0002s ]
SQL: SHOW COLUMNS FROM `news` [ RunTime:0.0008s ]
SQL: SELECT n.*,t.tname FROM news n INNER JOIN type as t on n.typeid=t.id  WHERE ( typeid=8 ) ORDER BY n.id desc  [ RunTime:0.0003s ]
INFO: [ view_parse ] --START--
INFO: [ template_filter ] --START--
INFO: Run Behavior\ContentReplaceBehavior [ RunTime:0.000029s ]
INFO: [ template_filter ] --END-- [ RunTime:0.000063s ]
INFO: Run Behavior\ParseTemplateBehavior [ RunTime:0.005094s ]
INFO: [ view_parse ] --END-- [ RunTime:0.005133s ]
INFO: [ view_filter ] --START--
INFO: Run Behavior\WriteHtmlCacheBehavior [ RunTime:0.000209s ]
INFO: [ view_filter ] --END-- [ RunTime:0.000238s ]
INFO: [ app_end ] --START--
INFO: Run Behavior\ShowPageTraceBehavior [ RunTime:0.000431s ]
INFO: [ app_end ] --END-- [ RunTime:0.000460s ]

[ 2017-02-25T15:47:57+08:00 ] 172.165.101.226 /psd1611/16_ThinkPHP/Admin/News/oper?typeid=8
INFO: [ app_init ] --START--
INFO: Run Behavior\BuildLiteBehavior [ RunTime:0.000010s ]
INFO: [ app_init ] --END-- [ RunTime:0.000239s ]
INFO: [ app_begin ] --START--
INFO: Run Behavior\ReadHtmlCacheBehavior [ RunTime:0.000386s ]
INFO: [ app_begin ] --END-- [ RunTime:0.000421s ]
SQL: SHOW COLUMNS FROM `type` [ RunTime:0.0009s ]
SQL: SELECT * FROM `type` WHERE ( fid=0 and state<9 )  [ RunTime:0.0002s ]
SQL: SELECT * FROM `type` WHERE ( fid=1 and state<9 )  [ RunTime:0.0001s ]
SQL: SELECT * FROM `type` WHERE ( fid=2 and state<9 )  [ RunTime:0.0001s ]
SQL: SELECT * FROM `type` WHERE ( fid=3 and state<9 )  [ RunTime:0.0001s ]
SQL: SHOW COLUMNS FROM `news` [ RunTime:0.0008s ]
SQL: SELECT n.*,t.tname FROM news n INNER JOIN type as t on n.typeid=t.id  WHERE ( typeid=8 ) ORDER BY n.id desc  [ RunTime:0.0003s ]
INFO: [ view_parse ] --START--
INFO: [ template_filter ] --START--
INFO: Run Behavior\ContentReplaceBehavior [ RunTime:0.000029s ]
INFO: [ template_filter ] --END-- [ RunTime:0.000062s ]
INFO: Run Behavior\ParseTemplateBehavior [ RunTime:0.004889s ]
INFO: [ view_parse ] --END-- [ RunTime:0.004930s ]
INFO: [ view_filter ] --START--
INFO: Run Behavior\WriteHtmlCacheBehavior [ RunTime:0.000159s ]
INFO: [ view_filter ] --END-- [ RunTime:0.000187s ]
INFO: [ app_end ] --START--
INFO: Run Behavior\ShowPageTraceBehavior [ RunTime:0.000369s ]
INFO: [ app_end ] --END-- [ RunTime:0.000397s ]

